Error processing line 1 of /home/pgrad1/2712549y/.local/lib/python3.10/site-packages/distutils-precedence.pth:

  Traceback (most recent call last):
    File "/usr/lib/python3.10/site.py", line 192, in addpackage
      exec(line)
    File "<string>", line 1, in <module>
  AttributeError: module '_distutils_hack' has no attribute 'add_shim'

Remainder of file ignored

--- Attempt 1 ---
[INFO] HR fraction = 0.087, seed = 120118
[FAIL] Attempt 1: Numerical error found in simulation logs.
Unable to pinpoint source of NaN, an error occurred:
Method requires a simulation log containing all states and bound variables. Missing variable <0.INa_h_gate.h>.

--- Attempt 2 ---
[INFO] HR fraction = 0.104, seed = 912121
[FAIL] Attempt 2: Numerical error found in simulation logs.
Unable to pinpoint source of NaN, an error occurred:
Method requires a simulation log containing all states and bound variables. Missing variable <0.INa_h_gate.h>.

--- Attempt 3 ---
[INFO] HR fraction = 0.105, seed = 677967
[FAIL] Attempt 3: Numerical error found in simulation logs.
Unable to pinpoint source of NaN, an error occurred:
Method requires a simulation log containing all states and bound variables. Missing variable <0.INa_h_gate.h>.

--- Attempt 4 ---
[INFO] HR fraction = 0.101, seed = 324942
[FAIL] Attempt 4: Numerical error found in simulation logs.
Unable to pinpoint source of NaN, an error occurred:
Method requires a simulation log containing all states and bound variables. Missing variable <0.INa_h_gate.h>.

--- Attempt 5 ---
[INFO] HR fraction = 0.098, seed = 409031
[FAIL] Attempt 5: Numerical error found in simulation logs.
Unable to pinpoint source of NaN, an error occurred:
Method requires a simulation log containing all states and bound variables. Missing variable <0.INa_h_gate.h>.

--- Attempt 6 ---
[INFO] HR fraction = 0.089, seed = 184672
[FAIL] Attempt 6: Numerical error found in simulation logs.
Unable to pinpoint source of NaN, an error occurred:
Method requires a simulation log containing all states and bound variables. Missing variable <0.INa_h_gate.h>.

--- Attempt 7 ---
[INFO] HR fraction = 0.098, seed = 491240
[FAIL] Attempt 7: Numerical error found in simulation logs.
Unable to pinpoint source of NaN, an error occurred:
Method requires a simulation log containing all states and bound variables. Missing variable <0.INa_h_gate.h>.

--- Attempt 8 ---
[INFO] HR fraction = 0.100, seed = 674244
[FAIL] Attempt 8: Numerical error found in simulation logs.
Unable to pinpoint source of NaN, an error occurred:
Method requires a simulation log containing all states and bound variables. Missing variable <0.INa_h_gate.h>.

--- Attempt 9 ---
[INFO] HR fraction = 0.096, seed = 880124
[FAIL] Attempt 9: Numerical error found in simulation logs.
Unable to pinpoint source of NaN, an error occurred:
Method requires a simulation log containing all states and bound variables. Missing variable <0.INa_h_gate.h>.

--- Attempt 10 ---
[INFO] HR fraction = 0.099, seed = 210903
[FAIL] Attempt 10: Numerical error found in simulation logs.
Unable to pinpoint source of NaN, an error occurred:
Method requires a simulation log containing all states and bound variables. Missing variable <0.INa_h_gate.h>.

--- Attempt 11 ---
[INFO] HR fraction = 0.095, seed = 985596
[FAIL] Attempt 11: Numerical error found in simulation logs.
Unable to pinpoint source of NaN, an error occurred:
Method requires a simulation log containing all states and bound variables. Missing variable <0.INa_h_gate.h>.

--- Attempt 12 ---
[INFO] HR fraction = 0.086, seed = 41063
[FAIL] Attempt 12: Numerical error found in simulation logs.
Unable to pinpoint source of NaN, an error occurred:
Method requires a simulation log containing all states and bound variables. Missing variable <0.INa_h_gate.h>.

--- Attempt 13 ---
[INFO] HR fraction = 0.106, seed = 271634
[FAIL] Attempt 13: Numerical error found in simulation logs.
Unable to pinpoint source of NaN, an error occurred:
Method requires a simulation log containing all states and bound variables. Missing variable <0.INa_h_gate.h>.

--- Attempt 14 ---
[INFO] HR fraction = 0.085, seed = 777088
[FAIL] Attempt 14: Numerical error found in simulation logs.
Unable to pinpoint source of NaN, an error occurred:
Method requires a simulation log containing all states and bound variables. Missing variable <0.INa_h_gate.h>.

--- Attempt 15 ---
[INFO] HR fraction = 0.119, seed = 308323
[FAIL] Attempt 15: Numerical error found in simulation logs.
Unable to pinpoint source of NaN, an error occurred:
Method requires a simulation log containing all states and bound variables. Missing variable <0.INa_h_gate.h>.

--- Attempt 16 ---
[INFO] HR fraction = 0.100, seed = 263613
[FAIL] Attempt 16: Numerical error found in simulation logs.
Unable to pinpoint source of NaN, an error occurred:
Method requires a simulation log containing all states and bound variables. Missing variable <0.INa_h_gate.h>.

--- Attempt 17 ---
[INFO] HR fraction = 0.102, seed = 440535
[FAIL] Attempt 17: Numerical error found in simulation logs.
Unable to pinpoint source of NaN, an error occurred:
Method requires a simulation log containing all states and bound variables. Missing variable <0.INa_h_gate.h>.

--- Attempt 18 ---
[INFO] HR fraction = 0.110, seed = 702820
[FAIL] Attempt 18: Numerical error found in simulation logs.
Unable to pinpoint source of NaN, an error occurred:
Method requires a simulation log containing all states and bound variables. Missing variable <0.INa_h_gate.h>.

--- Attempt 19 ---
[INFO] HR fraction = 0.101, seed = 592874
[FAIL] Attempt 19: Numerical error found in simulation logs.
Unable to pinpoint source of NaN, an error occurred:
Method requires a simulation log containing all states and bound variables. Missing variable <0.INa_h_gate.h>.

--- Attempt 20 ---
[INFO] HR fraction = 0.115, seed = 727482
[FAIL] Attempt 20: Numerical error found in simulation logs.
Unable to pinpoint source of NaN, an error occurred:
Method requires a simulation log containing all states and bound variables. Missing variable <0.INa_h_gate.h>.

--- Attempt 21 ---
[INFO] HR fraction = 0.090, seed = 158922
[FAIL] Attempt 21: Numerical error found in simulation logs.
Unable to pinpoint source of NaN, an error occurred:
Method requires a simulation log containing all states and bound variables. Missing variable <0.INa_h_gate.h>.

--- Attempt 22 ---
[INFO] HR fraction = 0.090, seed = 636632
[FAIL] Attempt 22: Numerical error found in simulation logs.
Unable to pinpoint source of NaN, an error occurred:
Method requires a simulation log containing all states and bound variables. Missing variable <0.INa_h_gate.h>.

--- Attempt 23 ---
[INFO] HR fraction = 0.104, seed = 285837
[FAIL] Attempt 23: Numerical error found in simulation logs.
Unable to pinpoint source of NaN, an error occurred:
Method requires a simulation log containing all states and bound variables. Missing variable <0.INa_h_gate.h>.

--- Attempt 24 ---
[INFO] HR fraction = 0.105, seed = 341465
[FAIL] Attempt 24: Numerical error found in simulation logs.
Unable to pinpoint source of NaN, an error occurred:
Method requires a simulation log containing all states and bound variables. Missing variable <0.INa_h_gate.h>.

--- Attempt 25 ---
[INFO] HR fraction = 0.085, seed = 553767
[FAIL] Attempt 25: Numerical error found in simulation logs.
Unable to pinpoint source of NaN, an error occurred:
Method requires a simulation log containing all states and bound variables. Missing variable <0.INa_h_gate.h>.

--- Attempt 26 ---
[INFO] HR fraction = 0.086, seed = 267893
[FAIL] Attempt 26: Numerical error found in simulation logs.
Unable to pinpoint source of NaN, an error occurred:
Method requires a simulation log containing all states and bound variables. Missing variable <0.INa_h_gate.h>.

--- Attempt 27 ---
[INFO] HR fraction = 0.081, seed = 993888
[FAIL] Attempt 27: Numerical error found in simulation logs.
Unable to pinpoint source of NaN, an error occurred:
Method requires a simulation log containing all states and bound variables. Missing variable <0.INa_h_gate.h>.

--- Attempt 28 ---
[INFO] HR fraction = 0.086, seed = 462163
[FAIL] Attempt 28: Numerical error found in simulation logs.
Unable to pinpoint source of NaN, an error occurred:
Method requires a simulation log containing all states and bound variables. Missing variable <0.INa_h_gate.h>.

--- Attempt 29 ---
[INFO] HR fraction = 0.087, seed = 227024
[FAIL] Attempt 29: Numerical error found in simulation logs.
Unable to pinpoint source of NaN, an error occurred:
Method requires a simulation log containing all states and bound variables. Missing variable <0.INa_h_gate.h>.

--- Attempt 30 ---
[INFO] HR fraction = 0.100, seed = 761188
[FAIL] Attempt 30: Numerical error found in simulation logs.
Unable to pinpoint source of NaN, an error occurred:
Method requires a simulation log containing all states and bound variables. Missing variable <0.INa_h_gate.h>.

--- Attempt 31 ---
[INFO] HR fraction = 0.089, seed = 355825
[FAIL] Attempt 31: Numerical error found in simulation logs.
Unable to pinpoint source of NaN, an error occurred:
Method requires a simulation log containing all states and bound variables. Missing variable <0.INa_h_gate.h>.

--- Attempt 32 ---
[INFO] HR fraction = 0.104, seed = 685199
[FAIL] Attempt 32: Numerical error found in simulation logs.
Unable to pinpoint source of NaN, an error occurred:
Method requires a simulation log containing all states and bound variables. Missing variable <0.INa_h_gate.h>.

--- Attempt 33 ---
[INFO] HR fraction = 0.092, seed = 535081
[FAIL] Attempt 33: Numerical error found in simulation logs.
Unable to pinpoint source of NaN, an error occurred:
Method requires a simulation log containing all states and bound variables. Missing variable <0.INa_h_gate.h>.

--- Attempt 34 ---
[INFO] HR fraction = 0.094, seed = 571653
[FAIL] Attempt 34: Numerical error found in simulation logs.
Unable to pinpoint source of NaN, an error occurred:
Method requires a simulation log containing all states and bound variables. Missing variable <0.INa_h_gate.h>.

--- Attempt 35 ---
[INFO] HR fraction = 0.109, seed = 493922
[FAIL] Attempt 35: Numerical error found in simulation logs.
Unable to pinpoint source of NaN, an error occurred:
Method requires a simulation log containing all states and bound variables. Missing variable <0.INa_h_gate.h>.

--- Attempt 36 ---
[INFO] HR fraction = 0.110, seed = 262559
[FAIL] Attempt 36: Numerical error found in simulation logs.
Unable to pinpoint source of NaN, an error occurred:
Method requires a simulation log containing all states and bound variables. Missing variable <0.INa_h_gate.h>.

--- Attempt 37 ---
[INFO] HR fraction = 0.079, seed = 140913
[FAIL] Attempt 37: Numerical error found in simulation logs.
Unable to pinpoint source of NaN, an error occurred:
Method requires a simulation log containing all states and bound variables. Missing variable <0.INa_h_gate.h>.

--- Attempt 38 ---
[INFO] HR fraction = 0.087, seed = 133108
[FAIL] Attempt 38: Numerical error found in simulation logs.
Unable to pinpoint source of NaN, an error occurred:
Method requires a simulation log containing all states and bound variables. Missing variable <0.INa_h_gate.h>.

--- Attempt 39 ---
[INFO] HR fraction = 0.117, seed = 203288
[FAIL] Attempt 39: Numerical error found in simulation logs.
Unable to pinpoint source of NaN, an error occurred:
Method requires a simulation log containing all states and bound variables. Missing variable <0.INa_h_gate.h>.

--- Attempt 40 ---
[INFO] HR fraction = 0.096, seed = 17552
[FAIL] Attempt 40: Numerical error found in simulation logs.
Unable to pinpoint source of NaN, an error occurred:
Method requires a simulation log containing all states and bound variables. Missing variable <0.INa_h_gate.h>.

--- Attempt 41 ---
[INFO] HR fraction = 0.116, seed = 717677
[FAIL] Attempt 41: Numerical error found in simulation logs.
Unable to pinpoint source of NaN, an error occurred:
Method requires a simulation log containing all states and bound variables. Missing variable <0.INa_h_gate.h>.

--- Attempt 42 ---
[INFO] HR fraction = 0.113, seed = 158937
[FAIL] Attempt 42: Numerical error found in simulation logs.
Unable to pinpoint source of NaN, an error occurred:
Method requires a simulation log containing all states and bound variables. Missing variable <0.INa_h_gate.h>.

--- Attempt 43 ---
[INFO] HR fraction = 0.089, seed = 928928
[FAIL] Attempt 43: Numerical error found in simulation logs.
Unable to pinpoint source of NaN, an error occurred:
Method requires a simulation log containing all states and bound variables. Missing variable <0.INa_h_gate.h>.

--- Attempt 44 ---
[INFO] HR fraction = 0.116, seed = 741457
[FAIL] Attempt 44: Numerical error found in simulation logs.
Unable to pinpoint source of NaN, an error occurred:
Method requires a simulation log containing all states and bound variables. Missing variable <0.INa_h_gate.h>.

--- Attempt 45 ---
[INFO] HR fraction = 0.115, seed = 291546
[FAIL] Attempt 45: Numerical error found in simulation logs.
Unable to pinpoint source of NaN, an error occurred:
Method requires a simulation log containing all states and bound variables. Missing variable <0.INa_h_gate.h>.

--- Attempt 46 ---
[INFO] HR fraction = 0.116, seed = 96003
[FAIL] Attempt 46: Numerical error found in simulation logs.
Unable to pinpoint source of NaN, an error occurred:
Method requires a simulation log containing all states and bound variables. Missing variable <0.INa_h_gate.h>.

--- Attempt 47 ---
[INFO] HR fraction = 0.076, seed = 944005
[FAIL] Attempt 47: Numerical error found in simulation logs.
Unable to pinpoint source of NaN, an error occurred:
Method requires a simulation log containing all states and bound variables. Missing variable <0.INa_h_gate.h>.

--- Attempt 48 ---
[INFO] HR fraction = 0.111, seed = 967183
[FAIL] Attempt 48: Numerical error found in simulation logs.
Unable to pinpoint source of NaN, an error occurred:
Method requires a simulation log containing all states and bound variables. Missing variable <0.INa_h_gate.h>.

--- Attempt 49 ---
[INFO] HR fraction = 0.099, seed = 677853
[FAIL] Attempt 49: Numerical error found in simulation logs.
Unable to pinpoint source of NaN, an error occurred:
Method requires a simulation log containing all states and bound variables. Missing variable <0.INa_h_gate.h>.

--- Attempt 50 ---
[INFO] HR fraction = 0.084, seed = 946966
[FAIL] Attempt 50: Numerical error found in simulation logs.
Unable to pinpoint source of NaN, an error occurred:
Method requires a simulation log containing all states and bound variables. Missing variable <0.INa_h_gate.h>.

--- Attempt 51 ---
[INFO] HR fraction = 0.092, seed = 876588
[FAIL] Attempt 51: Numerical error found in simulation logs.
Unable to pinpoint source of NaN, an error occurred:
Method requires a simulation log containing all states and bound variables. Missing variable <0.INa_h_gate.h>.

--- Attempt 52 ---
[INFO] HR fraction = 0.113, seed = 514835
[FAIL] Attempt 52: Numerical error found in simulation logs.
Unable to pinpoint source of NaN, an error occurred:
Method requires a simulation log containing all states and bound variables. Missing variable <0.INa_h_gate.h>.

--- Attempt 53 ---
[INFO] HR fraction = 0.089, seed = 114111
[FAIL] Attempt 53: Numerical error found in simulation logs.
Unable to pinpoint source of NaN, an error occurred:
Method requires a simulation log containing all states and bound variables. Missing variable <0.INa_h_gate.h>.

--- Attempt 54 ---
[INFO] HR fraction = 0.107, seed = 257378
[FAIL] Attempt 54: Numerical error found in simulation logs.
Unable to pinpoint source of NaN, an error occurred:
Method requires a simulation log containing all states and bound variables. Missing variable <0.INa_h_gate.h>.

--- Attempt 55 ---
[INFO] HR fraction = 0.079, seed = 640942
[FAIL] Attempt 55: Numerical error found in simulation logs.
Unable to pinpoint source of NaN, an error occurred:
Method requires a simulation log containing all states and bound variables. Missing variable <0.INa_h_gate.h>.

--- Attempt 56 ---
[INFO] HR fraction = 0.109, seed = 248707
[FAIL] Attempt 56: Numerical error found in simulation logs.
Unable to pinpoint source of NaN, an error occurred:
Method requires a simulation log containing all states and bound variables. Missing variable <0.INa_h_gate.h>.

--- Attempt 57 ---
[INFO] HR fraction = 0.107, seed = 137794
[FAIL] Attempt 57: Numerical error found in simulation logs.
Unable to pinpoint source of NaN, an error occurred:
Method requires a simulation log containing all states and bound variables. Missing variable <0.INa_h_gate.h>.

--- Attempt 58 ---
[INFO] HR fraction = 0.098, seed = 384569
[FAIL] Attempt 58: Numerical error found in simulation logs.
Unable to pinpoint source of NaN, an error occurred:
Method requires a simulation log containing all states and bound variables. Missing variable <0.INa_h_gate.h>.

--- Attempt 59 ---
[INFO] HR fraction = 0.114, seed = 212453
[FAIL] Attempt 59: Numerical error found in simulation logs.
Unable to pinpoint source of NaN, an error occurred:
Method requires a simulation log containing all states and bound variables. Missing variable <0.INa_h_gate.h>.

--- Attempt 60 ---
[INFO] HR fraction = 0.092, seed = 147612
[FAIL] Attempt 60: Numerical error found in simulation logs.
Unable to pinpoint source of NaN, an error occurred:
Method requires a simulation log containing all states and bound variables. Missing variable <0.INa_h_gate.h>.

--- Attempt 61 ---
[INFO] HR fraction = 0.101, seed = 705703
[FAIL] Attempt 61: Numerical error found in simulation logs.
Unable to pinpoint source of NaN, an error occurred:
Method requires a simulation log containing all states and bound variables. Missing variable <0.INa_h_gate.h>.

--- Attempt 62 ---
[INFO] HR fraction = 0.107, seed = 257016
[FAIL] Attempt 62: Numerical error found in simulation logs.
Unable to pinpoint source of NaN, an error occurred:
Method requires a simulation log containing all states and bound variables. Missing variable <0.INa_h_gate.h>.

--- Attempt 63 ---
[INFO] HR fraction = 0.110, seed = 653024
[FAIL] Attempt 63: Numerical error found in simulation logs.
Unable to pinpoint source of NaN, an error occurred:
Method requires a simulation log containing all states and bound variables. Missing variable <0.INa_h_gate.h>.

--- Attempt 64 ---
[INFO] HR fraction = 0.105, seed = 306504
[FAIL] Attempt 64: Numerical error found in simulation logs.
Unable to pinpoint source of NaN, an error occurred:
Method requires a simulation log containing all states and bound variables. Missing variable <0.INa_h_gate.h>.

--- Attempt 65 ---
[INFO] HR fraction = 0.085, seed = 914198
[FAIL] Attempt 65: Numerical error found in simulation logs.
Unable to pinpoint source of NaN, an error occurred:
Method requires a simulation log containing all states and bound variables. Missing variable <0.INa_h_gate.h>.

--- Attempt 66 ---
[INFO] HR fraction = 0.096, seed = 268320
[FAIL] Attempt 66: Numerical error found in simulation logs.
Unable to pinpoint source of NaN, an error occurred:
Method requires a simulation log containing all states and bound variables. Missing variable <0.INa_h_gate.h>.

--- Attempt 67 ---
[INFO] HR fraction = 0.104, seed = 999445
[FAIL] Attempt 67: Numerical error found in simulation logs.
Unable to pinpoint source of NaN, an error occurred:
Method requires a simulation log containing all states and bound variables. Missing variable <0.INa_h_gate.h>.

--- Attempt 68 ---
[INFO] HR fraction = 0.096, seed = 29694
[FAIL] Attempt 68: Numerical error found in simulation logs.
Unable to pinpoint source of NaN, an error occurred:
Method requires a simulation log containing all states and bound variables. Missing variable <0.INa_h_gate.h>.

--- Attempt 69 ---
[INFO] HR fraction = 0.090, seed = 354004
[FAIL] Attempt 69: Numerical error found in simulation logs.
Unable to pinpoint source of NaN, an error occurred:
Method requires a simulation log containing all states and bound variables. Missing variable <0.INa_h_gate.h>.

--- Attempt 70 ---
[INFO] HR fraction = 0.110, seed = 376700
[FAIL] Attempt 70: Numerical error found in simulation logs.
Unable to pinpoint source of NaN, an error occurred:
Method requires a simulation log containing all states and bound variables. Missing variable <0.INa_h_gate.h>.

--- Attempt 71 ---
[INFO] HR fraction = 0.085, seed = 449132
[FAIL] Attempt 71: Numerical error found in simulation logs.
Unable to pinpoint source of NaN, an error occurred:
Method requires a simulation log containing all states and bound variables. Missing variable <0.INa_h_gate.h>.

--- Attempt 72 ---
[INFO] HR fraction = 0.099, seed = 463292
[FAIL] Attempt 72: Numerical error found in simulation logs.
Unable to pinpoint source of NaN, an error occurred:
Method requires a simulation log containing all states and bound variables. Missing variable <0.INa_h_gate.h>.

--- Attempt 73 ---
[INFO] HR fraction = 0.111, seed = 700032
[SUCCESS] Simulation completed
[APD90] Mean=159.94, HR_mean=161.27, NR_mean=159.77
[INFO] Saved AP traces: ap_traces_attempt73.pdf
[INFO] Saved corona ring heatmap: ap_circular_heatmap_attempt73.png
