Error processing line 1 of /home/pgrad1/2712549y/.local/lib/python3.10/site-packages/distutils-precedence.pth:

  Traceback (most recent call last):
    File "/usr/lib/python3.10/site.py", line 192, in addpackage
      exec(line)
    File "<string>", line 1, in <module>
  AttributeError: module '_distutils_hack' has no attribute 'add_shim'

Remainder of file ignored
Error processing line 1 of /usr/lib/python3/dist-packages/distutils-precedence.pth:

  Traceback (most recent call last):
    File "/usr/lib/python3.10/site.py", line 192, in addpackage
      exec(line)
    File "<string>", line 1, in <module>
  AttributeError: module '_distutils_hack' has no attribute 'add_shim'

Remainder of file ignored
/home/pgrad1/2712549y/.local/lib/python3.6/site-packages/myokit/1D_networks_of_arbitrarily_connected_cells/updated_1D/ring/NR_HR/2025_11_06/CASE1/updated_DOS_g_3.0_run2/change_sharpness/shuffle_nopre.py:123: RuntimeWarning: overflow encountered in exp
  sigmoid1 = 1 / (1 + np.exp(-(i - i1) * sharpness))   # rising
/home/pgrad1/2712549y/.local/lib/python3.6/site-packages/myokit/1D_networks_of_arbitrarily_connected_cells/updated_1D/ring/NR_HR/2025_11_06/CASE1/updated_DOS_g_3.0_run2/change_sharpness/shuffle_nopre.py:124: RuntimeWarning: overflow encountered in exp
  sigmoid2 = 1 / (1 + np.exp((i - i2) * sharpness))    # falling

--- Attempt 1 ---
[INFO] HR fraction = 0.300, seed = 592232
/home/pgrad1/2712549y/.local/lib/python3.6/site-packages/myokit/1D_networks_of_arbitrarily_connected_cells/updated_1D/ring/NR_HR/2025_11_06/CASE1/updated_DOS_g_3.0_run2/change_sharpness/shuffle_nopre.py:123: RuntimeWarning: overflow encountered in exp
  sigmoid1 = 1 / (1 + np.exp(-(i - i1) * sharpness))   # rising
/home/pgrad1/2712549y/.local/lib/python3.6/site-packages/myokit/1D_networks_of_arbitrarily_connected_cells/updated_1D/ring/NR_HR/2025_11_06/CASE1/updated_DOS_g_3.0_run2/change_sharpness/shuffle_nopre.py:124: RuntimeWarning: overflow encountered in exp
  sigmoid2 = 1 / (1 + np.exp((i - i2) * sharpness))    # falling
[FAIL] Attempt 1: Numerical error found in simulation logs.
Unable to pinpoint source of NaN, an error occurred:
Method requires a simulation log containing all states and bound variables. Missing variable <0.INa_h_gate.h>.

--- Attempt 2 ---
[INFO] HR fraction = 0.295, seed = 574326
/home/pgrad1/2712549y/.local/lib/python3.6/site-packages/myokit/1D_networks_of_arbitrarily_connected_cells/updated_1D/ring/NR_HR/2025_11_06/CASE1/updated_DOS_g_3.0_run2/change_sharpness/shuffle_nopre.py:123: RuntimeWarning: overflow encountered in exp
  sigmoid1 = 1 / (1 + np.exp(-(i - i1) * sharpness))   # rising
/home/pgrad1/2712549y/.local/lib/python3.6/site-packages/myokit/1D_networks_of_arbitrarily_connected_cells/updated_1D/ring/NR_HR/2025_11_06/CASE1/updated_DOS_g_3.0_run2/change_sharpness/shuffle_nopre.py:124: RuntimeWarning: overflow encountered in exp
  sigmoid2 = 1 / (1 + np.exp((i - i2) * sharpness))    # falling
[FAIL] Attempt 2: Numerical error found in simulation logs.
Unable to pinpoint source of NaN, an error occurred:
Method requires a simulation log containing all states and bound variables. Missing variable <0.INa_h_gate.h>.

--- Attempt 3 ---
[INFO] HR fraction = 0.297, seed = 155656
/home/pgrad1/2712549y/.local/lib/python3.6/site-packages/myokit/1D_networks_of_arbitrarily_connected_cells/updated_1D/ring/NR_HR/2025_11_06/CASE1/updated_DOS_g_3.0_run2/change_sharpness/shuffle_nopre.py:123: RuntimeWarning: overflow encountered in exp
  sigmoid1 = 1 / (1 + np.exp(-(i - i1) * sharpness))   # rising
/home/pgrad1/2712549y/.local/lib/python3.6/site-packages/myokit/1D_networks_of_arbitrarily_connected_cells/updated_1D/ring/NR_HR/2025_11_06/CASE1/updated_DOS_g_3.0_run2/change_sharpness/shuffle_nopre.py:124: RuntimeWarning: overflow encountered in exp
  sigmoid2 = 1 / (1 + np.exp((i - i2) * sharpness))    # falling
[FAIL] Attempt 3: Numerical error found in simulation logs.
Unable to pinpoint source of NaN, an error occurred:
Method requires a simulation log containing all states and bound variables. Missing variable <0.INa_h_gate.h>.

--- Attempt 4 ---
[INFO] HR fraction = 0.296, seed = 743054
/home/pgrad1/2712549y/.local/lib/python3.6/site-packages/myokit/1D_networks_of_arbitrarily_connected_cells/updated_1D/ring/NR_HR/2025_11_06/CASE1/updated_DOS_g_3.0_run2/change_sharpness/shuffle_nopre.py:123: RuntimeWarning: overflow encountered in exp
  sigmoid1 = 1 / (1 + np.exp(-(i - i1) * sharpness))   # rising
/home/pgrad1/2712549y/.local/lib/python3.6/site-packages/myokit/1D_networks_of_arbitrarily_connected_cells/updated_1D/ring/NR_HR/2025_11_06/CASE1/updated_DOS_g_3.0_run2/change_sharpness/shuffle_nopre.py:124: RuntimeWarning: overflow encountered in exp
  sigmoid2 = 1 / (1 + np.exp((i - i2) * sharpness))    # falling
[FAIL] Attempt 4: Numerical error found in simulation logs.
Unable to pinpoint source of NaN, an error occurred:
Method requires a simulation log containing all states and bound variables. Missing variable <0.INa_h_gate.h>.

--- Attempt 5 ---
[INFO] HR fraction = 0.306, seed = 885296
/home/pgrad1/2712549y/.local/lib/python3.6/site-packages/myokit/1D_networks_of_arbitrarily_connected_cells/updated_1D/ring/NR_HR/2025_11_06/CASE1/updated_DOS_g_3.0_run2/change_sharpness/shuffle_nopre.py:123: RuntimeWarning: overflow encountered in exp
  sigmoid1 = 1 / (1 + np.exp(-(i - i1) * sharpness))   # rising
/home/pgrad1/2712549y/.local/lib/python3.6/site-packages/myokit/1D_networks_of_arbitrarily_connected_cells/updated_1D/ring/NR_HR/2025_11_06/CASE1/updated_DOS_g_3.0_run2/change_sharpness/shuffle_nopre.py:124: RuntimeWarning: overflow encountered in exp
  sigmoid2 = 1 / (1 + np.exp((i - i2) * sharpness))    # falling
[FAIL] Attempt 5: Numerical error found in simulation logs.
Unable to pinpoint source of NaN, an error occurred:
Method requires a simulation log containing all states and bound variables. Missing variable <0.INa_h_gate.h>.

--- Attempt 6 ---
[INFO] HR fraction = 0.297, seed = 513281
/home/pgrad1/2712549y/.local/lib/python3.6/site-packages/myokit/1D_networks_of_arbitrarily_connected_cells/updated_1D/ring/NR_HR/2025_11_06/CASE1/updated_DOS_g_3.0_run2/change_sharpness/shuffle_nopre.py:123: RuntimeWarning: overflow encountered in exp
  sigmoid1 = 1 / (1 + np.exp(-(i - i1) * sharpness))   # rising
/home/pgrad1/2712549y/.local/lib/python3.6/site-packages/myokit/1D_networks_of_arbitrarily_connected_cells/updated_1D/ring/NR_HR/2025_11_06/CASE1/updated_DOS_g_3.0_run2/change_sharpness/shuffle_nopre.py:124: RuntimeWarning: overflow encountered in exp
  sigmoid2 = 1 / (1 + np.exp((i - i2) * sharpness))    # falling
[FAIL] Attempt 6: Numerical error found in simulation logs.
Unable to pinpoint source of NaN, an error occurred:
Method requires a simulation log containing all states and bound variables. Missing variable <0.INa_h_gate.h>.

--- Attempt 7 ---
[INFO] HR fraction = 0.284, seed = 811990
/home/pgrad1/2712549y/.local/lib/python3.6/site-packages/myokit/1D_networks_of_arbitrarily_connected_cells/updated_1D/ring/NR_HR/2025_11_06/CASE1/updated_DOS_g_3.0_run2/change_sharpness/shuffle_nopre.py:123: RuntimeWarning: overflow encountered in exp
  sigmoid1 = 1 / (1 + np.exp(-(i - i1) * sharpness))   # rising
/home/pgrad1/2712549y/.local/lib/python3.6/site-packages/myokit/1D_networks_of_arbitrarily_connected_cells/updated_1D/ring/NR_HR/2025_11_06/CASE1/updated_DOS_g_3.0_run2/change_sharpness/shuffle_nopre.py:124: RuntimeWarning: overflow encountered in exp
  sigmoid2 = 1 / (1 + np.exp((i - i2) * sharpness))    # falling
[FAIL] Attempt 7: Numerical error found in simulation logs.
Unable to pinpoint source of NaN, an error occurred:
Method requires a simulation log containing all states and bound variables. Missing variable <0.INa_h_gate.h>.

--- Attempt 8 ---
[INFO] HR fraction = 0.305, seed = 197789
/home/pgrad1/2712549y/.local/lib/python3.6/site-packages/myokit/1D_networks_of_arbitrarily_connected_cells/updated_1D/ring/NR_HR/2025_11_06/CASE1/updated_DOS_g_3.0_run2/change_sharpness/shuffle_nopre.py:123: RuntimeWarning: overflow encountered in exp
  sigmoid1 = 1 / (1 + np.exp(-(i - i1) * sharpness))   # rising
/home/pgrad1/2712549y/.local/lib/python3.6/site-packages/myokit/1D_networks_of_arbitrarily_connected_cells/updated_1D/ring/NR_HR/2025_11_06/CASE1/updated_DOS_g_3.0_run2/change_sharpness/shuffle_nopre.py:124: RuntimeWarning: overflow encountered in exp
  sigmoid2 = 1 / (1 + np.exp((i - i2) * sharpness))    # falling
[FAIL] Attempt 8: Numerical error found in simulation logs.
Unable to pinpoint source of NaN, an error occurred:
Method requires a simulation log containing all states and bound variables. Missing variable <0.INa_h_gate.h>.

--- Attempt 9 ---
[INFO] HR fraction = 0.286, seed = 766930
/home/pgrad1/2712549y/.local/lib/python3.6/site-packages/myokit/1D_networks_of_arbitrarily_connected_cells/updated_1D/ring/NR_HR/2025_11_06/CASE1/updated_DOS_g_3.0_run2/change_sharpness/shuffle_nopre.py:123: RuntimeWarning: overflow encountered in exp
  sigmoid1 = 1 / (1 + np.exp(-(i - i1) * sharpness))   # rising
/home/pgrad1/2712549y/.local/lib/python3.6/site-packages/myokit/1D_networks_of_arbitrarily_connected_cells/updated_1D/ring/NR_HR/2025_11_06/CASE1/updated_DOS_g_3.0_run2/change_sharpness/shuffle_nopre.py:124: RuntimeWarning: overflow encountered in exp
  sigmoid2 = 1 / (1 + np.exp((i - i2) * sharpness))    # falling
[FAIL] Attempt 9: Numerical error found in simulation logs.
Unable to pinpoint source of NaN, an error occurred:
Method requires a simulation log containing all states and bound variables. Missing variable <0.INa_h_gate.h>.

--- Attempt 10 ---
[INFO] HR fraction = 0.289, seed = 780732
/home/pgrad1/2712549y/.local/lib/python3.6/site-packages/myokit/1D_networks_of_arbitrarily_connected_cells/updated_1D/ring/NR_HR/2025_11_06/CASE1/updated_DOS_g_3.0_run2/change_sharpness/shuffle_nopre.py:123: RuntimeWarning: overflow encountered in exp
  sigmoid1 = 1 / (1 + np.exp(-(i - i1) * sharpness))   # rising
/home/pgrad1/2712549y/.local/lib/python3.6/site-packages/myokit/1D_networks_of_arbitrarily_connected_cells/updated_1D/ring/NR_HR/2025_11_06/CASE1/updated_DOS_g_3.0_run2/change_sharpness/shuffle_nopre.py:124: RuntimeWarning: overflow encountered in exp
  sigmoid2 = 1 / (1 + np.exp((i - i2) * sharpness))    # falling
[FAIL] Attempt 10: Numerical error found in simulation logs.
Unable to pinpoint source of NaN, an error occurred:
Method requires a simulation log containing all states and bound variables. Missing variable <0.INa_h_gate.h>.

--- Attempt 11 ---
[INFO] HR fraction = 0.296, seed = 637899
/home/pgrad1/2712549y/.local/lib/python3.6/site-packages/myokit/1D_networks_of_arbitrarily_connected_cells/updated_1D/ring/NR_HR/2025_11_06/CASE1/updated_DOS_g_3.0_run2/change_sharpness/shuffle_nopre.py:123: RuntimeWarning: overflow encountered in exp
  sigmoid1 = 1 / (1 + np.exp(-(i - i1) * sharpness))   # rising
/home/pgrad1/2712549y/.local/lib/python3.6/site-packages/myokit/1D_networks_of_arbitrarily_connected_cells/updated_1D/ring/NR_HR/2025_11_06/CASE1/updated_DOS_g_3.0_run2/change_sharpness/shuffle_nopre.py:124: RuntimeWarning: overflow encountered in exp
  sigmoid2 = 1 / (1 + np.exp((i - i2) * sharpness))    # falling
[FAIL] Attempt 11: Numerical error found in simulation logs.
Unable to pinpoint source of NaN, an error occurred:
Method requires a simulation log containing all states and bound variables. Missing variable <0.INa_h_gate.h>.

--- Attempt 12 ---
[INFO] HR fraction = 0.295, seed = 417772
/home/pgrad1/2712549y/.local/lib/python3.6/site-packages/myokit/1D_networks_of_arbitrarily_connected_cells/updated_1D/ring/NR_HR/2025_11_06/CASE1/updated_DOS_g_3.0_run2/change_sharpness/shuffle_nopre.py:123: RuntimeWarning: overflow encountered in exp
  sigmoid1 = 1 / (1 + np.exp(-(i - i1) * sharpness))   # rising
/home/pgrad1/2712549y/.local/lib/python3.6/site-packages/myokit/1D_networks_of_arbitrarily_connected_cells/updated_1D/ring/NR_HR/2025_11_06/CASE1/updated_DOS_g_3.0_run2/change_sharpness/shuffle_nopre.py:124: RuntimeWarning: overflow encountered in exp
  sigmoid2 = 1 / (1 + np.exp((i - i2) * sharpness))    # falling
[FAIL] Attempt 12: Numerical error found in simulation logs.
Unable to pinpoint source of NaN, an error occurred:
Method requires a simulation log containing all states and bound variables. Missing variable <0.INa_h_gate.h>.

--- Attempt 13 ---
[INFO] HR fraction = 0.300, seed = 725208
/home/pgrad1/2712549y/.local/lib/python3.6/site-packages/myokit/1D_networks_of_arbitrarily_connected_cells/updated_1D/ring/NR_HR/2025_11_06/CASE1/updated_DOS_g_3.0_run2/change_sharpness/shuffle_nopre.py:123: RuntimeWarning: overflow encountered in exp
  sigmoid1 = 1 / (1 + np.exp(-(i - i1) * sharpness))   # rising
/home/pgrad1/2712549y/.local/lib/python3.6/site-packages/myokit/1D_networks_of_arbitrarily_connected_cells/updated_1D/ring/NR_HR/2025_11_06/CASE1/updated_DOS_g_3.0_run2/change_sharpness/shuffle_nopre.py:124: RuntimeWarning: overflow encountered in exp
  sigmoid2 = 1 / (1 + np.exp((i - i2) * sharpness))    # falling
[FAIL] Attempt 13: Numerical error found in simulation logs.
Unable to pinpoint source of NaN, an error occurred:
Method requires a simulation log containing all states and bound variables. Missing variable <0.INa_h_gate.h>.

--- Attempt 14 ---
[INFO] HR fraction = 0.297, seed = 219075
/home/pgrad1/2712549y/.local/lib/python3.6/site-packages/myokit/1D_networks_of_arbitrarily_connected_cells/updated_1D/ring/NR_HR/2025_11_06/CASE1/updated_DOS_g_3.0_run2/change_sharpness/shuffle_nopre.py:123: RuntimeWarning: overflow encountered in exp
  sigmoid1 = 1 / (1 + np.exp(-(i - i1) * sharpness))   # rising
/home/pgrad1/2712549y/.local/lib/python3.6/site-packages/myokit/1D_networks_of_arbitrarily_connected_cells/updated_1D/ring/NR_HR/2025_11_06/CASE1/updated_DOS_g_3.0_run2/change_sharpness/shuffle_nopre.py:124: RuntimeWarning: overflow encountered in exp
  sigmoid2 = 1 / (1 + np.exp((i - i2) * sharpness))    # falling
[FAIL] Attempt 14: Numerical error found in simulation logs.
Unable to pinpoint source of NaN, an error occurred:
Method requires a simulation log containing all states and bound variables. Missing variable <0.INa_h_gate.h>.

--- Attempt 15 ---
[INFO] HR fraction = 0.290, seed = 375134
/home/pgrad1/2712549y/.local/lib/python3.6/site-packages/myokit/1D_networks_of_arbitrarily_connected_cells/updated_1D/ring/NR_HR/2025_11_06/CASE1/updated_DOS_g_3.0_run2/change_sharpness/shuffle_nopre.py:123: RuntimeWarning: overflow encountered in exp
  sigmoid1 = 1 / (1 + np.exp(-(i - i1) * sharpness))   # rising
/home/pgrad1/2712549y/.local/lib/python3.6/site-packages/myokit/1D_networks_of_arbitrarily_connected_cells/updated_1D/ring/NR_HR/2025_11_06/CASE1/updated_DOS_g_3.0_run2/change_sharpness/shuffle_nopre.py:124: RuntimeWarning: overflow encountered in exp
  sigmoid2 = 1 / (1 + np.exp((i - i2) * sharpness))    # falling
[FAIL] Attempt 15: Numerical error found in simulation logs.
Unable to pinpoint source of NaN, an error occurred:
Method requires a simulation log containing all states and bound variables. Missing variable <0.INa_h_gate.h>.

--- Attempt 16 ---
[INFO] HR fraction = 0.291, seed = 493053
/home/pgrad1/2712549y/.local/lib/python3.6/site-packages/myokit/1D_networks_of_arbitrarily_connected_cells/updated_1D/ring/NR_HR/2025_11_06/CASE1/updated_DOS_g_3.0_run2/change_sharpness/shuffle_nopre.py:123: RuntimeWarning: overflow encountered in exp
  sigmoid1 = 1 / (1 + np.exp(-(i - i1) * sharpness))   # rising
/home/pgrad1/2712549y/.local/lib/python3.6/site-packages/myokit/1D_networks_of_arbitrarily_connected_cells/updated_1D/ring/NR_HR/2025_11_06/CASE1/updated_DOS_g_3.0_run2/change_sharpness/shuffle_nopre.py:124: RuntimeWarning: overflow encountered in exp
  sigmoid2 = 1 / (1 + np.exp((i - i2) * sharpness))    # falling
[FAIL] Attempt 16: Numerical error found in simulation logs.
Unable to pinpoint source of NaN, an error occurred:
Method requires a simulation log containing all states and bound variables. Missing variable <0.INa_h_gate.h>.

--- Attempt 17 ---
[INFO] HR fraction = 0.299, seed = 495246
/home/pgrad1/2712549y/.local/lib/python3.6/site-packages/myokit/1D_networks_of_arbitrarily_connected_cells/updated_1D/ring/NR_HR/2025_11_06/CASE1/updated_DOS_g_3.0_run2/change_sharpness/shuffle_nopre.py:123: RuntimeWarning: overflow encountered in exp
  sigmoid1 = 1 / (1 + np.exp(-(i - i1) * sharpness))   # rising
/home/pgrad1/2712549y/.local/lib/python3.6/site-packages/myokit/1D_networks_of_arbitrarily_connected_cells/updated_1D/ring/NR_HR/2025_11_06/CASE1/updated_DOS_g_3.0_run2/change_sharpness/shuffle_nopre.py:124: RuntimeWarning: overflow encountered in exp
  sigmoid2 = 1 / (1 + np.exp((i - i2) * sharpness))    # falling
[FAIL] Attempt 17: Numerical error found in simulation logs.
Unable to pinpoint source of NaN, an error occurred:
Method requires a simulation log containing all states and bound variables. Missing variable <0.INa_h_gate.h>.

--- Attempt 18 ---
[INFO] HR fraction = 0.295, seed = 560795
/home/pgrad1/2712549y/.local/lib/python3.6/site-packages/myokit/1D_networks_of_arbitrarily_connected_cells/updated_1D/ring/NR_HR/2025_11_06/CASE1/updated_DOS_g_3.0_run2/change_sharpness/shuffle_nopre.py:123: RuntimeWarning: overflow encountered in exp
  sigmoid1 = 1 / (1 + np.exp(-(i - i1) * sharpness))   # rising
/home/pgrad1/2712549y/.local/lib/python3.6/site-packages/myokit/1D_networks_of_arbitrarily_connected_cells/updated_1D/ring/NR_HR/2025_11_06/CASE1/updated_DOS_g_3.0_run2/change_sharpness/shuffle_nopre.py:124: RuntimeWarning: overflow encountered in exp
  sigmoid2 = 1 / (1 + np.exp((i - i2) * sharpness))    # falling
[FAIL] Attempt 18: Numerical error found in simulation logs.
Unable to pinpoint source of NaN, an error occurred:
Method requires a simulation log containing all states and bound variables. Missing variable <0.INa_h_gate.h>.

--- Attempt 19 ---
[INFO] HR fraction = 0.300, seed = 412659
/home/pgrad1/2712549y/.local/lib/python3.6/site-packages/myokit/1D_networks_of_arbitrarily_connected_cells/updated_1D/ring/NR_HR/2025_11_06/CASE1/updated_DOS_g_3.0_run2/change_sharpness/shuffle_nopre.py:123: RuntimeWarning: overflow encountered in exp
  sigmoid1 = 1 / (1 + np.exp(-(i - i1) * sharpness))   # rising
/home/pgrad1/2712549y/.local/lib/python3.6/site-packages/myokit/1D_networks_of_arbitrarily_connected_cells/updated_1D/ring/NR_HR/2025_11_06/CASE1/updated_DOS_g_3.0_run2/change_sharpness/shuffle_nopre.py:124: RuntimeWarning: overflow encountered in exp
  sigmoid2 = 1 / (1 + np.exp((i - i2) * sharpness))    # falling
[FAIL] Attempt 19: Numerical error found in simulation logs.
Unable to pinpoint source of NaN, an error occurred:
Method requires a simulation log containing all states and bound variables. Missing variable <0.INa_h_gate.h>.

--- Attempt 20 ---
[INFO] HR fraction = 0.297, seed = 352903
/home/pgrad1/2712549y/.local/lib/python3.6/site-packages/myokit/1D_networks_of_arbitrarily_connected_cells/updated_1D/ring/NR_HR/2025_11_06/CASE1/updated_DOS_g_3.0_run2/change_sharpness/shuffle_nopre.py:123: RuntimeWarning: overflow encountered in exp
  sigmoid1 = 1 / (1 + np.exp(-(i - i1) * sharpness))   # rising
/home/pgrad1/2712549y/.local/lib/python3.6/site-packages/myokit/1D_networks_of_arbitrarily_connected_cells/updated_1D/ring/NR_HR/2025_11_06/CASE1/updated_DOS_g_3.0_run2/change_sharpness/shuffle_nopre.py:124: RuntimeWarning: overflow encountered in exp
  sigmoid2 = 1 / (1 + np.exp((i - i2) * sharpness))    # falling
[FAIL] Attempt 20: Numerical error found in simulation logs.
Unable to pinpoint source of NaN, an error occurred:
Method requires a simulation log containing all states and bound variables. Missing variable <0.INa_h_gate.h>.

--- Attempt 21 ---
[INFO] HR fraction = 0.295, seed = 245409
/home/pgrad1/2712549y/.local/lib/python3.6/site-packages/myokit/1D_networks_of_arbitrarily_connected_cells/updated_1D/ring/NR_HR/2025_11_06/CASE1/updated_DOS_g_3.0_run2/change_sharpness/shuffle_nopre.py:123: RuntimeWarning: overflow encountered in exp
  sigmoid1 = 1 / (1 + np.exp(-(i - i1) * sharpness))   # rising
/home/pgrad1/2712549y/.local/lib/python3.6/site-packages/myokit/1D_networks_of_arbitrarily_connected_cells/updated_1D/ring/NR_HR/2025_11_06/CASE1/updated_DOS_g_3.0_run2/change_sharpness/shuffle_nopre.py:124: RuntimeWarning: overflow encountered in exp
  sigmoid2 = 1 / (1 + np.exp((i - i2) * sharpness))    # falling
[FAIL] Attempt 21: Numerical error found in simulation logs.
Unable to pinpoint source of NaN, an error occurred:
Method requires a simulation log containing all states and bound variables. Missing variable <0.INa_h_gate.h>.

--- Attempt 22 ---
[INFO] HR fraction = 0.301, seed = 759566
/home/pgrad1/2712549y/.local/lib/python3.6/site-packages/myokit/1D_networks_of_arbitrarily_connected_cells/updated_1D/ring/NR_HR/2025_11_06/CASE1/updated_DOS_g_3.0_run2/change_sharpness/shuffle_nopre.py:123: RuntimeWarning: overflow encountered in exp
  sigmoid1 = 1 / (1 + np.exp(-(i - i1) * sharpness))   # rising
/home/pgrad1/2712549y/.local/lib/python3.6/site-packages/myokit/1D_networks_of_arbitrarily_connected_cells/updated_1D/ring/NR_HR/2025_11_06/CASE1/updated_DOS_g_3.0_run2/change_sharpness/shuffle_nopre.py:124: RuntimeWarning: overflow encountered in exp
  sigmoid2 = 1 / (1 + np.exp((i - i2) * sharpness))    # falling
[FAIL] Attempt 22: Numerical error found in simulation logs.
Unable to pinpoint source of NaN, an error occurred:
Method requires a simulation log containing all states and bound variables. Missing variable <0.INa_h_gate.h>.

--- Attempt 23 ---
[INFO] HR fraction = 0.307, seed = 273567
/home/pgrad1/2712549y/.local/lib/python3.6/site-packages/myokit/1D_networks_of_arbitrarily_connected_cells/updated_1D/ring/NR_HR/2025_11_06/CASE1/updated_DOS_g_3.0_run2/change_sharpness/shuffle_nopre.py:123: RuntimeWarning: overflow encountered in exp
  sigmoid1 = 1 / (1 + np.exp(-(i - i1) * sharpness))   # rising
/home/pgrad1/2712549y/.local/lib/python3.6/site-packages/myokit/1D_networks_of_arbitrarily_connected_cells/updated_1D/ring/NR_HR/2025_11_06/CASE1/updated_DOS_g_3.0_run2/change_sharpness/shuffle_nopre.py:124: RuntimeWarning: overflow encountered in exp
  sigmoid2 = 1 / (1 + np.exp((i - i2) * sharpness))    # falling
[FAIL] Attempt 23: Numerical error found in simulation logs.
Unable to pinpoint source of NaN, an error occurred:
Method requires a simulation log containing all states and bound variables. Missing variable <0.INa_h_gate.h>.

--- Attempt 24 ---
[INFO] HR fraction = 0.296, seed = 33228
/home/pgrad1/2712549y/.local/lib/python3.6/site-packages/myokit/1D_networks_of_arbitrarily_connected_cells/updated_1D/ring/NR_HR/2025_11_06/CASE1/updated_DOS_g_3.0_run2/change_sharpness/shuffle_nopre.py:123: RuntimeWarning: overflow encountered in exp
  sigmoid1 = 1 / (1 + np.exp(-(i - i1) * sharpness))   # rising
/home/pgrad1/2712549y/.local/lib/python3.6/site-packages/myokit/1D_networks_of_arbitrarily_connected_cells/updated_1D/ring/NR_HR/2025_11_06/CASE1/updated_DOS_g_3.0_run2/change_sharpness/shuffle_nopre.py:124: RuntimeWarning: overflow encountered in exp
  sigmoid2 = 1 / (1 + np.exp((i - i2) * sharpness))    # falling
[FAIL] Attempt 24: Numerical error found in simulation logs.
Unable to pinpoint source of NaN, an error occurred:
Method requires a simulation log containing all states and bound variables. Missing variable <0.INa_h_gate.h>.

--- Attempt 25 ---
[INFO] HR fraction = 0.294, seed = 477246
/home/pgrad1/2712549y/.local/lib/python3.6/site-packages/myokit/1D_networks_of_arbitrarily_connected_cells/updated_1D/ring/NR_HR/2025_11_06/CASE1/updated_DOS_g_3.0_run2/change_sharpness/shuffle_nopre.py:123: RuntimeWarning: overflow encountered in exp
  sigmoid1 = 1 / (1 + np.exp(-(i - i1) * sharpness))   # rising
/home/pgrad1/2712549y/.local/lib/python3.6/site-packages/myokit/1D_networks_of_arbitrarily_connected_cells/updated_1D/ring/NR_HR/2025_11_06/CASE1/updated_DOS_g_3.0_run2/change_sharpness/shuffle_nopre.py:124: RuntimeWarning: overflow encountered in exp
  sigmoid2 = 1 / (1 + np.exp((i - i2) * sharpness))    # falling
[FAIL] Attempt 25: Numerical error found in simulation logs.
Unable to pinpoint source of NaN, an error occurred:
Method requires a simulation log containing all states and bound variables. Missing variable <0.INa_h_gate.h>.

--- Attempt 26 ---
[INFO] HR fraction = 0.289, seed = 871523
/home/pgrad1/2712549y/.local/lib/python3.6/site-packages/myokit/1D_networks_of_arbitrarily_connected_cells/updated_1D/ring/NR_HR/2025_11_06/CASE1/updated_DOS_g_3.0_run2/change_sharpness/shuffle_nopre.py:123: RuntimeWarning: overflow encountered in exp
  sigmoid1 = 1 / (1 + np.exp(-(i - i1) * sharpness))   # rising
/home/pgrad1/2712549y/.local/lib/python3.6/site-packages/myokit/1D_networks_of_arbitrarily_connected_cells/updated_1D/ring/NR_HR/2025_11_06/CASE1/updated_DOS_g_3.0_run2/change_sharpness/shuffle_nopre.py:124: RuntimeWarning: overflow encountered in exp
  sigmoid2 = 1 / (1 + np.exp((i - i2) * sharpness))    # falling
[FAIL] Attempt 26: Numerical error found in simulation logs.
Unable to pinpoint source of NaN, an error occurred:
Method requires a simulation log containing all states and bound variables. Missing variable <0.INa_h_gate.h>.

--- Attempt 27 ---
[INFO] HR fraction = 0.299, seed = 471084
[SUCCESS] Simulation completed
[APD90] Mean=209.68, HR_mean=317.07, NR_mean=163.93
[INFO] Saved AP traces: ap_traces_attempt27.pdf
[INFO] Saved corona ring heatmap: ap_circular_heatmap_attempt27.png
