Error processing line 1 of /home/pgrad1/2712549y/.local/lib/python3.10/site-packages/distutils-precedence.pth:

  Traceback (most recent call last):
    File "/usr/lib/python3.10/site.py", line 192, in addpackage
      exec(line)
    File "<string>", line 1, in <module>
  AttributeError: module '_distutils_hack' has no attribute 'add_shim'

Remainder of file ignored
Error processing line 1 of /usr/lib/python3/dist-packages/distutils-precedence.pth:

  Traceback (most recent call last):
    File "/usr/lib/python3.10/site.py", line 192, in addpackage
      exec(line)
    File "<string>", line 1, in <module>
  AttributeError: module '_distutils_hack' has no attribute 'add_shim'

Remainder of file ignored
/home/pgrad1/2712549y/.local/lib/python3.6/site-packages/myokit/1D_networks_of_arbitrarily_connected_cells/updated_1D/ring/NR_HR/2025_11_06/CASE1/updated_DOS_g_3.0_run2/shuffle_nopre.py:123: RuntimeWarning: overflow encountered in exp
  sigmoid1 = 1 / (1 + np.exp(-(i - i1) * sharpness))   # rising
/home/pgrad1/2712549y/.local/lib/python3.6/site-packages/myokit/1D_networks_of_arbitrarily_connected_cells/updated_1D/ring/NR_HR/2025_11_06/CASE1/updated_DOS_g_3.0_run2/shuffle_nopre.py:124: RuntimeWarning: overflow encountered in exp
  sigmoid2 = 1 / (1 + np.exp((i - i2) * sharpness))    # falling

--- Attempt 1 ---
[INFO] HR fraction = 0.215, seed = 508176
/home/pgrad1/2712549y/.local/lib/python3.6/site-packages/myokit/1D_networks_of_arbitrarily_connected_cells/updated_1D/ring/NR_HR/2025_11_06/CASE1/updated_DOS_g_3.0_run2/shuffle_nopre.py:123: RuntimeWarning: overflow encountered in exp
  sigmoid1 = 1 / (1 + np.exp(-(i - i1) * sharpness))   # rising
/home/pgrad1/2712549y/.local/lib/python3.6/site-packages/myokit/1D_networks_of_arbitrarily_connected_cells/updated_1D/ring/NR_HR/2025_11_06/CASE1/updated_DOS_g_3.0_run2/shuffle_nopre.py:124: RuntimeWarning: overflow encountered in exp
  sigmoid2 = 1 / (1 + np.exp((i - i2) * sharpness))    # falling
[FAIL] Attempt 1: Numerical error found in simulation logs.
Unable to pinpoint source of NaN, an error occurred:
Method requires a simulation log containing all states and bound variables. Missing variable <0.INa_h_gate.h>.

--- Attempt 2 ---
[INFO] HR fraction = 0.209, seed = 487208
/home/pgrad1/2712549y/.local/lib/python3.6/site-packages/myokit/1D_networks_of_arbitrarily_connected_cells/updated_1D/ring/NR_HR/2025_11_06/CASE1/updated_DOS_g_3.0_run2/shuffle_nopre.py:123: RuntimeWarning: overflow encountered in exp
  sigmoid1 = 1 / (1 + np.exp(-(i - i1) * sharpness))   # rising
/home/pgrad1/2712549y/.local/lib/python3.6/site-packages/myokit/1D_networks_of_arbitrarily_connected_cells/updated_1D/ring/NR_HR/2025_11_06/CASE1/updated_DOS_g_3.0_run2/shuffle_nopre.py:124: RuntimeWarning: overflow encountered in exp
  sigmoid2 = 1 / (1 + np.exp((i - i2) * sharpness))    # falling
[FAIL] Attempt 2: Numerical error found in simulation logs.
Unable to pinpoint source of NaN, an error occurred:
Method requires a simulation log containing all states and bound variables. Missing variable <0.INa_h_gate.h>.

--- Attempt 3 ---
[INFO] HR fraction = 0.206, seed = 338991
[SUCCESS] Simulation completed
[APD90] Mean=171.60, HR_mean=202.79, NR_mean=163.50
[INFO] Saved AP traces: ap_traces_attempt3.pdf
[INFO] Saved corona ring heatmap: ap_circular_heatmap_attempt3.png
