Error processing line 1 of /home/pgrad1/2712549y/.local/lib/python3.10/site-packages/distutils-precedence.pth:

  Traceback (most recent call last):
    File "/usr/lib/python3.10/site.py", line 192, in addpackage
      exec(line)
    File "<string>", line 1, in <module>
  AttributeError: module '_distutils_hack' has no attribute 'add_shim'

Remainder of file ignored
/home/pgrad1/2712549y/.local/lib/python3.6/site-packages/myokit/1D_networks_of_arbitrarily_connected_cells/updated_1D/ring/NR_HR/2025_11_06/CASE1/updated_DOS_g_3.0_run2/shuffle_nopre.py:123: RuntimeWarning: overflow encountered in exp
  sigmoid1 = 1 / (1 + np.exp(-(i - i1) * sharpness))   # rising
/home/pgrad1/2712549y/.local/lib/python3.6/site-packages/myokit/1D_networks_of_arbitrarily_connected_cells/updated_1D/ring/NR_HR/2025_11_06/CASE1/updated_DOS_g_3.0_run2/shuffle_nopre.py:124: RuntimeWarning: overflow encountered in exp
  sigmoid2 = 1 / (1 + np.exp((i - i2) * sharpness))    # falling

--- Attempt 1 ---
[INFO] HR fraction = 0.304, seed = 166722
/home/pgrad1/2712549y/.local/lib/python3.6/site-packages/myokit/1D_networks_of_arbitrarily_connected_cells/updated_1D/ring/NR_HR/2025_11_06/CASE1/updated_DOS_g_3.0_run2/shuffle_nopre.py:123: RuntimeWarning: overflow encountered in exp
  sigmoid1 = 1 / (1 + np.exp(-(i - i1) * sharpness))   # rising
/home/pgrad1/2712549y/.local/lib/python3.6/site-packages/myokit/1D_networks_of_arbitrarily_connected_cells/updated_1D/ring/NR_HR/2025_11_06/CASE1/updated_DOS_g_3.0_run2/shuffle_nopre.py:124: RuntimeWarning: overflow encountered in exp
  sigmoid2 = 1 / (1 + np.exp((i - i2) * sharpness))    # falling
[FAIL] Attempt 1: Numerical error found in simulation logs.
Unable to pinpoint source of NaN, an error occurred:
Method requires a simulation log containing all states and bound variables. Missing variable <0.INa_h_gate.h>.

--- Attempt 2 ---
[INFO] HR fraction = 0.302, seed = 19140
/home/pgrad1/2712549y/.local/lib/python3.6/site-packages/myokit/1D_networks_of_arbitrarily_connected_cells/updated_1D/ring/NR_HR/2025_11_06/CASE1/updated_DOS_g_3.0_run2/shuffle_nopre.py:123: RuntimeWarning: overflow encountered in exp
  sigmoid1 = 1 / (1 + np.exp(-(i - i1) * sharpness))   # rising
/home/pgrad1/2712549y/.local/lib/python3.6/site-packages/myokit/1D_networks_of_arbitrarily_connected_cells/updated_1D/ring/NR_HR/2025_11_06/CASE1/updated_DOS_g_3.0_run2/shuffle_nopre.py:124: RuntimeWarning: overflow encountered in exp
  sigmoid2 = 1 / (1 + np.exp((i - i2) * sharpness))    # falling
[FAIL] Attempt 2: Numerical error found in simulation logs.
Unable to pinpoint source of NaN, an error occurred:
Method requires a simulation log containing all states and bound variables. Missing variable <0.INa_h_gate.h>.

--- Attempt 3 ---
[INFO] HR fraction = 0.300, seed = 60714
/home/pgrad1/2712549y/.local/lib/python3.6/site-packages/myokit/1D_networks_of_arbitrarily_connected_cells/updated_1D/ring/NR_HR/2025_11_06/CASE1/updated_DOS_g_3.0_run2/shuffle_nopre.py:123: RuntimeWarning: overflow encountered in exp
  sigmoid1 = 1 / (1 + np.exp(-(i - i1) * sharpness))   # rising
/home/pgrad1/2712549y/.local/lib/python3.6/site-packages/myokit/1D_networks_of_arbitrarily_connected_cells/updated_1D/ring/NR_HR/2025_11_06/CASE1/updated_DOS_g_3.0_run2/shuffle_nopre.py:124: RuntimeWarning: overflow encountered in exp
  sigmoid2 = 1 / (1 + np.exp((i - i2) * sharpness))    # falling
[FAIL] Attempt 3: Numerical error found in simulation logs.
Unable to pinpoint source of NaN, an error occurred:
Method requires a simulation log containing all states and bound variables. Missing variable <0.INa_h_gate.h>.

--- Attempt 4 ---
[INFO] HR fraction = 0.302, seed = 827936
/home/pgrad1/2712549y/.local/lib/python3.6/site-packages/myokit/1D_networks_of_arbitrarily_connected_cells/updated_1D/ring/NR_HR/2025_11_06/CASE1/updated_DOS_g_3.0_run2/shuffle_nopre.py:123: RuntimeWarning: overflow encountered in exp
  sigmoid1 = 1 / (1 + np.exp(-(i - i1) * sharpness))   # rising
/home/pgrad1/2712549y/.local/lib/python3.6/site-packages/myokit/1D_networks_of_arbitrarily_connected_cells/updated_1D/ring/NR_HR/2025_11_06/CASE1/updated_DOS_g_3.0_run2/shuffle_nopre.py:124: RuntimeWarning: overflow encountered in exp
  sigmoid2 = 1 / (1 + np.exp((i - i2) * sharpness))    # falling
[FAIL] Attempt 4: Numerical error found in simulation logs.
Unable to pinpoint source of NaN, an error occurred:
Method requires a simulation log containing all states and bound variables. Missing variable <0.INa_h_gate.h>.

--- Attempt 5 ---
[INFO] HR fraction = 0.291, seed = 297617
/home/pgrad1/2712549y/.local/lib/python3.6/site-packages/myokit/1D_networks_of_arbitrarily_connected_cells/updated_1D/ring/NR_HR/2025_11_06/CASE1/updated_DOS_g_3.0_run2/shuffle_nopre.py:123: RuntimeWarning: overflow encountered in exp
  sigmoid1 = 1 / (1 + np.exp(-(i - i1) * sharpness))   # rising
/home/pgrad1/2712549y/.local/lib/python3.6/site-packages/myokit/1D_networks_of_arbitrarily_connected_cells/updated_1D/ring/NR_HR/2025_11_06/CASE1/updated_DOS_g_3.0_run2/shuffle_nopre.py:124: RuntimeWarning: overflow encountered in exp
  sigmoid2 = 1 / (1 + np.exp((i - i2) * sharpness))    # falling
[FAIL] Attempt 5: Numerical error found in simulation logs.
Unable to pinpoint source of NaN, an error occurred:
Method requires a simulation log containing all states and bound variables. Missing variable <0.INa_h_gate.h>.

--- Attempt 6 ---
[INFO] HR fraction = 0.309, seed = 195650
/home/pgrad1/2712549y/.local/lib/python3.6/site-packages/myokit/1D_networks_of_arbitrarily_connected_cells/updated_1D/ring/NR_HR/2025_11_06/CASE1/updated_DOS_g_3.0_run2/shuffle_nopre.py:123: RuntimeWarning: overflow encountered in exp
  sigmoid1 = 1 / (1 + np.exp(-(i - i1) * sharpness))   # rising
/home/pgrad1/2712549y/.local/lib/python3.6/site-packages/myokit/1D_networks_of_arbitrarily_connected_cells/updated_1D/ring/NR_HR/2025_11_06/CASE1/updated_DOS_g_3.0_run2/shuffle_nopre.py:124: RuntimeWarning: overflow encountered in exp
  sigmoid2 = 1 / (1 + np.exp((i - i2) * sharpness))    # falling
[FAIL] Attempt 6: Numerical error found in simulation logs.
Unable to pinpoint source of NaN, an error occurred:
Method requires a simulation log containing all states and bound variables. Missing variable <0.INa_h_gate.h>.

--- Attempt 7 ---
[INFO] HR fraction = 0.309, seed = 525299
/home/pgrad1/2712549y/.local/lib/python3.6/site-packages/myokit/1D_networks_of_arbitrarily_connected_cells/updated_1D/ring/NR_HR/2025_11_06/CASE1/updated_DOS_g_3.0_run2/shuffle_nopre.py:123: RuntimeWarning: overflow encountered in exp
  sigmoid1 = 1 / (1 + np.exp(-(i - i1) * sharpness))   # rising
/home/pgrad1/2712549y/.local/lib/python3.6/site-packages/myokit/1D_networks_of_arbitrarily_connected_cells/updated_1D/ring/NR_HR/2025_11_06/CASE1/updated_DOS_g_3.0_run2/shuffle_nopre.py:124: RuntimeWarning: overflow encountered in exp
  sigmoid2 = 1 / (1 + np.exp((i - i2) * sharpness))    # falling
[FAIL] Attempt 7: Numerical error found in simulation logs.
Unable to pinpoint source of NaN, an error occurred:
Method requires a simulation log containing all states and bound variables. Missing variable <0.INa_h_gate.h>.

--- Attempt 8 ---
[INFO] HR fraction = 0.291, seed = 849546
/home/pgrad1/2712549y/.local/lib/python3.6/site-packages/myokit/1D_networks_of_arbitrarily_connected_cells/updated_1D/ring/NR_HR/2025_11_06/CASE1/updated_DOS_g_3.0_run2/shuffle_nopre.py:123: RuntimeWarning: overflow encountered in exp
  sigmoid1 = 1 / (1 + np.exp(-(i - i1) * sharpness))   # rising
/home/pgrad1/2712549y/.local/lib/python3.6/site-packages/myokit/1D_networks_of_arbitrarily_connected_cells/updated_1D/ring/NR_HR/2025_11_06/CASE1/updated_DOS_g_3.0_run2/shuffle_nopre.py:124: RuntimeWarning: overflow encountered in exp
  sigmoid2 = 1 / (1 + np.exp((i - i2) * sharpness))    # falling
[FAIL] Attempt 8: Numerical error found in simulation logs.
Unable to pinpoint source of NaN, an error occurred:
Method requires a simulation log containing all states and bound variables. Missing variable <0.INa_h_gate.h>.

--- Attempt 9 ---
[INFO] HR fraction = 0.299, seed = 684226
/home/pgrad1/2712549y/.local/lib/python3.6/site-packages/myokit/1D_networks_of_arbitrarily_connected_cells/updated_1D/ring/NR_HR/2025_11_06/CASE1/updated_DOS_g_3.0_run2/shuffle_nopre.py:123: RuntimeWarning: overflow encountered in exp
  sigmoid1 = 1 / (1 + np.exp(-(i - i1) * sharpness))   # rising
/home/pgrad1/2712549y/.local/lib/python3.6/site-packages/myokit/1D_networks_of_arbitrarily_connected_cells/updated_1D/ring/NR_HR/2025_11_06/CASE1/updated_DOS_g_3.0_run2/shuffle_nopre.py:124: RuntimeWarning: overflow encountered in exp
  sigmoid2 = 1 / (1 + np.exp((i - i2) * sharpness))    # falling
[FAIL] Attempt 9: Numerical error found in simulation logs.
Unable to pinpoint source of NaN, an error occurred:
Method requires a simulation log containing all states and bound variables. Missing variable <0.INa_h_gate.h>.

--- Attempt 10 ---
[INFO] HR fraction = 0.289, seed = 193439
/home/pgrad1/2712549y/.local/lib/python3.6/site-packages/myokit/1D_networks_of_arbitrarily_connected_cells/updated_1D/ring/NR_HR/2025_11_06/CASE1/updated_DOS_g_3.0_run2/shuffle_nopre.py:123: RuntimeWarning: overflow encountered in exp
  sigmoid1 = 1 / (1 + np.exp(-(i - i1) * sharpness))   # rising
/home/pgrad1/2712549y/.local/lib/python3.6/site-packages/myokit/1D_networks_of_arbitrarily_connected_cells/updated_1D/ring/NR_HR/2025_11_06/CASE1/updated_DOS_g_3.0_run2/shuffle_nopre.py:124: RuntimeWarning: overflow encountered in exp
  sigmoid2 = 1 / (1 + np.exp((i - i2) * sharpness))    # falling
[FAIL] Attempt 10: Numerical error found in simulation logs.
Unable to pinpoint source of NaN, an error occurred:
Method requires a simulation log containing all states and bound variables. Missing variable <0.INa_h_gate.h>.

--- Attempt 11 ---
[INFO] HR fraction = 0.287, seed = 276604
/home/pgrad1/2712549y/.local/lib/python3.6/site-packages/myokit/1D_networks_of_arbitrarily_connected_cells/updated_1D/ring/NR_HR/2025_11_06/CASE1/updated_DOS_g_3.0_run2/shuffle_nopre.py:123: RuntimeWarning: overflow encountered in exp
  sigmoid1 = 1 / (1 + np.exp(-(i - i1) * sharpness))   # rising
/home/pgrad1/2712549y/.local/lib/python3.6/site-packages/myokit/1D_networks_of_arbitrarily_connected_cells/updated_1D/ring/NR_HR/2025_11_06/CASE1/updated_DOS_g_3.0_run2/shuffle_nopre.py:124: RuntimeWarning: overflow encountered in exp
  sigmoid2 = 1 / (1 + np.exp((i - i2) * sharpness))    # falling
[FAIL] Attempt 11: Numerical error found in simulation logs.
Unable to pinpoint source of NaN, an error occurred:
Method requires a simulation log containing all states and bound variables. Missing variable <0.INa_h_gate.h>.

--- Attempt 12 ---
[INFO] HR fraction = 0.309, seed = 871030
/home/pgrad1/2712549y/.local/lib/python3.6/site-packages/myokit/1D_networks_of_arbitrarily_connected_cells/updated_1D/ring/NR_HR/2025_11_06/CASE1/updated_DOS_g_3.0_run2/shuffle_nopre.py:123: RuntimeWarning: overflow encountered in exp
  sigmoid1 = 1 / (1 + np.exp(-(i - i1) * sharpness))   # rising
/home/pgrad1/2712549y/.local/lib/python3.6/site-packages/myokit/1D_networks_of_arbitrarily_connected_cells/updated_1D/ring/NR_HR/2025_11_06/CASE1/updated_DOS_g_3.0_run2/shuffle_nopre.py:124: RuntimeWarning: overflow encountered in exp
  sigmoid2 = 1 / (1 + np.exp((i - i2) * sharpness))    # falling
[FAIL] Attempt 12: Numerical error found in simulation logs.
Unable to pinpoint source of NaN, an error occurred:
Method requires a simulation log containing all states and bound variables. Missing variable <0.INa_h_gate.h>.

--- Attempt 13 ---
[INFO] HR fraction = 0.297, seed = 856045
/home/pgrad1/2712549y/.local/lib/python3.6/site-packages/myokit/1D_networks_of_arbitrarily_connected_cells/updated_1D/ring/NR_HR/2025_11_06/CASE1/updated_DOS_g_3.0_run2/shuffle_nopre.py:123: RuntimeWarning: overflow encountered in exp
  sigmoid1 = 1 / (1 + np.exp(-(i - i1) * sharpness))   # rising
/home/pgrad1/2712549y/.local/lib/python3.6/site-packages/myokit/1D_networks_of_arbitrarily_connected_cells/updated_1D/ring/NR_HR/2025_11_06/CASE1/updated_DOS_g_3.0_run2/shuffle_nopre.py:124: RuntimeWarning: overflow encountered in exp
  sigmoid2 = 1 / (1 + np.exp((i - i2) * sharpness))    # falling
[FAIL] Attempt 13: Numerical error found in simulation logs.
Unable to pinpoint source of NaN, an error occurred:
Method requires a simulation log containing all states and bound variables. Missing variable <0.INa_h_gate.h>.

--- Attempt 14 ---
[INFO] HR fraction = 0.294, seed = 434289
/home/pgrad1/2712549y/.local/lib/python3.6/site-packages/myokit/1D_networks_of_arbitrarily_connected_cells/updated_1D/ring/NR_HR/2025_11_06/CASE1/updated_DOS_g_3.0_run2/shuffle_nopre.py:123: RuntimeWarning: overflow encountered in exp
  sigmoid1 = 1 / (1 + np.exp(-(i - i1) * sharpness))   # rising
/home/pgrad1/2712549y/.local/lib/python3.6/site-packages/myokit/1D_networks_of_arbitrarily_connected_cells/updated_1D/ring/NR_HR/2025_11_06/CASE1/updated_DOS_g_3.0_run2/shuffle_nopre.py:124: RuntimeWarning: overflow encountered in exp
  sigmoid2 = 1 / (1 + np.exp((i - i2) * sharpness))    # falling
[FAIL] Attempt 14: Numerical error found in simulation logs.
Unable to pinpoint source of NaN, an error occurred:
Method requires a simulation log containing all states and bound variables. Missing variable <0.INa_h_gate.h>.

--- Attempt 15 ---
[INFO] HR fraction = 0.297, seed = 768554
/home/pgrad1/2712549y/.local/lib/python3.6/site-packages/myokit/1D_networks_of_arbitrarily_connected_cells/updated_1D/ring/NR_HR/2025_11_06/CASE1/updated_DOS_g_3.0_run2/shuffle_nopre.py:123: RuntimeWarning: overflow encountered in exp
  sigmoid1 = 1 / (1 + np.exp(-(i - i1) * sharpness))   # rising
/home/pgrad1/2712549y/.local/lib/python3.6/site-packages/myokit/1D_networks_of_arbitrarily_connected_cells/updated_1D/ring/NR_HR/2025_11_06/CASE1/updated_DOS_g_3.0_run2/shuffle_nopre.py:124: RuntimeWarning: overflow encountered in exp
  sigmoid2 = 1 / (1 + np.exp((i - i2) * sharpness))    # falling
[FAIL] Attempt 15: Numerical error found in simulation logs.
Unable to pinpoint source of NaN, an error occurred:
Method requires a simulation log containing all states and bound variables. Missing variable <0.INa_h_gate.h>.

--- Attempt 16 ---
[INFO] HR fraction = 0.301, seed = 119997
/home/pgrad1/2712549y/.local/lib/python3.6/site-packages/myokit/1D_networks_of_arbitrarily_connected_cells/updated_1D/ring/NR_HR/2025_11_06/CASE1/updated_DOS_g_3.0_run2/shuffle_nopre.py:123: RuntimeWarning: overflow encountered in exp
  sigmoid1 = 1 / (1 + np.exp(-(i - i1) * sharpness))   # rising
/home/pgrad1/2712549y/.local/lib/python3.6/site-packages/myokit/1D_networks_of_arbitrarily_connected_cells/updated_1D/ring/NR_HR/2025_11_06/CASE1/updated_DOS_g_3.0_run2/shuffle_nopre.py:124: RuntimeWarning: overflow encountered in exp
  sigmoid2 = 1 / (1 + np.exp((i - i2) * sharpness))    # falling
[FAIL] Attempt 16: Numerical error found in simulation logs.
Unable to pinpoint source of NaN, an error occurred:
Method requires a simulation log containing all states and bound variables. Missing variable <0.INa_h_gate.h>.

--- Attempt 17 ---
[INFO] HR fraction = 0.300, seed = 554772
/home/pgrad1/2712549y/.local/lib/python3.6/site-packages/myokit/1D_networks_of_arbitrarily_connected_cells/updated_1D/ring/NR_HR/2025_11_06/CASE1/updated_DOS_g_3.0_run2/shuffle_nopre.py:123: RuntimeWarning: overflow encountered in exp
  sigmoid1 = 1 / (1 + np.exp(-(i - i1) * sharpness))   # rising
/home/pgrad1/2712549y/.local/lib/python3.6/site-packages/myokit/1D_networks_of_arbitrarily_connected_cells/updated_1D/ring/NR_HR/2025_11_06/CASE1/updated_DOS_g_3.0_run2/shuffle_nopre.py:124: RuntimeWarning: overflow encountered in exp
  sigmoid2 = 1 / (1 + np.exp((i - i2) * sharpness))    # falling
[FAIL] Attempt 17: Numerical error found in simulation logs.
Unable to pinpoint source of NaN, an error occurred:
Method requires a simulation log containing all states and bound variables. Missing variable <0.INa_h_gate.h>.

--- Attempt 18 ---
[INFO] HR fraction = 0.297, seed = 458580
/home/pgrad1/2712549y/.local/lib/python3.6/site-packages/myokit/1D_networks_of_arbitrarily_connected_cells/updated_1D/ring/NR_HR/2025_11_06/CASE1/updated_DOS_g_3.0_run2/shuffle_nopre.py:123: RuntimeWarning: overflow encountered in exp
  sigmoid1 = 1 / (1 + np.exp(-(i - i1) * sharpness))   # rising
/home/pgrad1/2712549y/.local/lib/python3.6/site-packages/myokit/1D_networks_of_arbitrarily_connected_cells/updated_1D/ring/NR_HR/2025_11_06/CASE1/updated_DOS_g_3.0_run2/shuffle_nopre.py:124: RuntimeWarning: overflow encountered in exp
  sigmoid2 = 1 / (1 + np.exp((i - i2) * sharpness))    # falling
[FAIL] Attempt 18: Numerical error found in simulation logs.
Unable to pinpoint source of NaN, an error occurred:
Method requires a simulation log containing all states and bound variables. Missing variable <0.INa_h_gate.h>.

--- Attempt 19 ---
[INFO] HR fraction = 0.281, seed = 231757
/home/pgrad1/2712549y/.local/lib/python3.6/site-packages/myokit/1D_networks_of_arbitrarily_connected_cells/updated_1D/ring/NR_HR/2025_11_06/CASE1/updated_DOS_g_3.0_run2/shuffle_nopre.py:123: RuntimeWarning: overflow encountered in exp
  sigmoid1 = 1 / (1 + np.exp(-(i - i1) * sharpness))   # rising
/home/pgrad1/2712549y/.local/lib/python3.6/site-packages/myokit/1D_networks_of_arbitrarily_connected_cells/updated_1D/ring/NR_HR/2025_11_06/CASE1/updated_DOS_g_3.0_run2/shuffle_nopre.py:124: RuntimeWarning: overflow encountered in exp
  sigmoid2 = 1 / (1 + np.exp((i - i2) * sharpness))    # falling
[FAIL] Attempt 19: Numerical error found in simulation logs.
Unable to pinpoint source of NaN, an error occurred:
Method requires a simulation log containing all states and bound variables. Missing variable <0.INa_h_gate.h>.

--- Attempt 20 ---
[INFO] HR fraction = 0.299, seed = 518758
[SUCCESS] Simulation completed
[APD90] Mean=209.18, HR_mean=315.39, NR_mean=163.94
[INFO] Saved AP traces: ap_traces_attempt20.pdf
[INFO] Saved corona ring heatmap: ap_circular_heatmap_attempt20.png
