Error processing line 1 of /home/pgrad1/2712549y/.local/lib/python3.10/site-packages/distutils-precedence.pth:

  Traceback (most recent call last):
    File "/usr/lib/python3.10/site.py", line 192, in addpackage
      exec(line)
    File "<string>", line 1, in <module>
  AttributeError: module '_distutils_hack' has no attribute 'add_shim'

Remainder of file ignored
Error processing line 1 of /usr/lib/python3/dist-packages/distutils-precedence.pth:

  Traceback (most recent call last):
    File "/usr/lib/python3.10/site.py", line 192, in addpackage
      exec(line)
    File "<string>", line 1, in <module>
  AttributeError: module '_distutils_hack' has no attribute 'add_shim'

Remainder of file ignored
/home/pgrad1/2712549y/.local/lib/python3.6/site-packages/myokit/1D_networks_of_arbitrarily_connected_cells/updated_1D/ring/NR_HR/2025_11_06/CASE1/updated_DOS_g_3.0_run2/change_g/shuffle_nopre.py:123: RuntimeWarning: overflow encountered in exp
  sigmoid1 = 1 / (1 + np.exp(-(i - i1) * sharpness))   # rising
/home/pgrad1/2712549y/.local/lib/python3.6/site-packages/myokit/1D_networks_of_arbitrarily_connected_cells/updated_1D/ring/NR_HR/2025_11_06/CASE1/updated_DOS_g_3.0_run2/change_g/shuffle_nopre.py:124: RuntimeWarning: overflow encountered in exp
  sigmoid2 = 1 / (1 + np.exp((i - i2) * sharpness))    # falling

--- Attempt 1 ---
[INFO] HR fraction = 0.296, seed = 838185
/home/pgrad1/2712549y/.local/lib/python3.6/site-packages/myokit/1D_networks_of_arbitrarily_connected_cells/updated_1D/ring/NR_HR/2025_11_06/CASE1/updated_DOS_g_3.0_run2/change_g/shuffle_nopre.py:123: RuntimeWarning: overflow encountered in exp
  sigmoid1 = 1 / (1 + np.exp(-(i - i1) * sharpness))   # rising
/home/pgrad1/2712549y/.local/lib/python3.6/site-packages/myokit/1D_networks_of_arbitrarily_connected_cells/updated_1D/ring/NR_HR/2025_11_06/CASE1/updated_DOS_g_3.0_run2/change_g/shuffle_nopre.py:124: RuntimeWarning: overflow encountered in exp
  sigmoid2 = 1 / (1 + np.exp((i - i2) * sharpness))    # falling
[FAIL] Attempt 1: Numerical error found in simulation logs.
Unable to pinpoint source of NaN, an error occurred:
Method requires a simulation log containing all states and bound variables. Missing variable <0.INa_h_gate.h>.

--- Attempt 2 ---
[INFO] HR fraction = 0.284, seed = 425831
/home/pgrad1/2712549y/.local/lib/python3.6/site-packages/myokit/1D_networks_of_arbitrarily_connected_cells/updated_1D/ring/NR_HR/2025_11_06/CASE1/updated_DOS_g_3.0_run2/change_g/shuffle_nopre.py:123: RuntimeWarning: overflow encountered in exp
  sigmoid1 = 1 / (1 + np.exp(-(i - i1) * sharpness))   # rising
/home/pgrad1/2712549y/.local/lib/python3.6/site-packages/myokit/1D_networks_of_arbitrarily_connected_cells/updated_1D/ring/NR_HR/2025_11_06/CASE1/updated_DOS_g_3.0_run2/change_g/shuffle_nopre.py:124: RuntimeWarning: overflow encountered in exp
  sigmoid2 = 1 / (1 + np.exp((i - i2) * sharpness))    # falling
[FAIL] Attempt 2: Numerical error found in simulation logs.
Unable to pinpoint source of NaN, an error occurred:
Method requires a simulation log containing all states and bound variables. Missing variable <0.INa_h_gate.h>.

--- Attempt 3 ---
[INFO] HR fraction = 0.300, seed = 592928
/home/pgrad1/2712549y/.local/lib/python3.6/site-packages/myokit/1D_networks_of_arbitrarily_connected_cells/updated_1D/ring/NR_HR/2025_11_06/CASE1/updated_DOS_g_3.0_run2/change_g/shuffle_nopre.py:123: RuntimeWarning: overflow encountered in exp
  sigmoid1 = 1 / (1 + np.exp(-(i - i1) * sharpness))   # rising
/home/pgrad1/2712549y/.local/lib/python3.6/site-packages/myokit/1D_networks_of_arbitrarily_connected_cells/updated_1D/ring/NR_HR/2025_11_06/CASE1/updated_DOS_g_3.0_run2/change_g/shuffle_nopre.py:124: RuntimeWarning: overflow encountered in exp
  sigmoid2 = 1 / (1 + np.exp((i - i2) * sharpness))    # falling
[FAIL] Attempt 3: Numerical error found in simulation logs.
Unable to pinpoint source of NaN, an error occurred:
Method requires a simulation log containing all states and bound variables. Missing variable <0.INa_h_gate.h>.

--- Attempt 4 ---
[INFO] HR fraction = 0.305, seed = 10994
/home/pgrad1/2712549y/.local/lib/python3.6/site-packages/myokit/1D_networks_of_arbitrarily_connected_cells/updated_1D/ring/NR_HR/2025_11_06/CASE1/updated_DOS_g_3.0_run2/change_g/shuffle_nopre.py:123: RuntimeWarning: overflow encountered in exp
  sigmoid1 = 1 / (1 + np.exp(-(i - i1) * sharpness))   # rising
/home/pgrad1/2712549y/.local/lib/python3.6/site-packages/myokit/1D_networks_of_arbitrarily_connected_cells/updated_1D/ring/NR_HR/2025_11_06/CASE1/updated_DOS_g_3.0_run2/change_g/shuffle_nopre.py:124: RuntimeWarning: overflow encountered in exp
  sigmoid2 = 1 / (1 + np.exp((i - i2) * sharpness))    # falling
[FAIL] Attempt 4: Numerical error found in simulation logs.
Unable to pinpoint source of NaN, an error occurred:
Method requires a simulation log containing all states and bound variables. Missing variable <0.INa_h_gate.h>.

--- Attempt 5 ---
[INFO] HR fraction = 0.295, seed = 702390
/home/pgrad1/2712549y/.local/lib/python3.6/site-packages/myokit/1D_networks_of_arbitrarily_connected_cells/updated_1D/ring/NR_HR/2025_11_06/CASE1/updated_DOS_g_3.0_run2/change_g/shuffle_nopre.py:123: RuntimeWarning: overflow encountered in exp
  sigmoid1 = 1 / (1 + np.exp(-(i - i1) * sharpness))   # rising
/home/pgrad1/2712549y/.local/lib/python3.6/site-packages/myokit/1D_networks_of_arbitrarily_connected_cells/updated_1D/ring/NR_HR/2025_11_06/CASE1/updated_DOS_g_3.0_run2/change_g/shuffle_nopre.py:124: RuntimeWarning: overflow encountered in exp
  sigmoid2 = 1 / (1 + np.exp((i - i2) * sharpness))    # falling
[FAIL] Attempt 5: Numerical error found in simulation logs.
Unable to pinpoint source of NaN, an error occurred:
Method requires a simulation log containing all states and bound variables. Missing variable <0.INa_h_gate.h>.

--- Attempt 6 ---
[INFO] HR fraction = 0.287, seed = 718740
/home/pgrad1/2712549y/.local/lib/python3.6/site-packages/myokit/1D_networks_of_arbitrarily_connected_cells/updated_1D/ring/NR_HR/2025_11_06/CASE1/updated_DOS_g_3.0_run2/change_g/shuffle_nopre.py:123: RuntimeWarning: overflow encountered in exp
  sigmoid1 = 1 / (1 + np.exp(-(i - i1) * sharpness))   # rising
/home/pgrad1/2712549y/.local/lib/python3.6/site-packages/myokit/1D_networks_of_arbitrarily_connected_cells/updated_1D/ring/NR_HR/2025_11_06/CASE1/updated_DOS_g_3.0_run2/change_g/shuffle_nopre.py:124: RuntimeWarning: overflow encountered in exp
  sigmoid2 = 1 / (1 + np.exp((i - i2) * sharpness))    # falling
[FAIL] Attempt 6: Numerical error found in simulation logs.
Unable to pinpoint source of NaN, an error occurred:
Method requires a simulation log containing all states and bound variables. Missing variable <0.INa_h_gate.h>.

--- Attempt 7 ---
[INFO] HR fraction = 0.289, seed = 287228
/home/pgrad1/2712549y/.local/lib/python3.6/site-packages/myokit/1D_networks_of_arbitrarily_connected_cells/updated_1D/ring/NR_HR/2025_11_06/CASE1/updated_DOS_g_3.0_run2/change_g/shuffle_nopre.py:123: RuntimeWarning: overflow encountered in exp
  sigmoid1 = 1 / (1 + np.exp(-(i - i1) * sharpness))   # rising
/home/pgrad1/2712549y/.local/lib/python3.6/site-packages/myokit/1D_networks_of_arbitrarily_connected_cells/updated_1D/ring/NR_HR/2025_11_06/CASE1/updated_DOS_g_3.0_run2/change_g/shuffle_nopre.py:124: RuntimeWarning: overflow encountered in exp
  sigmoid2 = 1 / (1 + np.exp((i - i2) * sharpness))    # falling
[FAIL] Attempt 7: Numerical error found in simulation logs.
Unable to pinpoint source of NaN, an error occurred:
Method requires a simulation log containing all states and bound variables. Missing variable <0.INa_h_gate.h>.

--- Attempt 8 ---
[INFO] HR fraction = 0.299, seed = 159992
/home/pgrad1/2712549y/.local/lib/python3.6/site-packages/myokit/1D_networks_of_arbitrarily_connected_cells/updated_1D/ring/NR_HR/2025_11_06/CASE1/updated_DOS_g_3.0_run2/change_g/shuffle_nopre.py:123: RuntimeWarning: overflow encountered in exp
  sigmoid1 = 1 / (1 + np.exp(-(i - i1) * sharpness))   # rising
/home/pgrad1/2712549y/.local/lib/python3.6/site-packages/myokit/1D_networks_of_arbitrarily_connected_cells/updated_1D/ring/NR_HR/2025_11_06/CASE1/updated_DOS_g_3.0_run2/change_g/shuffle_nopre.py:124: RuntimeWarning: overflow encountered in exp
  sigmoid2 = 1 / (1 + np.exp((i - i2) * sharpness))    # falling
[FAIL] Attempt 8: Numerical error found in simulation logs.
Unable to pinpoint source of NaN, an error occurred:
Method requires a simulation log containing all states and bound variables. Missing variable <0.INa_h_gate.h>.

--- Attempt 9 ---
[INFO] HR fraction = 0.294, seed = 575607
/home/pgrad1/2712549y/.local/lib/python3.6/site-packages/myokit/1D_networks_of_arbitrarily_connected_cells/updated_1D/ring/NR_HR/2025_11_06/CASE1/updated_DOS_g_3.0_run2/change_g/shuffle_nopre.py:123: RuntimeWarning: overflow encountered in exp
  sigmoid1 = 1 / (1 + np.exp(-(i - i1) * sharpness))   # rising
/home/pgrad1/2712549y/.local/lib/python3.6/site-packages/myokit/1D_networks_of_arbitrarily_connected_cells/updated_1D/ring/NR_HR/2025_11_06/CASE1/updated_DOS_g_3.0_run2/change_g/shuffle_nopre.py:124: RuntimeWarning: overflow encountered in exp
  sigmoid2 = 1 / (1 + np.exp((i - i2) * sharpness))    # falling
[FAIL] Attempt 9: Numerical error found in simulation logs.
Unable to pinpoint source of NaN, an error occurred:
Method requires a simulation log containing all states and bound variables. Missing variable <0.INa_h_gate.h>.

--- Attempt 10 ---
[INFO] HR fraction = 0.299, seed = 430556
/home/pgrad1/2712549y/.local/lib/python3.6/site-packages/myokit/1D_networks_of_arbitrarily_connected_cells/updated_1D/ring/NR_HR/2025_11_06/CASE1/updated_DOS_g_3.0_run2/change_g/shuffle_nopre.py:123: RuntimeWarning: overflow encountered in exp
  sigmoid1 = 1 / (1 + np.exp(-(i - i1) * sharpness))   # rising
/home/pgrad1/2712549y/.local/lib/python3.6/site-packages/myokit/1D_networks_of_arbitrarily_connected_cells/updated_1D/ring/NR_HR/2025_11_06/CASE1/updated_DOS_g_3.0_run2/change_g/shuffle_nopre.py:124: RuntimeWarning: overflow encountered in exp
  sigmoid2 = 1 / (1 + np.exp((i - i2) * sharpness))    # falling
[FAIL] Attempt 10: Numerical error found in simulation logs.
Unable to pinpoint source of NaN, an error occurred:
Method requires a simulation log containing all states and bound variables. Missing variable <0.INa_h_gate.h>.

--- Attempt 11 ---
[INFO] HR fraction = 0.284, seed = 605728
/home/pgrad1/2712549y/.local/lib/python3.6/site-packages/myokit/1D_networks_of_arbitrarily_connected_cells/updated_1D/ring/NR_HR/2025_11_06/CASE1/updated_DOS_g_3.0_run2/change_g/shuffle_nopre.py:123: RuntimeWarning: overflow encountered in exp
  sigmoid1 = 1 / (1 + np.exp(-(i - i1) * sharpness))   # rising
/home/pgrad1/2712549y/.local/lib/python3.6/site-packages/myokit/1D_networks_of_arbitrarily_connected_cells/updated_1D/ring/NR_HR/2025_11_06/CASE1/updated_DOS_g_3.0_run2/change_g/shuffle_nopre.py:124: RuntimeWarning: overflow encountered in exp
  sigmoid2 = 1 / (1 + np.exp((i - i2) * sharpness))    # falling
[FAIL] Attempt 11: Numerical error found in simulation logs.
Unable to pinpoint source of NaN, an error occurred:
Method requires a simulation log containing all states and bound variables. Missing variable <0.INa_h_gate.h>.

--- Attempt 12 ---
[INFO] HR fraction = 0.291, seed = 538951
/home/pgrad1/2712549y/.local/lib/python3.6/site-packages/myokit/1D_networks_of_arbitrarily_connected_cells/updated_1D/ring/NR_HR/2025_11_06/CASE1/updated_DOS_g_3.0_run2/change_g/shuffle_nopre.py:123: RuntimeWarning: overflow encountered in exp
  sigmoid1 = 1 / (1 + np.exp(-(i - i1) * sharpness))   # rising
/home/pgrad1/2712549y/.local/lib/python3.6/site-packages/myokit/1D_networks_of_arbitrarily_connected_cells/updated_1D/ring/NR_HR/2025_11_06/CASE1/updated_DOS_g_3.0_run2/change_g/shuffle_nopre.py:124: RuntimeWarning: overflow encountered in exp
  sigmoid2 = 1 / (1 + np.exp((i - i2) * sharpness))    # falling
[FAIL] Attempt 12: Numerical error found in simulation logs.
Unable to pinpoint source of NaN, an error occurred:
Method requires a simulation log containing all states and bound variables. Missing variable <0.INa_h_gate.h>.

--- Attempt 13 ---
[INFO] HR fraction = 0.296, seed = 983968
/home/pgrad1/2712549y/.local/lib/python3.6/site-packages/myokit/1D_networks_of_arbitrarily_connected_cells/updated_1D/ring/NR_HR/2025_11_06/CASE1/updated_DOS_g_3.0_run2/change_g/shuffle_nopre.py:123: RuntimeWarning: overflow encountered in exp
  sigmoid1 = 1 / (1 + np.exp(-(i - i1) * sharpness))   # rising
/home/pgrad1/2712549y/.local/lib/python3.6/site-packages/myokit/1D_networks_of_arbitrarily_connected_cells/updated_1D/ring/NR_HR/2025_11_06/CASE1/updated_DOS_g_3.0_run2/change_g/shuffle_nopre.py:124: RuntimeWarning: overflow encountered in exp
  sigmoid2 = 1 / (1 + np.exp((i - i2) * sharpness))    # falling
[FAIL] Attempt 13: Numerical error found in simulation logs.
Unable to pinpoint source of NaN, an error occurred:
Method requires a simulation log containing all states and bound variables. Missing variable <0.INa_h_gate.h>.

--- Attempt 14 ---
[INFO] HR fraction = 0.311, seed = 307837
/home/pgrad1/2712549y/.local/lib/python3.6/site-packages/myokit/1D_networks_of_arbitrarily_connected_cells/updated_1D/ring/NR_HR/2025_11_06/CASE1/updated_DOS_g_3.0_run2/change_g/shuffle_nopre.py:123: RuntimeWarning: overflow encountered in exp
  sigmoid1 = 1 / (1 + np.exp(-(i - i1) * sharpness))   # rising
/home/pgrad1/2712549y/.local/lib/python3.6/site-packages/myokit/1D_networks_of_arbitrarily_connected_cells/updated_1D/ring/NR_HR/2025_11_06/CASE1/updated_DOS_g_3.0_run2/change_g/shuffle_nopre.py:124: RuntimeWarning: overflow encountered in exp
  sigmoid2 = 1 / (1 + np.exp((i - i2) * sharpness))    # falling
[FAIL] Attempt 14: Numerical error found in simulation logs.
Unable to pinpoint source of NaN, an error occurred:
Method requires a simulation log containing all states and bound variables. Missing variable <0.INa_h_gate.h>.

--- Attempt 15 ---
[INFO] HR fraction = 0.295, seed = 334835
/home/pgrad1/2712549y/.local/lib/python3.6/site-packages/myokit/1D_networks_of_arbitrarily_connected_cells/updated_1D/ring/NR_HR/2025_11_06/CASE1/updated_DOS_g_3.0_run2/change_g/shuffle_nopre.py:123: RuntimeWarning: overflow encountered in exp
  sigmoid1 = 1 / (1 + np.exp(-(i - i1) * sharpness))   # rising
/home/pgrad1/2712549y/.local/lib/python3.6/site-packages/myokit/1D_networks_of_arbitrarily_connected_cells/updated_1D/ring/NR_HR/2025_11_06/CASE1/updated_DOS_g_3.0_run2/change_g/shuffle_nopre.py:124: RuntimeWarning: overflow encountered in exp
  sigmoid2 = 1 / (1 + np.exp((i - i2) * sharpness))    # falling
[FAIL] Attempt 15: Numerical error found in simulation logs.
Unable to pinpoint source of NaN, an error occurred:
Method requires a simulation log containing all states and bound variables. Missing variable <0.INa_h_gate.h>.

--- Attempt 16 ---
[INFO] HR fraction = 0.291, seed = 539939
/home/pgrad1/2712549y/.local/lib/python3.6/site-packages/myokit/1D_networks_of_arbitrarily_connected_cells/updated_1D/ring/NR_HR/2025_11_06/CASE1/updated_DOS_g_3.0_run2/change_g/shuffle_nopre.py:123: RuntimeWarning: overflow encountered in exp
  sigmoid1 = 1 / (1 + np.exp(-(i - i1) * sharpness))   # rising
/home/pgrad1/2712549y/.local/lib/python3.6/site-packages/myokit/1D_networks_of_arbitrarily_connected_cells/updated_1D/ring/NR_HR/2025_11_06/CASE1/updated_DOS_g_3.0_run2/change_g/shuffle_nopre.py:124: RuntimeWarning: overflow encountered in exp
  sigmoid2 = 1 / (1 + np.exp((i - i2) * sharpness))    # falling
[FAIL] Attempt 16: Numerical error found in simulation logs.
Unable to pinpoint source of NaN, an error occurred:
Method requires a simulation log containing all states and bound variables. Missing variable <0.INa_h_gate.h>.

--- Attempt 17 ---
[INFO] HR fraction = 0.300, seed = 985281
/home/pgrad1/2712549y/.local/lib/python3.6/site-packages/myokit/1D_networks_of_arbitrarily_connected_cells/updated_1D/ring/NR_HR/2025_11_06/CASE1/updated_DOS_g_3.0_run2/change_g/shuffle_nopre.py:123: RuntimeWarning: overflow encountered in exp
  sigmoid1 = 1 / (1 + np.exp(-(i - i1) * sharpness))   # rising
/home/pgrad1/2712549y/.local/lib/python3.6/site-packages/myokit/1D_networks_of_arbitrarily_connected_cells/updated_1D/ring/NR_HR/2025_11_06/CASE1/updated_DOS_g_3.0_run2/change_g/shuffle_nopre.py:124: RuntimeWarning: overflow encountered in exp
  sigmoid2 = 1 / (1 + np.exp((i - i2) * sharpness))    # falling
[FAIL] Attempt 17: Numerical error found in simulation logs.
Unable to pinpoint source of NaN, an error occurred:
Method requires a simulation log containing all states and bound variables. Missing variable <0.INa_h_gate.h>.

--- Attempt 18 ---
[INFO] HR fraction = 0.295, seed = 471675
/home/pgrad1/2712549y/.local/lib/python3.6/site-packages/myokit/1D_networks_of_arbitrarily_connected_cells/updated_1D/ring/NR_HR/2025_11_06/CASE1/updated_DOS_g_3.0_run2/change_g/shuffle_nopre.py:123: RuntimeWarning: overflow encountered in exp
  sigmoid1 = 1 / (1 + np.exp(-(i - i1) * sharpness))   # rising
/home/pgrad1/2712549y/.local/lib/python3.6/site-packages/myokit/1D_networks_of_arbitrarily_connected_cells/updated_1D/ring/NR_HR/2025_11_06/CASE1/updated_DOS_g_3.0_run2/change_g/shuffle_nopre.py:124: RuntimeWarning: overflow encountered in exp
  sigmoid2 = 1 / (1 + np.exp((i - i2) * sharpness))    # falling
[FAIL] Attempt 18: Numerical error found in simulation logs.
Unable to pinpoint source of NaN, an error occurred:
Method requires a simulation log containing all states and bound variables. Missing variable <0.INa_h_gate.h>.

--- Attempt 19 ---
[INFO] HR fraction = 0.299, seed = 820859
/home/pgrad1/2712549y/.local/lib/python3.6/site-packages/myokit/1D_networks_of_arbitrarily_connected_cells/updated_1D/ring/NR_HR/2025_11_06/CASE1/updated_DOS_g_3.0_run2/change_g/shuffle_nopre.py:123: RuntimeWarning: overflow encountered in exp
  sigmoid1 = 1 / (1 + np.exp(-(i - i1) * sharpness))   # rising
/home/pgrad1/2712549y/.local/lib/python3.6/site-packages/myokit/1D_networks_of_arbitrarily_connected_cells/updated_1D/ring/NR_HR/2025_11_06/CASE1/updated_DOS_g_3.0_run2/change_g/shuffle_nopre.py:124: RuntimeWarning: overflow encountered in exp
  sigmoid2 = 1 / (1 + np.exp((i - i2) * sharpness))    # falling
[FAIL] Attempt 19: Numerical error found in simulation logs.
Unable to pinpoint source of NaN, an error occurred:
Method requires a simulation log containing all states and bound variables. Missing variable <0.INa_h_gate.h>.

--- Attempt 20 ---
[INFO] HR fraction = 0.297, seed = 683665
/home/pgrad1/2712549y/.local/lib/python3.6/site-packages/myokit/1D_networks_of_arbitrarily_connected_cells/updated_1D/ring/NR_HR/2025_11_06/CASE1/updated_DOS_g_3.0_run2/change_g/shuffle_nopre.py:123: RuntimeWarning: overflow encountered in exp
  sigmoid1 = 1 / (1 + np.exp(-(i - i1) * sharpness))   # rising
/home/pgrad1/2712549y/.local/lib/python3.6/site-packages/myokit/1D_networks_of_arbitrarily_connected_cells/updated_1D/ring/NR_HR/2025_11_06/CASE1/updated_DOS_g_3.0_run2/change_g/shuffle_nopre.py:124: RuntimeWarning: overflow encountered in exp
  sigmoid2 = 1 / (1 + np.exp((i - i2) * sharpness))    # falling
[FAIL] Attempt 20: Numerical error found in simulation logs.
Unable to pinpoint source of NaN, an error occurred:
Method requires a simulation log containing all states and bound variables. Missing variable <0.INa_h_gate.h>.

--- Attempt 21 ---
[INFO] HR fraction = 0.300, seed = 622591
/home/pgrad1/2712549y/.local/lib/python3.6/site-packages/myokit/1D_networks_of_arbitrarily_connected_cells/updated_1D/ring/NR_HR/2025_11_06/CASE1/updated_DOS_g_3.0_run2/change_g/shuffle_nopre.py:123: RuntimeWarning: overflow encountered in exp
  sigmoid1 = 1 / (1 + np.exp(-(i - i1) * sharpness))   # rising
/home/pgrad1/2712549y/.local/lib/python3.6/site-packages/myokit/1D_networks_of_arbitrarily_connected_cells/updated_1D/ring/NR_HR/2025_11_06/CASE1/updated_DOS_g_3.0_run2/change_g/shuffle_nopre.py:124: RuntimeWarning: overflow encountered in exp
  sigmoid2 = 1 / (1 + np.exp((i - i2) * sharpness))    # falling
[FAIL] Attempt 21: Numerical error found in simulation logs.
Unable to pinpoint source of NaN, an error occurred:
Method requires a simulation log containing all states and bound variables. Missing variable <0.INa_h_gate.h>.

--- Attempt 22 ---
[INFO] HR fraction = 0.307, seed = 33723
/home/pgrad1/2712549y/.local/lib/python3.6/site-packages/myokit/1D_networks_of_arbitrarily_connected_cells/updated_1D/ring/NR_HR/2025_11_06/CASE1/updated_DOS_g_3.0_run2/change_g/shuffle_nopre.py:123: RuntimeWarning: overflow encountered in exp
  sigmoid1 = 1 / (1 + np.exp(-(i - i1) * sharpness))   # rising
/home/pgrad1/2712549y/.local/lib/python3.6/site-packages/myokit/1D_networks_of_arbitrarily_connected_cells/updated_1D/ring/NR_HR/2025_11_06/CASE1/updated_DOS_g_3.0_run2/change_g/shuffle_nopre.py:124: RuntimeWarning: overflow encountered in exp
  sigmoid2 = 1 / (1 + np.exp((i - i2) * sharpness))    # falling
[FAIL] Attempt 22: Numerical error found in simulation logs.
Unable to pinpoint source of NaN, an error occurred:
Method requires a simulation log containing all states and bound variables. Missing variable <0.INa_h_gate.h>.

--- Attempt 23 ---
[INFO] HR fraction = 0.300, seed = 988244
/home/pgrad1/2712549y/.local/lib/python3.6/site-packages/myokit/1D_networks_of_arbitrarily_connected_cells/updated_1D/ring/NR_HR/2025_11_06/CASE1/updated_DOS_g_3.0_run2/change_g/shuffle_nopre.py:123: RuntimeWarning: overflow encountered in exp
  sigmoid1 = 1 / (1 + np.exp(-(i - i1) * sharpness))   # rising
/home/pgrad1/2712549y/.local/lib/python3.6/site-packages/myokit/1D_networks_of_arbitrarily_connected_cells/updated_1D/ring/NR_HR/2025_11_06/CASE1/updated_DOS_g_3.0_run2/change_g/shuffle_nopre.py:124: RuntimeWarning: overflow encountered in exp
  sigmoid2 = 1 / (1 + np.exp((i - i2) * sharpness))    # falling
[FAIL] Attempt 23: Numerical error found in simulation logs.
Unable to pinpoint source of NaN, an error occurred:
Method requires a simulation log containing all states and bound variables. Missing variable <0.INa_h_gate.h>.

--- Attempt 24 ---
[INFO] HR fraction = 0.294, seed = 285929
/home/pgrad1/2712549y/.local/lib/python3.6/site-packages/myokit/1D_networks_of_arbitrarily_connected_cells/updated_1D/ring/NR_HR/2025_11_06/CASE1/updated_DOS_g_3.0_run2/change_g/shuffle_nopre.py:123: RuntimeWarning: overflow encountered in exp
  sigmoid1 = 1 / (1 + np.exp(-(i - i1) * sharpness))   # rising
/home/pgrad1/2712549y/.local/lib/python3.6/site-packages/myokit/1D_networks_of_arbitrarily_connected_cells/updated_1D/ring/NR_HR/2025_11_06/CASE1/updated_DOS_g_3.0_run2/change_g/shuffle_nopre.py:124: RuntimeWarning: overflow encountered in exp
  sigmoid2 = 1 / (1 + np.exp((i - i2) * sharpness))    # falling
[FAIL] Attempt 24: Numerical error found in simulation logs.
Unable to pinpoint source of NaN, an error occurred:
Method requires a simulation log containing all states and bound variables. Missing variable <0.INa_h_gate.h>.

--- Attempt 25 ---
[INFO] HR fraction = 0.294, seed = 47205
/home/pgrad1/2712549y/.local/lib/python3.6/site-packages/myokit/1D_networks_of_arbitrarily_connected_cells/updated_1D/ring/NR_HR/2025_11_06/CASE1/updated_DOS_g_3.0_run2/change_g/shuffle_nopre.py:123: RuntimeWarning: overflow encountered in exp
  sigmoid1 = 1 / (1 + np.exp(-(i - i1) * sharpness))   # rising
/home/pgrad1/2712549y/.local/lib/python3.6/site-packages/myokit/1D_networks_of_arbitrarily_connected_cells/updated_1D/ring/NR_HR/2025_11_06/CASE1/updated_DOS_g_3.0_run2/change_g/shuffle_nopre.py:124: RuntimeWarning: overflow encountered in exp
  sigmoid2 = 1 / (1 + np.exp((i - i2) * sharpness))    # falling
[FAIL] Attempt 25: Numerical error found in simulation logs.
Unable to pinpoint source of NaN, an error occurred:
Method requires a simulation log containing all states and bound variables. Missing variable <0.INa_h_gate.h>.

--- Attempt 26 ---
[INFO] HR fraction = 0.292, seed = 637484
/home/pgrad1/2712549y/.local/lib/python3.6/site-packages/myokit/1D_networks_of_arbitrarily_connected_cells/updated_1D/ring/NR_HR/2025_11_06/CASE1/updated_DOS_g_3.0_run2/change_g/shuffle_nopre.py:123: RuntimeWarning: overflow encountered in exp
  sigmoid1 = 1 / (1 + np.exp(-(i - i1) * sharpness))   # rising
/home/pgrad1/2712549y/.local/lib/python3.6/site-packages/myokit/1D_networks_of_arbitrarily_connected_cells/updated_1D/ring/NR_HR/2025_11_06/CASE1/updated_DOS_g_3.0_run2/change_g/shuffle_nopre.py:124: RuntimeWarning: overflow encountered in exp
  sigmoid2 = 1 / (1 + np.exp((i - i2) * sharpness))    # falling
[FAIL] Attempt 26: Numerical error found in simulation logs.
Unable to pinpoint source of NaN, an error occurred:
Method requires a simulation log containing all states and bound variables. Missing variable <0.INa_h_gate.h>.

--- Attempt 27 ---
[INFO] HR fraction = 0.300, seed = 777713
/home/pgrad1/2712549y/.local/lib/python3.6/site-packages/myokit/1D_networks_of_arbitrarily_connected_cells/updated_1D/ring/NR_HR/2025_11_06/CASE1/updated_DOS_g_3.0_run2/change_g/shuffle_nopre.py:123: RuntimeWarning: overflow encountered in exp
  sigmoid1 = 1 / (1 + np.exp(-(i - i1) * sharpness))   # rising
/home/pgrad1/2712549y/.local/lib/python3.6/site-packages/myokit/1D_networks_of_arbitrarily_connected_cells/updated_1D/ring/NR_HR/2025_11_06/CASE1/updated_DOS_g_3.0_run2/change_g/shuffle_nopre.py:124: RuntimeWarning: overflow encountered in exp
  sigmoid2 = 1 / (1 + np.exp((i - i2) * sharpness))    # falling
[FAIL] Attempt 27: Numerical error found in simulation logs.
Unable to pinpoint source of NaN, an error occurred:
Method requires a simulation log containing all states and bound variables. Missing variable <0.INa_h_gate.h>.

--- Attempt 28 ---
[INFO] HR fraction = 0.291, seed = 405071
/home/pgrad1/2712549y/.local/lib/python3.6/site-packages/myokit/1D_networks_of_arbitrarily_connected_cells/updated_1D/ring/NR_HR/2025_11_06/CASE1/updated_DOS_g_3.0_run2/change_g/shuffle_nopre.py:123: RuntimeWarning: overflow encountered in exp
  sigmoid1 = 1 / (1 + np.exp(-(i - i1) * sharpness))   # rising
/home/pgrad1/2712549y/.local/lib/python3.6/site-packages/myokit/1D_networks_of_arbitrarily_connected_cells/updated_1D/ring/NR_HR/2025_11_06/CASE1/updated_DOS_g_3.0_run2/change_g/shuffle_nopre.py:124: RuntimeWarning: overflow encountered in exp
  sigmoid2 = 1 / (1 + np.exp((i - i2) * sharpness))    # falling
[FAIL] Attempt 28: Numerical error found in simulation logs.
Unable to pinpoint source of NaN, an error occurred:
Method requires a simulation log containing all states and bound variables. Missing variable <0.INa_h_gate.h>.

--- Attempt 29 ---
[INFO] HR fraction = 0.299, seed = 696990
/home/pgrad1/2712549y/.local/lib/python3.6/site-packages/myokit/1D_networks_of_arbitrarily_connected_cells/updated_1D/ring/NR_HR/2025_11_06/CASE1/updated_DOS_g_3.0_run2/change_g/shuffle_nopre.py:123: RuntimeWarning: overflow encountered in exp
  sigmoid1 = 1 / (1 + np.exp(-(i - i1) * sharpness))   # rising
/home/pgrad1/2712549y/.local/lib/python3.6/site-packages/myokit/1D_networks_of_arbitrarily_connected_cells/updated_1D/ring/NR_HR/2025_11_06/CASE1/updated_DOS_g_3.0_run2/change_g/shuffle_nopre.py:124: RuntimeWarning: overflow encountered in exp
  sigmoid2 = 1 / (1 + np.exp((i - i2) * sharpness))    # falling
[FAIL] Attempt 29: Numerical error found in simulation logs.
Unable to pinpoint source of NaN, an error occurred:
Method requires a simulation log containing all states and bound variables. Missing variable <0.INa_h_gate.h>.

--- Attempt 30 ---
[INFO] HR fraction = 0.280, seed = 559903
/home/pgrad1/2712549y/.local/lib/python3.6/site-packages/myokit/1D_networks_of_arbitrarily_connected_cells/updated_1D/ring/NR_HR/2025_11_06/CASE1/updated_DOS_g_3.0_run2/change_g/shuffle_nopre.py:123: RuntimeWarning: overflow encountered in exp
  sigmoid1 = 1 / (1 + np.exp(-(i - i1) * sharpness))   # rising
/home/pgrad1/2712549y/.local/lib/python3.6/site-packages/myokit/1D_networks_of_arbitrarily_connected_cells/updated_1D/ring/NR_HR/2025_11_06/CASE1/updated_DOS_g_3.0_run2/change_g/shuffle_nopre.py:124: RuntimeWarning: overflow encountered in exp
  sigmoid2 = 1 / (1 + np.exp((i - i2) * sharpness))    # falling
[FAIL] Attempt 30: Numerical error found in simulation logs.
Unable to pinpoint source of NaN, an error occurred:
Method requires a simulation log containing all states and bound variables. Missing variable <0.INa_h_gate.h>.

--- Attempt 31 ---
[INFO] HR fraction = 0.292, seed = 220330
/home/pgrad1/2712549y/.local/lib/python3.6/site-packages/myokit/1D_networks_of_arbitrarily_connected_cells/updated_1D/ring/NR_HR/2025_11_06/CASE1/updated_DOS_g_3.0_run2/change_g/shuffle_nopre.py:123: RuntimeWarning: overflow encountered in exp
  sigmoid1 = 1 / (1 + np.exp(-(i - i1) * sharpness))   # rising
/home/pgrad1/2712549y/.local/lib/python3.6/site-packages/myokit/1D_networks_of_arbitrarily_connected_cells/updated_1D/ring/NR_HR/2025_11_06/CASE1/updated_DOS_g_3.0_run2/change_g/shuffle_nopre.py:124: RuntimeWarning: overflow encountered in exp
  sigmoid2 = 1 / (1 + np.exp((i - i2) * sharpness))    # falling
[FAIL] Attempt 31: Numerical error found in simulation logs.
Unable to pinpoint source of NaN, an error occurred:
Method requires a simulation log containing all states and bound variables. Missing variable <0.INa_h_gate.h>.

--- Attempt 32 ---
[INFO] HR fraction = 0.301, seed = 107738
/home/pgrad1/2712549y/.local/lib/python3.6/site-packages/myokit/1D_networks_of_arbitrarily_connected_cells/updated_1D/ring/NR_HR/2025_11_06/CASE1/updated_DOS_g_3.0_run2/change_g/shuffle_nopre.py:123: RuntimeWarning: overflow encountered in exp
  sigmoid1 = 1 / (1 + np.exp(-(i - i1) * sharpness))   # rising
/home/pgrad1/2712549y/.local/lib/python3.6/site-packages/myokit/1D_networks_of_arbitrarily_connected_cells/updated_1D/ring/NR_HR/2025_11_06/CASE1/updated_DOS_g_3.0_run2/change_g/shuffle_nopre.py:124: RuntimeWarning: overflow encountered in exp
  sigmoid2 = 1 / (1 + np.exp((i - i2) * sharpness))    # falling
[FAIL] Attempt 32: Numerical error found in simulation logs.
Unable to pinpoint source of NaN, an error occurred:
Method requires a simulation log containing all states and bound variables. Missing variable <0.INa_h_gate.h>.

--- Attempt 33 ---
[INFO] HR fraction = 0.279, seed = 461838
/home/pgrad1/2712549y/.local/lib/python3.6/site-packages/myokit/1D_networks_of_arbitrarily_connected_cells/updated_1D/ring/NR_HR/2025_11_06/CASE1/updated_DOS_g_3.0_run2/change_g/shuffle_nopre.py:123: RuntimeWarning: overflow encountered in exp
  sigmoid1 = 1 / (1 + np.exp(-(i - i1) * sharpness))   # rising
/home/pgrad1/2712549y/.local/lib/python3.6/site-packages/myokit/1D_networks_of_arbitrarily_connected_cells/updated_1D/ring/NR_HR/2025_11_06/CASE1/updated_DOS_g_3.0_run2/change_g/shuffle_nopre.py:124: RuntimeWarning: overflow encountered in exp
  sigmoid2 = 1 / (1 + np.exp((i - i2) * sharpness))    # falling
[FAIL] Attempt 33: Numerical error found in simulation logs.
Unable to pinpoint source of NaN, an error occurred:
Method requires a simulation log containing all states and bound variables. Missing variable <0.INa_h_gate.h>.

--- Attempt 34 ---
[INFO] HR fraction = 0.295, seed = 341720
/home/pgrad1/2712549y/.local/lib/python3.6/site-packages/myokit/1D_networks_of_arbitrarily_connected_cells/updated_1D/ring/NR_HR/2025_11_06/CASE1/updated_DOS_g_3.0_run2/change_g/shuffle_nopre.py:123: RuntimeWarning: overflow encountered in exp
  sigmoid1 = 1 / (1 + np.exp(-(i - i1) * sharpness))   # rising
/home/pgrad1/2712549y/.local/lib/python3.6/site-packages/myokit/1D_networks_of_arbitrarily_connected_cells/updated_1D/ring/NR_HR/2025_11_06/CASE1/updated_DOS_g_3.0_run2/change_g/shuffle_nopre.py:124: RuntimeWarning: overflow encountered in exp
  sigmoid2 = 1 / (1 + np.exp((i - i2) * sharpness))    # falling
[FAIL] Attempt 34: Numerical error found in simulation logs.
Unable to pinpoint source of NaN, an error occurred:
Method requires a simulation log containing all states and bound variables. Missing variable <0.INa_h_gate.h>.

--- Attempt 35 ---
[INFO] HR fraction = 0.307, seed = 672111
/home/pgrad1/2712549y/.local/lib/python3.6/site-packages/myokit/1D_networks_of_arbitrarily_connected_cells/updated_1D/ring/NR_HR/2025_11_06/CASE1/updated_DOS_g_3.0_run2/change_g/shuffle_nopre.py:123: RuntimeWarning: overflow encountered in exp
  sigmoid1 = 1 / (1 + np.exp(-(i - i1) * sharpness))   # rising
/home/pgrad1/2712549y/.local/lib/python3.6/site-packages/myokit/1D_networks_of_arbitrarily_connected_cells/updated_1D/ring/NR_HR/2025_11_06/CASE1/updated_DOS_g_3.0_run2/change_g/shuffle_nopre.py:124: RuntimeWarning: overflow encountered in exp
  sigmoid2 = 1 / (1 + np.exp((i - i2) * sharpness))    # falling
[FAIL] Attempt 35: Numerical error found in simulation logs.
Unable to pinpoint source of NaN, an error occurred:
Method requires a simulation log containing all states and bound variables. Missing variable <0.INa_h_gate.h>.

--- Attempt 36 ---
[INFO] HR fraction = 0.290, seed = 310944
/home/pgrad1/2712549y/.local/lib/python3.6/site-packages/myokit/1D_networks_of_arbitrarily_connected_cells/updated_1D/ring/NR_HR/2025_11_06/CASE1/updated_DOS_g_3.0_run2/change_g/shuffle_nopre.py:123: RuntimeWarning: overflow encountered in exp
  sigmoid1 = 1 / (1 + np.exp(-(i - i1) * sharpness))   # rising
/home/pgrad1/2712549y/.local/lib/python3.6/site-packages/myokit/1D_networks_of_arbitrarily_connected_cells/updated_1D/ring/NR_HR/2025_11_06/CASE1/updated_DOS_g_3.0_run2/change_g/shuffle_nopre.py:124: RuntimeWarning: overflow encountered in exp
  sigmoid2 = 1 / (1 + np.exp((i - i2) * sharpness))    # falling
[FAIL] Attempt 36: Numerical error found in simulation logs.
Unable to pinpoint source of NaN, an error occurred:
Method requires a simulation log containing all states and bound variables. Missing variable <0.INa_h_gate.h>.

--- Attempt 37 ---
[INFO] HR fraction = 0.299, seed = 202387
/home/pgrad1/2712549y/.local/lib/python3.6/site-packages/myokit/1D_networks_of_arbitrarily_connected_cells/updated_1D/ring/NR_HR/2025_11_06/CASE1/updated_DOS_g_3.0_run2/change_g/shuffle_nopre.py:123: RuntimeWarning: overflow encountered in exp
  sigmoid1 = 1 / (1 + np.exp(-(i - i1) * sharpness))   # rising
/home/pgrad1/2712549y/.local/lib/python3.6/site-packages/myokit/1D_networks_of_arbitrarily_connected_cells/updated_1D/ring/NR_HR/2025_11_06/CASE1/updated_DOS_g_3.0_run2/change_g/shuffle_nopre.py:124: RuntimeWarning: overflow encountered in exp
  sigmoid2 = 1 / (1 + np.exp((i - i2) * sharpness))    # falling
[FAIL] Attempt 37: Numerical error found in simulation logs.
Unable to pinpoint source of NaN, an error occurred:
Method requires a simulation log containing all states and bound variables. Missing variable <0.INa_h_gate.h>.

--- Attempt 38 ---
[INFO] HR fraction = 0.296, seed = 295207
/home/pgrad1/2712549y/.local/lib/python3.6/site-packages/myokit/1D_networks_of_arbitrarily_connected_cells/updated_1D/ring/NR_HR/2025_11_06/CASE1/updated_DOS_g_3.0_run2/change_g/shuffle_nopre.py:123: RuntimeWarning: overflow encountered in exp
  sigmoid1 = 1 / (1 + np.exp(-(i - i1) * sharpness))   # rising
/home/pgrad1/2712549y/.local/lib/python3.6/site-packages/myokit/1D_networks_of_arbitrarily_connected_cells/updated_1D/ring/NR_HR/2025_11_06/CASE1/updated_DOS_g_3.0_run2/change_g/shuffle_nopre.py:124: RuntimeWarning: overflow encountered in exp
  sigmoid2 = 1 / (1 + np.exp((i - i2) * sharpness))    # falling
[FAIL] Attempt 38: Numerical error found in simulation logs.
Unable to pinpoint source of NaN, an error occurred:
Method requires a simulation log containing all states and bound variables. Missing variable <0.INa_h_gate.h>.

--- Attempt 39 ---
[INFO] HR fraction = 0.290, seed = 990800
/home/pgrad1/2712549y/.local/lib/python3.6/site-packages/myokit/1D_networks_of_arbitrarily_connected_cells/updated_1D/ring/NR_HR/2025_11_06/CASE1/updated_DOS_g_3.0_run2/change_g/shuffle_nopre.py:123: RuntimeWarning: overflow encountered in exp
  sigmoid1 = 1 / (1 + np.exp(-(i - i1) * sharpness))   # rising
/home/pgrad1/2712549y/.local/lib/python3.6/site-packages/myokit/1D_networks_of_arbitrarily_connected_cells/updated_1D/ring/NR_HR/2025_11_06/CASE1/updated_DOS_g_3.0_run2/change_g/shuffle_nopre.py:124: RuntimeWarning: overflow encountered in exp
  sigmoid2 = 1 / (1 + np.exp((i - i2) * sharpness))    # falling
[FAIL] Attempt 39: Numerical error found in simulation logs.
Unable to pinpoint source of NaN, an error occurred:
Method requires a simulation log containing all states and bound variables. Missing variable <0.INa_h_gate.h>.

--- Attempt 40 ---
[INFO] HR fraction = 0.302, seed = 304193
/home/pgrad1/2712549y/.local/lib/python3.6/site-packages/myokit/1D_networks_of_arbitrarily_connected_cells/updated_1D/ring/NR_HR/2025_11_06/CASE1/updated_DOS_g_3.0_run2/change_g/shuffle_nopre.py:123: RuntimeWarning: overflow encountered in exp
  sigmoid1 = 1 / (1 + np.exp(-(i - i1) * sharpness))   # rising
/home/pgrad1/2712549y/.local/lib/python3.6/site-packages/myokit/1D_networks_of_arbitrarily_connected_cells/updated_1D/ring/NR_HR/2025_11_06/CASE1/updated_DOS_g_3.0_run2/change_g/shuffle_nopre.py:124: RuntimeWarning: overflow encountered in exp
  sigmoid2 = 1 / (1 + np.exp((i - i2) * sharpness))    # falling
[FAIL] Attempt 40: Numerical error found in simulation logs.
Unable to pinpoint source of NaN, an error occurred:
Method requires a simulation log containing all states and bound variables. Missing variable <0.INa_h_gate.h>.

--- Attempt 41 ---
[INFO] HR fraction = 0.291, seed = 681169
/home/pgrad1/2712549y/.local/lib/python3.6/site-packages/myokit/1D_networks_of_arbitrarily_connected_cells/updated_1D/ring/NR_HR/2025_11_06/CASE1/updated_DOS_g_3.0_run2/change_g/shuffle_nopre.py:123: RuntimeWarning: overflow encountered in exp
  sigmoid1 = 1 / (1 + np.exp(-(i - i1) * sharpness))   # rising
/home/pgrad1/2712549y/.local/lib/python3.6/site-packages/myokit/1D_networks_of_arbitrarily_connected_cells/updated_1D/ring/NR_HR/2025_11_06/CASE1/updated_DOS_g_3.0_run2/change_g/shuffle_nopre.py:124: RuntimeWarning: overflow encountered in exp
  sigmoid2 = 1 / (1 + np.exp((i - i2) * sharpness))    # falling
[FAIL] Attempt 41: Numerical error found in simulation logs.
Unable to pinpoint source of NaN, an error occurred:
Method requires a simulation log containing all states and bound variables. Missing variable <0.INa_h_gate.h>.

--- Attempt 42 ---
[INFO] HR fraction = 0.294, seed = 551002
/home/pgrad1/2712549y/.local/lib/python3.6/site-packages/myokit/1D_networks_of_arbitrarily_connected_cells/updated_1D/ring/NR_HR/2025_11_06/CASE1/updated_DOS_g_3.0_run2/change_g/shuffle_nopre.py:123: RuntimeWarning: overflow encountered in exp
  sigmoid1 = 1 / (1 + np.exp(-(i - i1) * sharpness))   # rising
/home/pgrad1/2712549y/.local/lib/python3.6/site-packages/myokit/1D_networks_of_arbitrarily_connected_cells/updated_1D/ring/NR_HR/2025_11_06/CASE1/updated_DOS_g_3.0_run2/change_g/shuffle_nopre.py:124: RuntimeWarning: overflow encountered in exp
  sigmoid2 = 1 / (1 + np.exp((i - i2) * sharpness))    # falling
[FAIL] Attempt 42: Numerical error found in simulation logs.
Unable to pinpoint source of NaN, an error occurred:
Method requires a simulation log containing all states and bound variables. Missing variable <0.INa_h_gate.h>.

--- Attempt 43 ---
[INFO] HR fraction = 0.285, seed = 13605
/home/pgrad1/2712549y/.local/lib/python3.6/site-packages/myokit/1D_networks_of_arbitrarily_connected_cells/updated_1D/ring/NR_HR/2025_11_06/CASE1/updated_DOS_g_3.0_run2/change_g/shuffle_nopre.py:123: RuntimeWarning: overflow encountered in exp
  sigmoid1 = 1 / (1 + np.exp(-(i - i1) * sharpness))   # rising
/home/pgrad1/2712549y/.local/lib/python3.6/site-packages/myokit/1D_networks_of_arbitrarily_connected_cells/updated_1D/ring/NR_HR/2025_11_06/CASE1/updated_DOS_g_3.0_run2/change_g/shuffle_nopre.py:124: RuntimeWarning: overflow encountered in exp
  sigmoid2 = 1 / (1 + np.exp((i - i2) * sharpness))    # falling
[FAIL] Attempt 43: Numerical error found in simulation logs.
Unable to pinpoint source of NaN, an error occurred:
Method requires a simulation log containing all states and bound variables. Missing variable <0.INa_h_gate.h>.

--- Attempt 44 ---
[INFO] HR fraction = 0.295, seed = 814222
/home/pgrad1/2712549y/.local/lib/python3.6/site-packages/myokit/1D_networks_of_arbitrarily_connected_cells/updated_1D/ring/NR_HR/2025_11_06/CASE1/updated_DOS_g_3.0_run2/change_g/shuffle_nopre.py:123: RuntimeWarning: overflow encountered in exp
  sigmoid1 = 1 / (1 + np.exp(-(i - i1) * sharpness))   # rising
/home/pgrad1/2712549y/.local/lib/python3.6/site-packages/myokit/1D_networks_of_arbitrarily_connected_cells/updated_1D/ring/NR_HR/2025_11_06/CASE1/updated_DOS_g_3.0_run2/change_g/shuffle_nopre.py:124: RuntimeWarning: overflow encountered in exp
  sigmoid2 = 1 / (1 + np.exp((i - i2) * sharpness))    # falling
[FAIL] Attempt 44: Numerical error found in simulation logs.
Unable to pinpoint source of NaN, an error occurred:
Method requires a simulation log containing all states and bound variables. Missing variable <0.INa_h_gate.h>.

--- Attempt 45 ---
[INFO] HR fraction = 0.306, seed = 797607
/home/pgrad1/2712549y/.local/lib/python3.6/site-packages/myokit/1D_networks_of_arbitrarily_connected_cells/updated_1D/ring/NR_HR/2025_11_06/CASE1/updated_DOS_g_3.0_run2/change_g/shuffle_nopre.py:123: RuntimeWarning: overflow encountered in exp
  sigmoid1 = 1 / (1 + np.exp(-(i - i1) * sharpness))   # rising
/home/pgrad1/2712549y/.local/lib/python3.6/site-packages/myokit/1D_networks_of_arbitrarily_connected_cells/updated_1D/ring/NR_HR/2025_11_06/CASE1/updated_DOS_g_3.0_run2/change_g/shuffle_nopre.py:124: RuntimeWarning: overflow encountered in exp
  sigmoid2 = 1 / (1 + np.exp((i - i2) * sharpness))    # falling
[FAIL] Attempt 45: Numerical error found in simulation logs.
Unable to pinpoint source of NaN, an error occurred:
Method requires a simulation log containing all states and bound variables. Missing variable <0.INa_h_gate.h>.

--- Attempt 46 ---
[INFO] HR fraction = 0.292, seed = 27296
/home/pgrad1/2712549y/.local/lib/python3.6/site-packages/myokit/1D_networks_of_arbitrarily_connected_cells/updated_1D/ring/NR_HR/2025_11_06/CASE1/updated_DOS_g_3.0_run2/change_g/shuffle_nopre.py:123: RuntimeWarning: overflow encountered in exp
  sigmoid1 = 1 / (1 + np.exp(-(i - i1) * sharpness))   # rising
/home/pgrad1/2712549y/.local/lib/python3.6/site-packages/myokit/1D_networks_of_arbitrarily_connected_cells/updated_1D/ring/NR_HR/2025_11_06/CASE1/updated_DOS_g_3.0_run2/change_g/shuffle_nopre.py:124: RuntimeWarning: overflow encountered in exp
  sigmoid2 = 1 / (1 + np.exp((i - i2) * sharpness))    # falling
[FAIL] Attempt 46: Numerical error found in simulation logs.
Unable to pinpoint source of NaN, an error occurred:
Method requires a simulation log containing all states and bound variables. Missing variable <0.INa_h_gate.h>.

--- Attempt 47 ---
[INFO] HR fraction = 0.286, seed = 342653
/home/pgrad1/2712549y/.local/lib/python3.6/site-packages/myokit/1D_networks_of_arbitrarily_connected_cells/updated_1D/ring/NR_HR/2025_11_06/CASE1/updated_DOS_g_3.0_run2/change_g/shuffle_nopre.py:123: RuntimeWarning: overflow encountered in exp
  sigmoid1 = 1 / (1 + np.exp(-(i - i1) * sharpness))   # rising
/home/pgrad1/2712549y/.local/lib/python3.6/site-packages/myokit/1D_networks_of_arbitrarily_connected_cells/updated_1D/ring/NR_HR/2025_11_06/CASE1/updated_DOS_g_3.0_run2/change_g/shuffle_nopre.py:124: RuntimeWarning: overflow encountered in exp
  sigmoid2 = 1 / (1 + np.exp((i - i2) * sharpness))    # falling
[FAIL] Attempt 47: Numerical error found in simulation logs.
Unable to pinpoint source of NaN, an error occurred:
Method requires a simulation log containing all states and bound variables. Missing variable <0.INa_h_gate.h>.

--- Attempt 48 ---
[INFO] HR fraction = 0.300, seed = 548088
/home/pgrad1/2712549y/.local/lib/python3.6/site-packages/myokit/1D_networks_of_arbitrarily_connected_cells/updated_1D/ring/NR_HR/2025_11_06/CASE1/updated_DOS_g_3.0_run2/change_g/shuffle_nopre.py:123: RuntimeWarning: overflow encountered in exp
  sigmoid1 = 1 / (1 + np.exp(-(i - i1) * sharpness))   # rising
/home/pgrad1/2712549y/.local/lib/python3.6/site-packages/myokit/1D_networks_of_arbitrarily_connected_cells/updated_1D/ring/NR_HR/2025_11_06/CASE1/updated_DOS_g_3.0_run2/change_g/shuffle_nopre.py:124: RuntimeWarning: overflow encountered in exp
  sigmoid2 = 1 / (1 + np.exp((i - i2) * sharpness))    # falling
[FAIL] Attempt 48: Numerical error found in simulation logs.
Unable to pinpoint source of NaN, an error occurred:
Method requires a simulation log containing all states and bound variables. Missing variable <0.INa_h_gate.h>.

--- Attempt 49 ---
[INFO] HR fraction = 0.302, seed = 273494
/home/pgrad1/2712549y/.local/lib/python3.6/site-packages/myokit/1D_networks_of_arbitrarily_connected_cells/updated_1D/ring/NR_HR/2025_11_06/CASE1/updated_DOS_g_3.0_run2/change_g/shuffle_nopre.py:123: RuntimeWarning: overflow encountered in exp
  sigmoid1 = 1 / (1 + np.exp(-(i - i1) * sharpness))   # rising
/home/pgrad1/2712549y/.local/lib/python3.6/site-packages/myokit/1D_networks_of_arbitrarily_connected_cells/updated_1D/ring/NR_HR/2025_11_06/CASE1/updated_DOS_g_3.0_run2/change_g/shuffle_nopre.py:124: RuntimeWarning: overflow encountered in exp
  sigmoid2 = 1 / (1 + np.exp((i - i2) * sharpness))    # falling
[FAIL] Attempt 49: Numerical error found in simulation logs.
Unable to pinpoint source of NaN, an error occurred:
Method requires a simulation log containing all states and bound variables. Missing variable <0.INa_h_gate.h>.

--- Attempt 50 ---
[INFO] HR fraction = 0.284, seed = 531185
/home/pgrad1/2712549y/.local/lib/python3.6/site-packages/myokit/1D_networks_of_arbitrarily_connected_cells/updated_1D/ring/NR_HR/2025_11_06/CASE1/updated_DOS_g_3.0_run2/change_g/shuffle_nopre.py:123: RuntimeWarning: overflow encountered in exp
  sigmoid1 = 1 / (1 + np.exp(-(i - i1) * sharpness))   # rising
/home/pgrad1/2712549y/.local/lib/python3.6/site-packages/myokit/1D_networks_of_arbitrarily_connected_cells/updated_1D/ring/NR_HR/2025_11_06/CASE1/updated_DOS_g_3.0_run2/change_g/shuffle_nopre.py:124: RuntimeWarning: overflow encountered in exp
  sigmoid2 = 1 / (1 + np.exp((i - i2) * sharpness))    # falling
[FAIL] Attempt 50: Numerical error found in simulation logs.
Unable to pinpoint source of NaN, an error occurred:
Method requires a simulation log containing all states and bound variables. Missing variable <0.INa_h_gate.h>.

--- Attempt 51 ---
[INFO] HR fraction = 0.299, seed = 607146
/home/pgrad1/2712549y/.local/lib/python3.6/site-packages/myokit/1D_networks_of_arbitrarily_connected_cells/updated_1D/ring/NR_HR/2025_11_06/CASE1/updated_DOS_g_3.0_run2/change_g/shuffle_nopre.py:123: RuntimeWarning: overflow encountered in exp
  sigmoid1 = 1 / (1 + np.exp(-(i - i1) * sharpness))   # rising
/home/pgrad1/2712549y/.local/lib/python3.6/site-packages/myokit/1D_networks_of_arbitrarily_connected_cells/updated_1D/ring/NR_HR/2025_11_06/CASE1/updated_DOS_g_3.0_run2/change_g/shuffle_nopre.py:124: RuntimeWarning: overflow encountered in exp
  sigmoid2 = 1 / (1 + np.exp((i - i2) * sharpness))    # falling
[FAIL] Attempt 51: Numerical error found in simulation logs.
Unable to pinpoint source of NaN, an error occurred:
Method requires a simulation log containing all states and bound variables. Missing variable <0.INa_h_gate.h>.

--- Attempt 52 ---
[INFO] HR fraction = 0.306, seed = 606667
/home/pgrad1/2712549y/.local/lib/python3.6/site-packages/myokit/1D_networks_of_arbitrarily_connected_cells/updated_1D/ring/NR_HR/2025_11_06/CASE1/updated_DOS_g_3.0_run2/change_g/shuffle_nopre.py:123: RuntimeWarning: overflow encountered in exp
  sigmoid1 = 1 / (1 + np.exp(-(i - i1) * sharpness))   # rising
/home/pgrad1/2712549y/.local/lib/python3.6/site-packages/myokit/1D_networks_of_arbitrarily_connected_cells/updated_1D/ring/NR_HR/2025_11_06/CASE1/updated_DOS_g_3.0_run2/change_g/shuffle_nopre.py:124: RuntimeWarning: overflow encountered in exp
  sigmoid2 = 1 / (1 + np.exp((i - i2) * sharpness))    # falling
[FAIL] Attempt 52: Numerical error found in simulation logs.
Unable to pinpoint source of NaN, an error occurred:
Method requires a simulation log containing all states and bound variables. Missing variable <0.INa_h_gate.h>.

--- Attempt 53 ---
[INFO] HR fraction = 0.286, seed = 266741
/home/pgrad1/2712549y/.local/lib/python3.6/site-packages/myokit/1D_networks_of_arbitrarily_connected_cells/updated_1D/ring/NR_HR/2025_11_06/CASE1/updated_DOS_g_3.0_run2/change_g/shuffle_nopre.py:123: RuntimeWarning: overflow encountered in exp
  sigmoid1 = 1 / (1 + np.exp(-(i - i1) * sharpness))   # rising
/home/pgrad1/2712549y/.local/lib/python3.6/site-packages/myokit/1D_networks_of_arbitrarily_connected_cells/updated_1D/ring/NR_HR/2025_11_06/CASE1/updated_DOS_g_3.0_run2/change_g/shuffle_nopre.py:124: RuntimeWarning: overflow encountered in exp
  sigmoid2 = 1 / (1 + np.exp((i - i2) * sharpness))    # falling
[FAIL] Attempt 53: Numerical error found in simulation logs.
Unable to pinpoint source of NaN, an error occurred:
Method requires a simulation log containing all states and bound variables. Missing variable <0.INa_h_gate.h>.

--- Attempt 54 ---
[INFO] HR fraction = 0.289, seed = 904907
/home/pgrad1/2712549y/.local/lib/python3.6/site-packages/myokit/1D_networks_of_arbitrarily_connected_cells/updated_1D/ring/NR_HR/2025_11_06/CASE1/updated_DOS_g_3.0_run2/change_g/shuffle_nopre.py:123: RuntimeWarning: overflow encountered in exp
  sigmoid1 = 1 / (1 + np.exp(-(i - i1) * sharpness))   # rising
/home/pgrad1/2712549y/.local/lib/python3.6/site-packages/myokit/1D_networks_of_arbitrarily_connected_cells/updated_1D/ring/NR_HR/2025_11_06/CASE1/updated_DOS_g_3.0_run2/change_g/shuffle_nopre.py:124: RuntimeWarning: overflow encountered in exp
  sigmoid2 = 1 / (1 + np.exp((i - i2) * sharpness))    # falling
[FAIL] Attempt 54: Numerical error found in simulation logs.
Unable to pinpoint source of NaN, an error occurred:
Method requires a simulation log containing all states and bound variables. Missing variable <0.INa_h_gate.h>.

--- Attempt 55 ---
[INFO] HR fraction = 0.307, seed = 900626
/home/pgrad1/2712549y/.local/lib/python3.6/site-packages/myokit/1D_networks_of_arbitrarily_connected_cells/updated_1D/ring/NR_HR/2025_11_06/CASE1/updated_DOS_g_3.0_run2/change_g/shuffle_nopre.py:123: RuntimeWarning: overflow encountered in exp
  sigmoid1 = 1 / (1 + np.exp(-(i - i1) * sharpness))   # rising
/home/pgrad1/2712549y/.local/lib/python3.6/site-packages/myokit/1D_networks_of_arbitrarily_connected_cells/updated_1D/ring/NR_HR/2025_11_06/CASE1/updated_DOS_g_3.0_run2/change_g/shuffle_nopre.py:124: RuntimeWarning: overflow encountered in exp
  sigmoid2 = 1 / (1 + np.exp((i - i2) * sharpness))    # falling
[FAIL] Attempt 55: Numerical error found in simulation logs.
Unable to pinpoint source of NaN, an error occurred:
Method requires a simulation log containing all states and bound variables. Missing variable <0.INa_h_gate.h>.

--- Attempt 56 ---
[INFO] HR fraction = 0.285, seed = 242414
/home/pgrad1/2712549y/.local/lib/python3.6/site-packages/myokit/1D_networks_of_arbitrarily_connected_cells/updated_1D/ring/NR_HR/2025_11_06/CASE1/updated_DOS_g_3.0_run2/change_g/shuffle_nopre.py:123: RuntimeWarning: overflow encountered in exp
  sigmoid1 = 1 / (1 + np.exp(-(i - i1) * sharpness))   # rising
/home/pgrad1/2712549y/.local/lib/python3.6/site-packages/myokit/1D_networks_of_arbitrarily_connected_cells/updated_1D/ring/NR_HR/2025_11_06/CASE1/updated_DOS_g_3.0_run2/change_g/shuffle_nopre.py:124: RuntimeWarning: overflow encountered in exp
  sigmoid2 = 1 / (1 + np.exp((i - i2) * sharpness))    # falling
[FAIL] Attempt 56: Numerical error found in simulation logs.
Unable to pinpoint source of NaN, an error occurred:
Method requires a simulation log containing all states and bound variables. Missing variable <0.INa_h_gate.h>.

--- Attempt 57 ---
[INFO] HR fraction = 0.296, seed = 4096
/home/pgrad1/2712549y/.local/lib/python3.6/site-packages/myokit/1D_networks_of_arbitrarily_connected_cells/updated_1D/ring/NR_HR/2025_11_06/CASE1/updated_DOS_g_3.0_run2/change_g/shuffle_nopre.py:123: RuntimeWarning: overflow encountered in exp
  sigmoid1 = 1 / (1 + np.exp(-(i - i1) * sharpness))   # rising
/home/pgrad1/2712549y/.local/lib/python3.6/site-packages/myokit/1D_networks_of_arbitrarily_connected_cells/updated_1D/ring/NR_HR/2025_11_06/CASE1/updated_DOS_g_3.0_run2/change_g/shuffle_nopre.py:124: RuntimeWarning: overflow encountered in exp
  sigmoid2 = 1 / (1 + np.exp((i - i2) * sharpness))    # falling
[FAIL] Attempt 57: Numerical error found in simulation logs.
Unable to pinpoint source of NaN, an error occurred:
Method requires a simulation log containing all states and bound variables. Missing variable <0.INa_h_gate.h>.

--- Attempt 58 ---
[INFO] HR fraction = 0.290, seed = 806610
/home/pgrad1/2712549y/.local/lib/python3.6/site-packages/myokit/1D_networks_of_arbitrarily_connected_cells/updated_1D/ring/NR_HR/2025_11_06/CASE1/updated_DOS_g_3.0_run2/change_g/shuffle_nopre.py:123: RuntimeWarning: overflow encountered in exp
  sigmoid1 = 1 / (1 + np.exp(-(i - i1) * sharpness))   # rising
/home/pgrad1/2712549y/.local/lib/python3.6/site-packages/myokit/1D_networks_of_arbitrarily_connected_cells/updated_1D/ring/NR_HR/2025_11_06/CASE1/updated_DOS_g_3.0_run2/change_g/shuffle_nopre.py:124: RuntimeWarning: overflow encountered in exp
  sigmoid2 = 1 / (1 + np.exp((i - i2) * sharpness))    # falling
[FAIL] Attempt 58: Numerical error found in simulation logs.
Unable to pinpoint source of NaN, an error occurred:
Method requires a simulation log containing all states and bound variables. Missing variable <0.INa_h_gate.h>.

--- Attempt 59 ---
[INFO] HR fraction = 0.309, seed = 667718
/home/pgrad1/2712549y/.local/lib/python3.6/site-packages/myokit/1D_networks_of_arbitrarily_connected_cells/updated_1D/ring/NR_HR/2025_11_06/CASE1/updated_DOS_g_3.0_run2/change_g/shuffle_nopre.py:123: RuntimeWarning: overflow encountered in exp
  sigmoid1 = 1 / (1 + np.exp(-(i - i1) * sharpness))   # rising
/home/pgrad1/2712549y/.local/lib/python3.6/site-packages/myokit/1D_networks_of_arbitrarily_connected_cells/updated_1D/ring/NR_HR/2025_11_06/CASE1/updated_DOS_g_3.0_run2/change_g/shuffle_nopre.py:124: RuntimeWarning: overflow encountered in exp
  sigmoid2 = 1 / (1 + np.exp((i - i2) * sharpness))    # falling
[FAIL] Attempt 59: Numerical error found in simulation logs.
Unable to pinpoint source of NaN, an error occurred:
Method requires a simulation log containing all states and bound variables. Missing variable <0.INa_h_gate.h>.

--- Attempt 60 ---
[INFO] HR fraction = 0.302, seed = 698455
/home/pgrad1/2712549y/.local/lib/python3.6/site-packages/myokit/1D_networks_of_arbitrarily_connected_cells/updated_1D/ring/NR_HR/2025_11_06/CASE1/updated_DOS_g_3.0_run2/change_g/shuffle_nopre.py:123: RuntimeWarning: overflow encountered in exp
  sigmoid1 = 1 / (1 + np.exp(-(i - i1) * sharpness))   # rising
/home/pgrad1/2712549y/.local/lib/python3.6/site-packages/myokit/1D_networks_of_arbitrarily_connected_cells/updated_1D/ring/NR_HR/2025_11_06/CASE1/updated_DOS_g_3.0_run2/change_g/shuffle_nopre.py:124: RuntimeWarning: overflow encountered in exp
  sigmoid2 = 1 / (1 + np.exp((i - i2) * sharpness))    # falling
[FAIL] Attempt 60: Numerical error found in simulation logs.
Unable to pinpoint source of NaN, an error occurred:
Method requires a simulation log containing all states and bound variables. Missing variable <0.INa_h_gate.h>.

--- Attempt 61 ---
[INFO] HR fraction = 0.296, seed = 754932
/home/pgrad1/2712549y/.local/lib/python3.6/site-packages/myokit/1D_networks_of_arbitrarily_connected_cells/updated_1D/ring/NR_HR/2025_11_06/CASE1/updated_DOS_g_3.0_run2/change_g/shuffle_nopre.py:123: RuntimeWarning: overflow encountered in exp
  sigmoid1 = 1 / (1 + np.exp(-(i - i1) * sharpness))   # rising
/home/pgrad1/2712549y/.local/lib/python3.6/site-packages/myokit/1D_networks_of_arbitrarily_connected_cells/updated_1D/ring/NR_HR/2025_11_06/CASE1/updated_DOS_g_3.0_run2/change_g/shuffle_nopre.py:124: RuntimeWarning: overflow encountered in exp
  sigmoid2 = 1 / (1 + np.exp((i - i2) * sharpness))    # falling
[FAIL] Attempt 61: Numerical error found in simulation logs.
Unable to pinpoint source of NaN, an error occurred:
Method requires a simulation log containing all states and bound variables. Missing variable <0.INa_h_gate.h>.

--- Attempt 62 ---
[INFO] HR fraction = 0.299, seed = 907970
/home/pgrad1/2712549y/.local/lib/python3.6/site-packages/myokit/1D_networks_of_arbitrarily_connected_cells/updated_1D/ring/NR_HR/2025_11_06/CASE1/updated_DOS_g_3.0_run2/change_g/shuffle_nopre.py:123: RuntimeWarning: overflow encountered in exp
  sigmoid1 = 1 / (1 + np.exp(-(i - i1) * sharpness))   # rising
/home/pgrad1/2712549y/.local/lib/python3.6/site-packages/myokit/1D_networks_of_arbitrarily_connected_cells/updated_1D/ring/NR_HR/2025_11_06/CASE1/updated_DOS_g_3.0_run2/change_g/shuffle_nopre.py:124: RuntimeWarning: overflow encountered in exp
  sigmoid2 = 1 / (1 + np.exp((i - i2) * sharpness))    # falling
[FAIL] Attempt 62: Numerical error found in simulation logs.
Unable to pinpoint source of NaN, an error occurred:
Method requires a simulation log containing all states and bound variables. Missing variable <0.INa_h_gate.h>.

--- Attempt 63 ---
[INFO] HR fraction = 0.290, seed = 200617
/home/pgrad1/2712549y/.local/lib/python3.6/site-packages/myokit/1D_networks_of_arbitrarily_connected_cells/updated_1D/ring/NR_HR/2025_11_06/CASE1/updated_DOS_g_3.0_run2/change_g/shuffle_nopre.py:123: RuntimeWarning: overflow encountered in exp
  sigmoid1 = 1 / (1 + np.exp(-(i - i1) * sharpness))   # rising
/home/pgrad1/2712549y/.local/lib/python3.6/site-packages/myokit/1D_networks_of_arbitrarily_connected_cells/updated_1D/ring/NR_HR/2025_11_06/CASE1/updated_DOS_g_3.0_run2/change_g/shuffle_nopre.py:124: RuntimeWarning: overflow encountered in exp
  sigmoid2 = 1 / (1 + np.exp((i - i2) * sharpness))    # falling
[FAIL] Attempt 63: Numerical error found in simulation logs.
Unable to pinpoint source of NaN, an error occurred:
Method requires a simulation log containing all states and bound variables. Missing variable <0.INa_h_gate.h>.

--- Attempt 64 ---
[INFO] HR fraction = 0.295, seed = 367703
/home/pgrad1/2712549y/.local/lib/python3.6/site-packages/myokit/1D_networks_of_arbitrarily_connected_cells/updated_1D/ring/NR_HR/2025_11_06/CASE1/updated_DOS_g_3.0_run2/change_g/shuffle_nopre.py:123: RuntimeWarning: overflow encountered in exp
  sigmoid1 = 1 / (1 + np.exp(-(i - i1) * sharpness))   # rising
/home/pgrad1/2712549y/.local/lib/python3.6/site-packages/myokit/1D_networks_of_arbitrarily_connected_cells/updated_1D/ring/NR_HR/2025_11_06/CASE1/updated_DOS_g_3.0_run2/change_g/shuffle_nopre.py:124: RuntimeWarning: overflow encountered in exp
  sigmoid2 = 1 / (1 + np.exp((i - i2) * sharpness))    # falling
[FAIL] Attempt 64: Numerical error found in simulation logs.
Unable to pinpoint source of NaN, an error occurred:
Method requires a simulation log containing all states and bound variables. Missing variable <0.INa_h_gate.h>.

--- Attempt 65 ---
[INFO] HR fraction = 0.299, seed = 485212
/home/pgrad1/2712549y/.local/lib/python3.6/site-packages/myokit/1D_networks_of_arbitrarily_connected_cells/updated_1D/ring/NR_HR/2025_11_06/CASE1/updated_DOS_g_3.0_run2/change_g/shuffle_nopre.py:123: RuntimeWarning: overflow encountered in exp
  sigmoid1 = 1 / (1 + np.exp(-(i - i1) * sharpness))   # rising
/home/pgrad1/2712549y/.local/lib/python3.6/site-packages/myokit/1D_networks_of_arbitrarily_connected_cells/updated_1D/ring/NR_HR/2025_11_06/CASE1/updated_DOS_g_3.0_run2/change_g/shuffle_nopre.py:124: RuntimeWarning: overflow encountered in exp
  sigmoid2 = 1 / (1 + np.exp((i - i2) * sharpness))    # falling
[FAIL] Attempt 65: Numerical error found in simulation logs.
Unable to pinpoint source of NaN, an error occurred:
Method requires a simulation log containing all states and bound variables. Missing variable <0.INa_h_gate.h>.

--- Attempt 66 ---
[INFO] HR fraction = 0.300, seed = 214952
/home/pgrad1/2712549y/.local/lib/python3.6/site-packages/myokit/1D_networks_of_arbitrarily_connected_cells/updated_1D/ring/NR_HR/2025_11_06/CASE1/updated_DOS_g_3.0_run2/change_g/shuffle_nopre.py:123: RuntimeWarning: overflow encountered in exp
  sigmoid1 = 1 / (1 + np.exp(-(i - i1) * sharpness))   # rising
/home/pgrad1/2712549y/.local/lib/python3.6/site-packages/myokit/1D_networks_of_arbitrarily_connected_cells/updated_1D/ring/NR_HR/2025_11_06/CASE1/updated_DOS_g_3.0_run2/change_g/shuffle_nopre.py:124: RuntimeWarning: overflow encountered in exp
  sigmoid2 = 1 / (1 + np.exp((i - i2) * sharpness))    # falling
[FAIL] Attempt 66: Numerical error found in simulation logs.
Unable to pinpoint source of NaN, an error occurred:
Method requires a simulation log containing all states and bound variables. Missing variable <0.INa_h_gate.h>.

--- Attempt 67 ---
[INFO] HR fraction = 0.299, seed = 667911
/home/pgrad1/2712549y/.local/lib/python3.6/site-packages/myokit/1D_networks_of_arbitrarily_connected_cells/updated_1D/ring/NR_HR/2025_11_06/CASE1/updated_DOS_g_3.0_run2/change_g/shuffle_nopre.py:123: RuntimeWarning: overflow encountered in exp
  sigmoid1 = 1 / (1 + np.exp(-(i - i1) * sharpness))   # rising
/home/pgrad1/2712549y/.local/lib/python3.6/site-packages/myokit/1D_networks_of_arbitrarily_connected_cells/updated_1D/ring/NR_HR/2025_11_06/CASE1/updated_DOS_g_3.0_run2/change_g/shuffle_nopre.py:124: RuntimeWarning: overflow encountered in exp
  sigmoid2 = 1 / (1 + np.exp((i - i2) * sharpness))    # falling
[FAIL] Attempt 67: Numerical error found in simulation logs.
Unable to pinpoint source of NaN, an error occurred:
Method requires a simulation log containing all states and bound variables. Missing variable <0.INa_h_gate.h>.

--- Attempt 68 ---
[INFO] HR fraction = 0.299, seed = 188401
/home/pgrad1/2712549y/.local/lib/python3.6/site-packages/myokit/1D_networks_of_arbitrarily_connected_cells/updated_1D/ring/NR_HR/2025_11_06/CASE1/updated_DOS_g_3.0_run2/change_g/shuffle_nopre.py:123: RuntimeWarning: overflow encountered in exp
  sigmoid1 = 1 / (1 + np.exp(-(i - i1) * sharpness))   # rising
/home/pgrad1/2712549y/.local/lib/python3.6/site-packages/myokit/1D_networks_of_arbitrarily_connected_cells/updated_1D/ring/NR_HR/2025_11_06/CASE1/updated_DOS_g_3.0_run2/change_g/shuffle_nopre.py:124: RuntimeWarning: overflow encountered in exp
  sigmoid2 = 1 / (1 + np.exp((i - i2) * sharpness))    # falling
[FAIL] Attempt 68: Numerical error found in simulation logs.
Unable to pinpoint source of NaN, an error occurred:
Method requires a simulation log containing all states and bound variables. Missing variable <0.INa_h_gate.h>.

--- Attempt 69 ---
[INFO] HR fraction = 0.294, seed = 289986
/home/pgrad1/2712549y/.local/lib/python3.6/site-packages/myokit/1D_networks_of_arbitrarily_connected_cells/updated_1D/ring/NR_HR/2025_11_06/CASE1/updated_DOS_g_3.0_run2/change_g/shuffle_nopre.py:123: RuntimeWarning: overflow encountered in exp
  sigmoid1 = 1 / (1 + np.exp(-(i - i1) * sharpness))   # rising
/home/pgrad1/2712549y/.local/lib/python3.6/site-packages/myokit/1D_networks_of_arbitrarily_connected_cells/updated_1D/ring/NR_HR/2025_11_06/CASE1/updated_DOS_g_3.0_run2/change_g/shuffle_nopre.py:124: RuntimeWarning: overflow encountered in exp
  sigmoid2 = 1 / (1 + np.exp((i - i2) * sharpness))    # falling
[FAIL] Attempt 69: Numerical error found in simulation logs.
Unable to pinpoint source of NaN, an error occurred:
Method requires a simulation log containing all states and bound variables. Missing variable <0.INa_h_gate.h>.

--- Attempt 70 ---
[INFO] HR fraction = 0.304, seed = 519044
/home/pgrad1/2712549y/.local/lib/python3.6/site-packages/myokit/1D_networks_of_arbitrarily_connected_cells/updated_1D/ring/NR_HR/2025_11_06/CASE1/updated_DOS_g_3.0_run2/change_g/shuffle_nopre.py:123: RuntimeWarning: overflow encountered in exp
  sigmoid1 = 1 / (1 + np.exp(-(i - i1) * sharpness))   # rising
/home/pgrad1/2712549y/.local/lib/python3.6/site-packages/myokit/1D_networks_of_arbitrarily_connected_cells/updated_1D/ring/NR_HR/2025_11_06/CASE1/updated_DOS_g_3.0_run2/change_g/shuffle_nopre.py:124: RuntimeWarning: overflow encountered in exp
  sigmoid2 = 1 / (1 + np.exp((i - i2) * sharpness))    # falling
[FAIL] Attempt 70: Numerical error found in simulation logs.
Unable to pinpoint source of NaN, an error occurred:
Method requires a simulation log containing all states and bound variables. Missing variable <0.INa_h_gate.h>.

--- Attempt 71 ---
[INFO] HR fraction = 0.297, seed = 433091
/home/pgrad1/2712549y/.local/lib/python3.6/site-packages/myokit/1D_networks_of_arbitrarily_connected_cells/updated_1D/ring/NR_HR/2025_11_06/CASE1/updated_DOS_g_3.0_run2/change_g/shuffle_nopre.py:123: RuntimeWarning: overflow encountered in exp
  sigmoid1 = 1 / (1 + np.exp(-(i - i1) * sharpness))   # rising
/home/pgrad1/2712549y/.local/lib/python3.6/site-packages/myokit/1D_networks_of_arbitrarily_connected_cells/updated_1D/ring/NR_HR/2025_11_06/CASE1/updated_DOS_g_3.0_run2/change_g/shuffle_nopre.py:124: RuntimeWarning: overflow encountered in exp
  sigmoid2 = 1 / (1 + np.exp((i - i2) * sharpness))    # falling
[FAIL] Attempt 71: Numerical error found in simulation logs.
Unable to pinpoint source of NaN, an error occurred:
Method requires a simulation log containing all states and bound variables. Missing variable <0.INa_h_gate.h>.

--- Attempt 72 ---
[INFO] HR fraction = 0.296, seed = 897533
/home/pgrad1/2712549y/.local/lib/python3.6/site-packages/myokit/1D_networks_of_arbitrarily_connected_cells/updated_1D/ring/NR_HR/2025_11_06/CASE1/updated_DOS_g_3.0_run2/change_g/shuffle_nopre.py:123: RuntimeWarning: overflow encountered in exp
  sigmoid1 = 1 / (1 + np.exp(-(i - i1) * sharpness))   # rising
/home/pgrad1/2712549y/.local/lib/python3.6/site-packages/myokit/1D_networks_of_arbitrarily_connected_cells/updated_1D/ring/NR_HR/2025_11_06/CASE1/updated_DOS_g_3.0_run2/change_g/shuffle_nopre.py:124: RuntimeWarning: overflow encountered in exp
  sigmoid2 = 1 / (1 + np.exp((i - i2) * sharpness))    # falling
[FAIL] Attempt 72: Numerical error found in simulation logs.
Unable to pinpoint source of NaN, an error occurred:
Method requires a simulation log containing all states and bound variables. Missing variable <0.INa_h_gate.h>.

--- Attempt 73 ---
[INFO] HR fraction = 0.292, seed = 562586
/home/pgrad1/2712549y/.local/lib/python3.6/site-packages/myokit/1D_networks_of_arbitrarily_connected_cells/updated_1D/ring/NR_HR/2025_11_06/CASE1/updated_DOS_g_3.0_run2/change_g/shuffle_nopre.py:123: RuntimeWarning: overflow encountered in exp
  sigmoid1 = 1 / (1 + np.exp(-(i - i1) * sharpness))   # rising
/home/pgrad1/2712549y/.local/lib/python3.6/site-packages/myokit/1D_networks_of_arbitrarily_connected_cells/updated_1D/ring/NR_HR/2025_11_06/CASE1/updated_DOS_g_3.0_run2/change_g/shuffle_nopre.py:124: RuntimeWarning: overflow encountered in exp
  sigmoid2 = 1 / (1 + np.exp((i - i2) * sharpness))    # falling
[FAIL] Attempt 73: Numerical error found in simulation logs.
Unable to pinpoint source of NaN, an error occurred:
Method requires a simulation log containing all states and bound variables. Missing variable <0.INa_h_gate.h>.

--- Attempt 74 ---
[INFO] HR fraction = 0.294, seed = 598535
/home/pgrad1/2712549y/.local/lib/python3.6/site-packages/myokit/1D_networks_of_arbitrarily_connected_cells/updated_1D/ring/NR_HR/2025_11_06/CASE1/updated_DOS_g_3.0_run2/change_g/shuffle_nopre.py:123: RuntimeWarning: overflow encountered in exp
  sigmoid1 = 1 / (1 + np.exp(-(i - i1) * sharpness))   # rising
/home/pgrad1/2712549y/.local/lib/python3.6/site-packages/myokit/1D_networks_of_arbitrarily_connected_cells/updated_1D/ring/NR_HR/2025_11_06/CASE1/updated_DOS_g_3.0_run2/change_g/shuffle_nopre.py:124: RuntimeWarning: overflow encountered in exp
  sigmoid2 = 1 / (1 + np.exp((i - i2) * sharpness))    # falling
[FAIL] Attempt 74: Numerical error found in simulation logs.
Unable to pinpoint source of NaN, an error occurred:
Method requires a simulation log containing all states and bound variables. Missing variable <0.INa_h_gate.h>.

--- Attempt 75 ---
[INFO] HR fraction = 0.297, seed = 58103
/home/pgrad1/2712549y/.local/lib/python3.6/site-packages/myokit/1D_networks_of_arbitrarily_connected_cells/updated_1D/ring/NR_HR/2025_11_06/CASE1/updated_DOS_g_3.0_run2/change_g/shuffle_nopre.py:123: RuntimeWarning: overflow encountered in exp
  sigmoid1 = 1 / (1 + np.exp(-(i - i1) * sharpness))   # rising
/home/pgrad1/2712549y/.local/lib/python3.6/site-packages/myokit/1D_networks_of_arbitrarily_connected_cells/updated_1D/ring/NR_HR/2025_11_06/CASE1/updated_DOS_g_3.0_run2/change_g/shuffle_nopre.py:124: RuntimeWarning: overflow encountered in exp
  sigmoid2 = 1 / (1 + np.exp((i - i2) * sharpness))    # falling
[FAIL] Attempt 75: Numerical error found in simulation logs.
Unable to pinpoint source of NaN, an error occurred:
Method requires a simulation log containing all states and bound variables. Missing variable <0.INa_h_gate.h>.

--- Attempt 76 ---
[INFO] HR fraction = 0.299, seed = 517018
/home/pgrad1/2712549y/.local/lib/python3.6/site-packages/myokit/1D_networks_of_arbitrarily_connected_cells/updated_1D/ring/NR_HR/2025_11_06/CASE1/updated_DOS_g_3.0_run2/change_g/shuffle_nopre.py:123: RuntimeWarning: overflow encountered in exp
  sigmoid1 = 1 / (1 + np.exp(-(i - i1) * sharpness))   # rising
/home/pgrad1/2712549y/.local/lib/python3.6/site-packages/myokit/1D_networks_of_arbitrarily_connected_cells/updated_1D/ring/NR_HR/2025_11_06/CASE1/updated_DOS_g_3.0_run2/change_g/shuffle_nopre.py:124: RuntimeWarning: overflow encountered in exp
  sigmoid2 = 1 / (1 + np.exp((i - i2) * sharpness))    # falling
[FAIL] Attempt 76: Numerical error found in simulation logs.
Unable to pinpoint source of NaN, an error occurred:
Method requires a simulation log containing all states and bound variables. Missing variable <0.INa_h_gate.h>.

--- Attempt 77 ---
[INFO] HR fraction = 0.296, seed = 15820
/home/pgrad1/2712549y/.local/lib/python3.6/site-packages/myokit/1D_networks_of_arbitrarily_connected_cells/updated_1D/ring/NR_HR/2025_11_06/CASE1/updated_DOS_g_3.0_run2/change_g/shuffle_nopre.py:123: RuntimeWarning: overflow encountered in exp
  sigmoid1 = 1 / (1 + np.exp(-(i - i1) * sharpness))   # rising
/home/pgrad1/2712549y/.local/lib/python3.6/site-packages/myokit/1D_networks_of_arbitrarily_connected_cells/updated_1D/ring/NR_HR/2025_11_06/CASE1/updated_DOS_g_3.0_run2/change_g/shuffle_nopre.py:124: RuntimeWarning: overflow encountered in exp
  sigmoid2 = 1 / (1 + np.exp((i - i2) * sharpness))    # falling
[FAIL] Attempt 77: Numerical error found in simulation logs.
Unable to pinpoint source of NaN, an error occurred:
Method requires a simulation log containing all states and bound variables. Missing variable <0.INa_h_gate.h>.

--- Attempt 78 ---
[INFO] HR fraction = 0.297, seed = 36728
/home/pgrad1/2712549y/.local/lib/python3.6/site-packages/myokit/1D_networks_of_arbitrarily_connected_cells/updated_1D/ring/NR_HR/2025_11_06/CASE1/updated_DOS_g_3.0_run2/change_g/shuffle_nopre.py:123: RuntimeWarning: overflow encountered in exp
  sigmoid1 = 1 / (1 + np.exp(-(i - i1) * sharpness))   # rising
/home/pgrad1/2712549y/.local/lib/python3.6/site-packages/myokit/1D_networks_of_arbitrarily_connected_cells/updated_1D/ring/NR_HR/2025_11_06/CASE1/updated_DOS_g_3.0_run2/change_g/shuffle_nopre.py:124: RuntimeWarning: overflow encountered in exp
  sigmoid2 = 1 / (1 + np.exp((i - i2) * sharpness))    # falling
[FAIL] Attempt 78: Numerical error found in simulation logs.
Unable to pinpoint source of NaN, an error occurred:
Method requires a simulation log containing all states and bound variables. Missing variable <0.INa_h_gate.h>.

--- Attempt 79 ---
[INFO] HR fraction = 0.296, seed = 17498
[SUCCESS] Simulation completed
[APD90] Mean=209.36, HR_mean=317.44, NR_mean=163.86
[INFO] Saved AP traces: ap_traces_attempt79.pdf
[INFO] Saved corona ring heatmap: ap_circular_heatmap_attempt79.png
