Error processing line 1 of /home/pgrad1/2712549y/.local/lib/python3.10/site-packages/distutils-precedence.pth:

  Traceback (most recent call last):
    File "/usr/lib/python3.10/site.py", line 192, in addpackage
      exec(line)
    File "<string>", line 1, in <module>
  AttributeError: module '_distutils_hack' has no attribute 'add_shim'

Remainder of file ignored
[1] APD90 = 93.30 ?
[2] APD90 = 161.40 ?
[3] APD90 = 85.10 ?
[4] APD90 = 92.80 ?
[5] APD90 = 1420.80 ? (1/800)
[6] APD90 = 172.60 ?
[7] APD90 = 187.10 ?
[8] APD90 = 90.80 ?
[9] APD90 = 133.90 ?
[10] APD90 = 67.80 ?
[11] APD90 = 91.80 ?
[12] APD90 = 98.50 ?
[13] APD90 = 97.80 ?
[14] APD90 = 91.40 ?
[15] APD90 = 136.60 ?
[16] APD90 = 105.40 ?
[17] APD90 = 91.80 ?
[18] APD90 = 101.90 ?
[19] APD90 = 92.40 ?
[20] APD90 = 1186.70 ?
[21] APD90 = 121.30 ?
[22] APD90 = 94.00 ?
[23] APD90 = 100.00 ?
[24] APD90 = 139.00 ?
[25] APD90 = 190.40 ?
[26] APD90 = 93.00 ?
[27] APD90 = 82.40 ?
[28] APD90 = 110.50 ?
[29] APD90 = 232.60 ?
[30] APD90 = 87.90 ?
[31] APD90 = 59.20 ?
[32] APD90 = 86.90 ?
[33] APD90 = 119.90 ?
[34] APD90 = 81.90 ?
[35] APD90 = 172.70 ?
[36] APD90 = 90.60 ?
[37] APD90 = 95.90 ?
[38] APD90 = 89.90 ?
[39] APD90 = 1420.80 ? (2/800)
[40] APD90 = 189.60 ?
[41] APD90 = 115.30 ?
[42] APD90 = 140.30 ?
[43] APD90 = 647.00 ?
[44] APD90 = 127.40 ?
[45] APD90 = 103.10 ?
[46] APD90 = 128.90 ?
[47] APD90 = 208.10 ?
[48] APD90 = 96.30 ?
[49] APD90 = 1420.80 ? (3/800)
[50] APD90 = 101.10 ?
[51] APD90 = 238.10 ?
[52] APD90 = 741.50 ?
[53] APD90 = 301.90 ?
[54] APD90 = 233.50 ?
[55] APD90 = 410.30 ?
[56] APD90 = 1420.80 ? (4/800)
[57] APD90 = 90.10 ?
[58] APD90 = 1053.30 ?
[59] APD90 = 90.00 ?
[60] APD90 = 161.70 ?
[61] APD90 = 97.10 ?
[62] APD90 = 82.30 ?
[63] APD90 = 87.20 ?
[64] APD90 = 75.90 ?
[65] APD90 = 110.30 ?
[66] APD90 = 190.80 ?
[67] APD90 = 102.90 ?
[68] APD90 = 666.00 ?
[69] APD90 = 111.80 ?
[70] APD90 = 95.70 ?
[71] APD90 = 86.20 ?
[72] APD90 = 77.40 ?
[73] APD90 = 83.10 ?
[74] APD90 = 56.50 ?
[75] APD90 = 171.90 ?
[76] APD90 = 1420.80 ? (5/800)
[77] APD90 = 112.70 ?
[78] APD90 = 150.40 ?
[79] APD90 = 58.00 ?
[80] APD90 = 795.70 ?
[81] APD90 = 80.30 ?
[82] APD90 = 178.30 ?
[83] APD90 = 388.90 ?
[84] APD90 = 100.70 ?
[85] APD90 = 61.70 ?
[86] APD90 = 195.90 ?
[87] APD90 = 122.60 ?
[88] APD90 = 83.30 ?
[89] APD90 = 528.00 ?
[90] APD90 = 93.60 ?
[91] APD90 = 206.10 ?
[92] APD90 = 1420.80 ? (6/800)
[93] APD90 = 96.30 ?
[94] APD90 = 1420.80 ? (7/800)
[95] APD90 = 1420.80 ? (8/800)
[96] APD90 = 317.90 ?
[97] APD90 = 382.20 ?
[98] APD90 = 94.30 ?
[99] APD90 = 451.60 ?
[100] APD90 = 93.70 ?
[101] APD90 = 116.30 ?
[102] APD90 = 63.80 ?
[103] APD90 = 78.30 ?
[104] APD90 = 213.30 ?
[105] APD90 = 106.50 ?
[106] APD90 = 220.30 ?
[107] APD90 = 327.90 ?
[108] APD90 = 326.70 ?
[109] APD90 = 1420.80 ? (9/800)
[110] APD90 = 1420.80 ? (10/800)
[111] APD90 = 101.80 ?
[112] APD90 = 54.80 ?
[113] APD90 = 58.80 ?
[114] APD90 = 180.30 ?
[115] APD90 = 283.50 ?
[116] APD90 = 82.40 ?
[117] APD90 = 286.40 ?
[118] APD90 = 783.30 ?
[119] APD90 = 790.80 ?
[120] APD90 = 121.40 ?
[121] APD90 = 1420.80 ? (11/800)
[122] APD90 = 297.20 ?
[123] APD90 = 200.20 ?
[124] APD90 = 157.70 ?
[125] APD90 = 133.90 ?
[126] APD90 = 99.90 ?
[127] APD90 = 271.80 ?
[128] APD90 = 109.50 ?
[129] APD90 = 390.00 ?
[130] APD90 = 94.80 ?
[131] APD90 = 151.20 ?
[132] APD90 = 96.30 ?
[133] APD90 = 210.10 ?
[134] APD90 = 109.60 ?
[135] APD90 = 173.60 ?
[136] APD90 = 193.30 ?
[137] APD90 = 71.60 ?
[138] APD90 = 112.30 ?
[139] APD90 = 122.50 ?
[140] APD90 = 132.20 ?
[141] APD90 = 327.50 ?
[142] APD90 = 200.50 ?
[143] APD90 = 1420.80 ? (12/800)
[144] APD90 = 131.30 ?
[145] APD90 = 107.70 ?
[146] APD90 = 67.90 ?
[147] APD90 = 97.40 ?
[148] APD90 = 109.40 ?
[149] APD90 = 80.70 ?
[150] APD90 = 112.40 ?
[151] APD90 = 66.40 ?
[152] APD90 = 113.40 ?
[153] APD90 = 114.00 ?
[154] APD90 = 110.00 ?
[155] APD90 = 119.30 ?
[156] APD90 = 143.30 ?
[157] APD90 = 151.90 ?
[158] APD90 = 82.70 ?
[159] APD90 = 115.40 ?
[160] APD90 = 94.80 ?
[161] APD90 = 110.10 ?
[162] APD90 = 108.10 ?
[163] APD90 = 160.20 ?
[164] APD90 = 89.40 ?
[165] APD90 = 86.40 ?
[166] APD90 = 83.80 ?
[167] APD90 = 89.70 ?
[168] APD90 = 346.00 ?
[169] APD90 = 273.40 ?
[170] APD90 = 89.90 ?
[171] APD90 = 463.00 ?
[172] APD90 = 132.40 ?
[173] APD90 = 97.20 ?
[174] APD90 = 74.90 ?
[175] APD90 = 73.10 ?
[176] APD90 = 198.70 ?
[177] APD90 = 77.00 ?
[178] APD90 = 93.40 ?
[179] APD90 = 259.30 ?
[180] APD90 = 118.60 ?
[181] APD90 = 1420.80 ? (13/800)
[182] APD90 = 68.30 ?
[183] APD90 = 99.90 ?
[184] APD90 = 146.40 ?
[185] APD90 = 89.70 ?
[186] APD90 = 89.00 ?
[187] APD90 = 99.40 ?
[188] APD90 = 90.70 ?
[189] APD90 = 137.00 ?
[190] APD90 = 143.60 ?
[191] APD90 = 105.20 ?
[192] APD90 = 93.60 ?
[193] APD90 = 105.80 ?
[194] APD90 = 114.50 ?
[195] APD90 = 145.60 ?
[196] APD90 = 63.00 ?
[197] APD90 = 165.20 ?
[198] APD90 = 268.90 ?
[199] APD90 = 114.70 ?
[200] APD90 = 126.70 ?
[201] APD90 = 168.90 ?
[202] APD90 = 1420.80 ? (14/800)
[203] APD90 = 83.30 ?
[204] APD90 = 211.70 ?
[205] APD90 = 1420.70 ? (15/800)
[206] APD90 = 106.00 ?
[207] APD90 = 563.50 ?
[208] APD90 = 77.40 ?
[209] APD90 = 153.70 ?
[210] APD90 = 95.90 ?
[211] APD90 = 57.60 ?
[212] APD90 = 60.90 ?
[213] APD90 = 191.80 ?
[214] APD90 = 194.30 ?
[215] APD90 = 1350.60 ?
[216] APD90 = 1420.80 ? (16/800)
[217] APD90 = 1420.80 ? (17/800)
[218] APD90 = 264.50 ?
[219] APD90 = 68.60 ?
[220] APD90 = 96.00 ?
[221] APD90 = 279.00 ?
[222] APD90 = 902.40 ?
[223] APD90 = 66.20 ?
[224] APD90 = 88.60 ?
[225] APD90 = 82.70 ?
[226] APD90 = 124.90 ?
[227] APD90 = 84.50 ?
[228] APD90 = 116.70 ?
[229] APD90 = 86.40 ?
[230] APD90 = 85.10 ?
[231] APD90 = 91.60 ?
[232] APD90 = 96.60 ?
[233] APD90 = 83.10 ?
[234] APD90 = 103.60 ?
[235] APD90 = 98.20 ?
[236] APD90 = 82.90 ?
[237] APD90 = 87.30 ?
[238] APD90 = 297.80 ?
[239] APD90 = 77.40 ?
[240] APD90 = 138.10 ?
[241] APD90 = 98.90 ?
[242] APD90 = 102.70 ?
[243] APD90 = 83.90 ?
[244] APD90 = 1420.80 ? (18/800)
[245] APD90 = 295.50 ?
[246] APD90 = 90.10 ?
[247] APD90 = 106.10 ?
[248] APD90 = 79.30 ?
[249] APD90 = 103.00 ?
[250] APD90 = 203.40 ?
[251] APD90 = 1420.80 ? (19/800)
[252] APD90 = 95.60 ?
[253] APD90 = 1420.80 ? (20/800)
[254] APD90 = 179.00 ?
[255] APD90 = 125.00 ?
[256] APD90 = 55.90 ?
[257] APD90 = 80.40 ?
[258] APD90 = 1420.80 ? (21/800)
[259] APD90 = 127.60 ?
[260] APD90 = 247.40 ?
[261] APD90 = 217.30 ?
[262] APD90 = 53.70 ?
[263] APD90 = 58.10 ?
[264] APD90 = 89.70 ?
[265] APD90 = 100.10 ?
[266] APD90 = 59.20 ?
[267] APD90 = 94.70 ?
[268] APD90 = 62.70 ?
[269] APD90 = 57.60 ?
[270] APD90 = 82.00 ?
[271] APD90 = 96.20 ?
[272] APD90 = 132.80 ?
[273] APD90 = 271.10 ?
[274] APD90 = 49.70 ?
[275] APD90 = 74.20 ?
[276] APD90 = 121.80 ?
[277] APD90 = 97.50 ?
[278] APD90 = 94.20 ?
[279] APD90 = 145.20 ?
[280] APD90 = 963.10 ?
[281] APD90 = 438.20 ?
[282] APD90 = 1420.80 ? (22/800)
[283] APD90 = 1420.80 ? (23/800)
[284] APD90 = 533.50 ?
[285] APD90 = 137.60 ?
[286] APD90 = 1132.90 ?
[287] APD90 = 233.40 ?
[288] APD90 = 145.10 ?
[289] APD90 = 339.10 ?
[290] APD90 = 339.40 ?
[291] APD90 = 383.00 ?
[292] APD90 = 285.90 ?
[293] APD90 = 1420.80 ? (24/800)
[294] APD90 = 64.40 ?
[295] APD90 = 150.40 ?
[296] APD90 = 139.30 ?
[297] APD90 = 1420.80 ? (25/800)
[298] APD90 = 109.90 ?
[299] APD90 = 536.40 ?
[300] APD90 = 538.40 ?
[301] APD90 = 410.30 ?
[302] APD90 = 150.90 ?
[303] APD90 = 1213.70 ?
[304] APD90 = 638.60 ?
[305] APD90 = 770.70 ?
[306] APD90 = 789.60 ?
[307] APD90 = 984.70 ?
[308] APD90 = 126.50 ?
[309] APD90 = 80.60 ?
[310] APD90 = 96.10 ?
[311] APD90 = 102.10 ?
[312] APD90 = 96.40 ?
[313] APD90 = 103.90 ?
[314] APD90 = 106.60 ?
[315] APD90 = 124.10 ?
[316] APD90 = 83.00 ?
[317] APD90 = 99.50 ?
[318] APD90 = 97.70 ?
[319] APD90 = 76.80 ?
[320] APD90 = 99.90 ?
[321] APD90 = 80.30 ?
[322] APD90 = 75.70 ?
[323] APD90 = 98.60 ?
[324] APD90 = 122.40 ?
[325] APD90 = 82.30 ?
[326] APD90 = 62.80 ?
[327] APD90 = 93.30 ?
[328] APD90 = 83.90 ?
[329] APD90 = 133.20 ?
[330] APD90 = 917.10 ?
[331] APD90 = 148.70 ?
[332] APD90 = 320.30 ?
[333] APD90 = 180.30 ?
[334] APD90 = 151.90 ?
[335] APD90 = 367.70 ?
[336] APD90 = 123.20 ?
[337] APD90 = 127.70 ?
[338] APD90 = 98.30 ?
[339] APD90 = 166.30 ?
[340] APD90 = 83.30 ?
[341] APD90 = 77.90 ?
[342] APD90 = 65.10 ?
[343] APD90 = 53.80 ?
[344] APD90 = 474.60 ?
[345] APD90 = 91.50 ?
[346] APD90 = 98.40 ?
[347] APD90 = 340.70 ?
[348] APD90 = 230.70 ?
[349] APD90 = 180.80 ?
[350] APD90 = 151.00 ?
[351] APD90 = 96.70 ?
[352] APD90 = 87.20 ?
[353] APD90 = 90.10 ?
[354] APD90 = 124.30 ?
[355] APD90 = 95.80 ?
[356] APD90 = 93.00 ?
[357] APD90 = 682.50 ?
[358] APD90 = 253.80 ?
[359] APD90 = 1131.20 ?
[360] APD90 = 939.50 ?
[361] APD90 = 112.70 ?
[362] APD90 = 135.50 ?
[363] APD90 = 182.00 ?
[364] APD90 = 53.20 ?
[365] APD90 = 202.10 ?
[366] APD90 = 410.90 ?
[367] APD90 = 582.60 ?
[368] APD90 = 71.60 ?
[369] APD90 = 1420.80 ? (26/800)
[370] APD90 = 142.70 ?
[371] APD90 = 117.60 ?
[372] APD90 = 206.00 ?
[373] APD90 = 1420.80 ? (27/800)
[374] APD90 = 119.60 ?
[375] APD90 = 1420.80 ? (28/800)
[376] APD90 = 96.00 ?
[377] APD90 = 1420.80 ? (29/800)
[378] APD90 = 130.90 ?
[379] APD90 = 190.60 ?
[380] APD90 = 1420.80 ? (30/800)
[381] APD90 = 113.50 ?
[382] APD90 = 1420.80 ? (31/800)
[383] APD90 = 393.60 ?
[384] APD90 = 1420.80 ? (32/800)
[385] APD90 = 213.60 ?
[386] APD90 = 1420.80 ? (33/800)
[387] APD90 = 236.10 ?
[388] APD90 = 1420.80 ? (34/800)
[389] APD90 = 86.50 ?
[390] APD90 = 120.70 ?
[391] APD90 = 1420.80 ? (35/800)
[392] APD90 = 88.80 ?
[393] APD90 = 957.90 ?
[394] APD90 = 110.50 ?
[395] APD90 = 1420.80 ? (36/800)
[396] APD90 = 312.00 ?
[397] APD90 = 83.90 ?
[398] APD90 = 1180.20 ?
[399] APD90 = 78.50 ?
[400] APD90 = 545.60 ?
[401] APD90 = 48.10 ?
[402] APD90 = 1420.80 ? (37/800)
[403] APD90 = 460.10 ?
[404] APD90 = 104.90 ?
[405] APD90 = 99.50 ?
[406] APD90 = 438.70 ?
[407] APD90 = 1420.80 ? (38/800)
[408] APD90 = 485.00 ?
[409] APD90 = 538.50 ?
[410] APD90 = 93.30 ?
[411] APD90 = 642.90 ?
[412] APD90 = 195.30 ?
[413] APD90 = 105.10 ?
[414] APD90 = 74.60 ?
[415] APD90 = 190.00 ?
[416] APD90 = 356.20 ?
[417] APD90 = 1420.80 ? (39/800)
[418] APD90 = 1420.80 ? (40/800)
[419] APD90 = 101.80 ?
[420] APD90 = 54.60 ?
[421] APD90 = 58.90 ?
[422] APD90 = 189.50 ?
[423] APD90 = 281.00 ?
[424] APD90 = 103.00 ?
[425] APD90 = 448.10 ?
[426] APD90 = 768.30 ?
[427] APD90 = 804.70 ?
[428] APD90 = 121.00 ?
[429] APD90 = 1420.80 ? (41/800)
[430] APD90 = 304.40 ?
[431] APD90 = 198.40 ?
[432] APD90 = 157.80 ?
[433] APD90 = 134.40 ?
[434] APD90 = 100.00 ?
[435] APD90 = 271.10 ?
[436] APD90 = 181.40 ?
[437] APD90 = 79.40 ?
[438] APD90 = 97.50 ?
[439] APD90 = 123.00 ?
[440] APD90 = 136.00 ?
[441] APD90 = 721.60 ?
[442] APD90 = 152.20 ?
[443] APD90 = 366.00 ?
[444] APD90 = 73.90 ?
[445] APD90 = 102.00 ?
[446] APD90 = 208.10 ?
[447] APD90 = 117.00 ?
[448] APD90 = 458.20 ?
[449] APD90 = 185.90 ?
[450] APD90 = 76.70 ?
[451] APD90 = 157.10 ?
[452] APD90 = 126.30 ?
[453] APD90 = 113.90 ?
[454] APD90 = 73.60 ?
[455] APD90 = 209.30 ?
[456] APD90 = 79.80 ?
[457] APD90 = 147.30 ?
[458] APD90 = 134.40 ?
[459] APD90 = 198.90 ?
[460] APD90 = 86.60 ?
[461] APD90 = 138.40 ?
[462] APD90 = 152.10 ?
[463] APD90 = 508.00 ?
[464] APD90 = 117.90 ?
[465] APD90 = 132.40 ?
[466] APD90 = 96.70 ?
[467] APD90 = 100.10 ?
[468] APD90 = 198.70 ?
[469] APD90 = 198.10 ?
[470] APD90 = 110.00 ?
[471] APD90 = 87.30 ?
[472] APD90 = 182.90 ?
[473] APD90 = 97.90 ?
[474] APD90 = 71.60 ?
[475] APD90 = 111.00 ?
[476] APD90 = 106.00 ?
[477] APD90 = 89.80 ?
[478] APD90 = 92.70 ?
[479] APD90 = 143.20 ?
[480] APD90 = 130.00 ?
[481] APD90 = 119.20 ?
[482] APD90 = 94.00 ?
[483] APD90 = 95.30 ?
[484] APD90 = 103.30 ?
[485] APD90 = 77.10 ?
[486] APD90 = 72.40 ?
[487] APD90 = 96.90 ?
[488] APD90 = 542.60 ?
[489] APD90 = 86.70 ?
[490] APD90 = 66.80 ?
[491] APD90 = 260.60 ?
[492] APD90 = 132.10 ?
[493] APD90 = 136.90 ?
[494] APD90 = 122.10 ?
[495] APD90 = 86.40 ?
[496] APD90 = 109.80 ?
[497] APD90 = 124.40 ?
[498] APD90 = 86.20 ?
[499] APD90 = 67.30 ?
[500] APD90 = 102.70 ?
[501] APD90 = 126.30 ?
[502] APD90 = 298.80 ?
[503] APD90 = 102.80 ?
[504] APD90 = 62.50 ?
[505] APD90 = 102.60 ?
[506] APD90 = 1420.80 ? (42/800)
[507] APD90 = 92.40 ?
[508] APD90 = 100.10 ?
[509] APD90 = 121.80 ?
[510] APD90 = 117.40 ?
[511] APD90 = 1420.80 ? (43/800)
[512] APD90 = 90.10 ?
[513] APD90 = 1420.80 ? (44/800)
[514] APD90 = 104.00 ?
[515] APD90 = 335.40 ?
[516] APD90 = 84.70 ?
[517] APD90 = 110.00 ?
[518] APD90 = 103.80 ?
[519] APD90 = 92.70 ?
[520] APD90 = 93.90 ?
[521] APD90 = 103.10 ?
[522] APD90 = 87.80 ?
[523] APD90 = 101.10 ?
[524] APD90 = 276.40 ?
[525] APD90 = 162.20 ?
[526] APD90 = 69.30 ?
[527] APD90 = 88.70 ?
[528] APD90 = 66.20 ?
[529] APD90 = 58.90 ?
[530] APD90 = 1420.80 ? (45/800)
[531] APD90 = 342.60 ?
[532] APD90 = 87.20 ?
[533] APD90 = 1420.80 ? (46/800)
[534] APD90 = 1290.40 ?
[535] APD90 = 1420.80 ? (47/800)
[536] APD90 = 129.50 ?
[537] APD90 = 89.10 ?
[538] APD90 = 116.70 ?
[539] APD90 = 1420.80 ? (48/800)
[540] APD90 = 67.20 ?
[541] APD90 = 104.30 ?
[542] APD90 = 219.10 ?
[543] APD90 = 65.50 ?
[544] APD90 = 77.70 ?
[545] APD90 = 93.70 ?
[546] APD90 = 84.20 ?
[547] APD90 = 546.80 ?
[548] APD90 = 139.10 ?
[549] APD90 = 124.50 ?
[550] APD90 = 159.20 ?
[551] APD90 = 74.20 ?
[552] APD90 = 83.00 ?
[553] APD90 = 141.00 ?
[554] APD90 = 102.30 ?
[555] APD90 = 102.50 ?
[556] APD90 = 61.00 ?
[557] APD90 = 267.70 ?
[558] APD90 = 124.20 ?
[559] APD90 = 55.50 ?
[560] APD90 = 56.70 ?
[561] APD90 = 109.80 ?
[562] APD90 = 83.00 ?
[563] APD90 = 101.30 ?
[564] APD90 = 104.30 ?
[565] APD90 = 89.60 ?
[566] APD90 = 89.00 ?
[567] APD90 = 56.10 ?
[568] APD90 = 92.90 ?
[569] APD90 = 100.20 ?
[570] APD90 = 74.60 ?
[571] APD90 = 82.00 ?
[572] APD90 = 148.70 ?
[573] APD90 = 75.00 ?
[574] APD90 = 137.20 ?
[575] APD90 = 78.60 ?
[576] APD90 = 110.90 ?
[577] APD90 = 1420.80 ? (49/800)
[578] APD90 = 90.60 ?
[579] APD90 = 89.70 ?
[580] APD90 = 252.60 ?
[581] APD90 = 113.60 ?
[582] APD90 = 88.70 ?
[583] APD90 = 97.00 ?
[584] APD90 = 63.80 ?
[585] APD90 = 114.40 ?
[586] APD90 = 85.20 ?
[587] APD90 = 119.30 ?
[588] APD90 = 84.10 ?
[589] APD90 = 93.20 ?
[590] APD90 = 58.70 ?
[591] APD90 = 54.90 ?
[592] APD90 = 90.50 ?
[593] APD90 = 149.00 ?
[594] APD90 = 93.90 ?
[595] APD90 = 210.20 ?
[596] APD90 = 97.50 ?
[597] APD90 = 1420.80 ? (50/800)
[598] APD90 = 81.50 ?
[599] APD90 = 67.70 ?
[600] APD90 = 56.90 ?
[601] APD90 = 93.50 ?
[602] APD90 = 107.40 ?
[603] APD90 = 70.20 ?
[604] APD90 = 204.30 ?
[605] APD90 = 71.40 ?
[606] APD90 = 75.20 ?
[607] APD90 = 76.90 ?
[608] APD90 = 116.90 ?
[609] APD90 = 69.90 ?
[610] APD90 = 81.90 ?
[611] APD90 = 76.30 ?
[612] APD90 = 72.90 ?
[613] APD90 = 100.50 ?
[614] APD90 = 77.90 ?
[615] APD90 = 1420.80 ? (51/800)
[616] APD90 = 122.40 ?
[617] APD90 = 61.50 ?
[618] APD90 = 108.40 ?
[619] APD90 = 146.50 ?
[620] APD90 = 512.00 ?
[621] APD90 = 494.00 ?
[622] APD90 = 128.60 ?
[623] APD90 = 489.80 ?
[624] APD90 = 146.90 ?
[625] APD90 = 409.00 ?
[626] APD90 = 134.00 ?
[627] APD90 = 256.30 ?
[628] APD90 = 544.60 ?
[629] APD90 = 1420.80 ? (52/800)
[630] APD90 = 431.10 ?
[631] APD90 = 112.40 ?
[632] APD90 = 497.20 ?
[633] APD90 = 473.40 ?
[634] APD90 = 362.30 ?
[635] APD90 = 53.00 ?
[636] APD90 = 118.00 ?
[637] APD90 = 850.40 ?
[638] APD90 = 794.00 ?
[639] APD90 = 781.50 ?
[640] APD90 = 64.40 ?
[641] APD90 = 523.20 ?
[642] APD90 = 1373.90 ?
[643] APD90 = 1420.80 ? (53/800)
[644] APD90 = 158.10 ?
[645] APD90 = 122.00 ?
[646] APD90 = 184.20 ?
[647] APD90 = 267.80 ?
[648] APD90 = 668.30 ?
[649] APD90 = 602.60 ?
[650] APD90 = 217.00 ?
[651] APD90 = 203.50 ?
[652] APD90 = 854.10 ?
[653] APD90 = 622.00 ?
[654] APD90 = 185.80 ?
[655] APD90 = 128.20 ?
[656] APD90 = 322.90 ?
[657] APD90 = 667.30 ?
[658] APD90 = 128.80 ?
[659] APD90 = 178.10 ?
[660] APD90 = 779.70 ?
[661] APD90 = 1032.80 ?
[662] APD90 = 126.30 ?
[663] APD90 = 186.50 ?
[664] APD90 = 147.20 ?
[665] APD90 = 167.30 ?
[666] APD90 = 147.50 ?
[667] APD90 = 117.40 ?
[668] APD90 = 1420.80 ? (54/800)
[669] APD90 = 93.80 ?
[670] APD90 = 79.20 ?
[671] APD90 = 76.30 ?
[672] APD90 = 1420.80 ? (55/800)
[673] APD90 = 102.50 ?
[674] APD90 = 77.00 ?
[675] APD90 = 605.40 ?
[676] APD90 = 82.70 ?
[677] APD90 = 68.50 ?
[678] APD90 = 96.20 ?
[679] APD90 = 56.90 ?
[680] APD90 = 612.60 ?
[681] APD90 = 186.30 ?
[682] APD90 = 301.30 ?
[683] APD90 = 94.90 ?
[684] APD90 = 156.70 ?
[685] APD90 = 125.10 ?
[686] APD90 = 1420.80 ? (56/800)
[687] APD90 = 133.70 ?
[688] APD90 = 114.10 ?
[689] APD90 = 116.30 ?
[690] APD90 = 70.50 ?
[691] APD90 = 80.40 ?
[692] APD90 = 1420.80 ? (57/800)
[693] APD90 = 93.60 ?
[694] APD90 = 72.70 ?
[695] APD90 = 105.00 ?
[696] APD90 = 92.90 ?
[697] APD90 = 211.00 ?
[698] APD90 = 145.50 ?
[699] APD90 = 85.20 ?
[700] APD90 = 55.80 ?
[701] APD90 = 575.60 ?
[702] APD90 = 172.40 ?
[703] APD90 = 119.00 ?
[704] APD90 = 89.80 ?
[705] APD90 = 166.70 ?
[706] APD90 = 638.90 ?
[707] APD90 = 109.90 ?
[708] APD90 = 155.40 ?
[709] APD90 = 354.20 ?
[710] APD90 = 853.00 ?
[711] APD90 = 131.10 ?
[712] APD90 = 159.10 ?
[713] APD90 = 921.80 ?
[714] APD90 = 120.40 ?
[715] APD90 = 153.60 ?
[716] APD90 = 54.90 ?
[717] APD90 = 140.80 ?
[718] APD90 = 127.40 ?
[719] APD90 = 85.70 ?
[720] APD90 = 567.20 ?
[721] APD90 = 164.70 ?
[722] APD90 = 207.00 ?
[723] APD90 = 1283.20 ?
[724] APD90 = 59.50 ?
[725] APD90 = 75.90 ?
[726] APD90 = 277.50 ?
[727] APD90 = 94.20 ?
[728] APD90 = 101.20 ?
[729] APD90 = 192.10 ?
[730] APD90 = 213.10 ?
[731] APD90 = 128.60 ?
[732] APD90 = 76.30 ?
[733] APD90 = 427.10 ?
[734] APD90 = 80.30 ?
[735] APD90 = 72.20 ?
[736] APD90 = 275.10 ?
[737] APD90 = 67.50 ?
[738] APD90 = 89.60 ?
[739] APD90 = 65.50 ?
[740] APD90 = 105.10 ?
[741] APD90 = 93.40 ?
[742] APD90 = 90.00 ?
[743] APD90 = 63.70 ?
[744] APD90 = 207.40 ?
[745] APD90 = 100.60 ?
[746] APD90 = 86.00 ?
[747] APD90 = 106.60 ?
[748] APD90 = 83.10 ?
[749] APD90 = 813.70 ?
[750] APD90 = 78.50 ?
[751] APD90 = 107.00 ?
[752] APD90 = 100.30 ?
[753] APD90 = 97.70 ?
[754] APD90 = 88.80 ?
[755] APD90 = 306.00 ?
[756] APD90 = 106.00 ?
[757] APD90 = 102.80 ?
[758] APD90 = 105.20 ?
[759] APD90 = 1390.40 ?
[760] APD90 = 132.90 ?
[761] APD90 = 109.70 ?
[762] APD90 = 123.50 ?
[763] APD90 = 64.30 ?
[764] APD90 = 953.20 ?
[765] APD90 = 374.80 ?
[766] APD90 = 90.30 ?
[767] APD90 = 65.30 ?
[768] APD90 = 117.70 ?
[769] APD90 = 69.00 ?
[770] APD90 = 57.10 ?
[771] APD90 = 77.10 ?
[772] APD90 = 112.40 ?
[773] APD90 = 48.30 ?
[774] APD90 = 63.70 ?
[775] APD90 = 1420.80 ? (58/800)
[776] APD90 = 83.20 ?
[777] APD90 = 58.90 ?
[778] APD90 = 53.20 ?
[779] APD90 = 55.00 ?
[780] APD90 = 108.20 ?
[781] APD90 = 76.70 ?
[782] APD90 = 262.50 ?
[783] APD90 = 309.40 ?
[784] APD90 = 161.20 ?
[785] APD90 = 316.50 ?
[786] APD90 = 766.70 ?
[787] APD90 = 1420.80 ? (59/800)
[788] APD90 = 164.30 ?
[789] APD90 = 104.00 ?
[790] APD90 = 683.10 ?
[791] APD90 = 475.60 ?
[792] APD90 = 272.30 ?
[793] APD90 = 155.70 ?
[794] APD90 = 644.50 ?
[795] APD90 = 503.40 ?
[796] APD90 = 1420.80 ? (60/800)
[797] APD90 = 124.80 ?
[798] APD90 = 151.50 ?
[799] APD90 = 168.50 ?
[800] APD90 = 263.40 ?
[801] APD90 = 83.10 ?
[802] APD90 = 141.10 ?
[803] APD90 = 249.20 ?
[804] APD90 = 771.10 ?
[805] APD90 = 571.30 ?
[806] APD90 = 609.90 ?
[807] APD90 = 1118.50 ?
[808] APD90 = 128.90 ?
[809] APD90 = 362.30 ?
[810] APD90 = 109.30 ?
[811] APD90 = 111.50 ?
[812] APD90 = 981.30 ?
[813] APD90 = 265.60 ?
[814] APD90 = 68.80 ?
[815] APD90 = 495.30 ?
[816] APD90 = 225.80 ?
[817] APD90 = 306.10 ?
[818] APD90 = 285.50 ?
[819] APD90 = 526.00 ?
[820] APD90 = 159.20 ?
[821] APD90 = 531.00 ?
[822] APD90 = 144.10 ?
[823] APD90 = 302.00 ?
[824] APD90 = 1420.80 ? (61/800)
[825] APD90 = 96.10 ?
[826] APD90 = 114.90 ?
[827] APD90 = 1420.80 ? (62/800)
[828] APD90 = 316.70 ?
[829] APD90 = 156.70 ?
[830] APD90 = 115.50 ?
[831] APD90 = 60.10 ?

? Collected 62 valid samples after 831 total attempts.

Saved parameter sets to 'apd90_gt400_params.csv'
